{"/Users/sineideferreira/Virtualenvs/instabuyModules/dist/index.js":{"path":"/Users/sineideferreira/Virtualenvs/instabuyModules/dist/index.js","s":{"1":1,"2":22,"3":41,"4":41,"5":1,"6":1,"7":1,"8":1,"9":1,"10":1,"11":1,"12":1,"13":1,"14":1,"15":1,"16":1,"17":1,"18":1,"19":1,"20":1,"21":1,"22":1,"23":1,"24":1,"25":1,"26":1},"b":{"1":[41,0]},"f":{"1":22},"fnMap":{"1":{"name":"__export","line":2,"loc":{"start":{"line":2,"column":0},"end":{"line":2,"column":21}}}},"statementMap":{"1":{"start":{"line":2,"column":0},"end":{"line":4,"column":1}},"2":{"start":{"line":3,"column":4},"end":{"line":3,"column":71}},"3":{"start":{"line":3,"column":21},"end":{"line":3,"column":71}},"4":{"start":{"line":3,"column":53},"end":{"line":3,"column":71}},"5":{"start":{"line":6,"column":0},"end":{"line":6,"column":51}},"6":{"start":{"line":7,"column":0},"end":{"line":7,"column":48}},"7":{"start":{"line":8,"column":0},"end":{"line":8,"column":52}},"8":{"start":{"line":9,"column":0},"end":{"line":9,"column":49}},"9":{"start":{"line":10,"column":0},"end":{"line":10,"column":55}},"10":{"start":{"line":11,"column":0},"end":{"line":11,"column":50}},"11":{"start":{"line":12,"column":0},"end":{"line":12,"column":52}},"12":{"start":{"line":13,"column":0},"end":{"line":13,"column":48}},"13":{"start":{"line":14,"column":0},"end":{"line":14,"column":58}},"14":{"start":{"line":15,"column":0},"end":{"line":15,"column":50}},"15":{"start":{"line":16,"column":0},"end":{"line":16,"column":48}},"16":{"start":{"line":17,"column":0},"end":{"line":17,"column":50}},"17":{"start":{"line":19,"column":0},"end":{"line":19,"column":56}},"18":{"start":{"line":20,"column":0},"end":{"line":20,"column":61}},"19":{"start":{"line":21,"column":0},"end":{"line":21,"column":53}},"20":{"start":{"line":22,"column":0},"end":{"line":22,"column":56}},"21":{"start":{"line":23,"column":0},"end":{"line":23,"column":53}},"22":{"start":{"line":25,"column":0},"end":{"line":25,"column":57}},"23":{"start":{"line":26,"column":0},"end":{"line":26,"column":52}},"24":{"start":{"line":27,"column":0},"end":{"line":27,"column":55}},"25":{"start":{"line":28,"column":0},"end":{"line":28,"column":53}},"26":{"start":{"line":29,"column":0},"end":{"line":29,"column":52}}},"branchMap":{"1":{"line":3,"type":"if","locations":[{"start":{"line":3,"column":21},"end":{"line":3,"column":21}},{"start":{"line":3,"column":21},"end":{"line":3,"column":21}}]}}},"/Users/sineideferreira/Virtualenvs/instabuyModules/dist/shared/models/address.model.js":{"path":"/Users/sineideferreira/Virtualenvs/instabuyModules/dist/shared/models/address.model.js","s":{"1":1,"2":1,"3":0,"4":0,"5":0,"6":0,"7":1,"8":1,"9":1,"10":1,"11":1,"12":1,"13":1,"14":1,"15":1,"16":1,"17":1,"18":1,"19":1,"20":1,"21":1,"22":0,"23":0,"24":0,"25":0,"26":0,"27":0,"28":0,"29":0,"30":0,"31":0,"32":0,"33":1,"34":1},"b":{"1":[1,1,1],"2":[1,0,0,0],"3":[0,0],"4":[0,1],"5":[1,0],"6":[1,1]},"f":{"1":1,"2":0,"3":0,"4":1,"5":1,"6":1,"7":1,"8":0},"fnMap":{"1":{"name":"(anonymous_1)","line":2,"loc":{"start":{"line":2,"column":45},"end":{"line":2,"column":57}}},"2":{"name":"(anonymous_2)","line":4,"loc":{"start":{"line":4,"column":47},"end":{"line":4,"column":63}}},"3":{"name":"(anonymous_3)","line":5,"loc":{"start":{"line":5,"column":8},"end":{"line":5,"column":24}}},"4":{"name":"(anonymous_4)","line":6,"loc":{"start":{"line":6,"column":11},"end":{"line":6,"column":27}}},"5":{"name":"__","line":8,"loc":{"start":{"line":8,"column":8},"end":{"line":8,"column":22}}},"6":{"name":"(anonymous_6)","line":13,"loc":{"start":{"line":13,"column":17},"end":{"line":13,"column":35}}},"7":{"name":"IBAddress","line":15,"loc":{"start":{"line":15,"column":4},"end":{"line":15,"column":29}}},"8":{"name":"(anonymous_8)","line":21,"loc":{"start":{"line":21,"column":43},"end":{"line":21,"column":55}}}},"statementMap":{"1":{"start":{"line":2,"column":0},"end":{"line":11,"column":5}},"2":{"start":{"line":3,"column":4},"end":{"line":5,"column":83}},"3":{"start":{"line":4,"column":65},"end":{"line":4,"column":81}},"4":{"start":{"line":5,"column":26},"end":{"line":5,"column":80}},"5":{"start":{"line":5,"column":43},"end":{"line":5,"column":80}},"6":{"start":{"line":5,"column":68},"end":{"line":5,"column":80}},"7":{"start":{"line":6,"column":4},"end":{"line":10,"column":6}},"8":{"start":{"line":7,"column":8},"end":{"line":7,"column":28}},"9":{"start":{"line":8,"column":8},"end":{"line":8,"column":47}},"10":{"start":{"line":8,"column":24},"end":{"line":8,"column":45}},"11":{"start":{"line":9,"column":8},"end":{"line":9,"column":93}},"12":{"start":{"line":12,"column":0},"end":{"line":12,"column":47}},"13":{"start":{"line":13,"column":0},"end":{"line":35,"column":28}},"14":{"start":{"line":14,"column":4},"end":{"line":14,"column":33}},"15":{"start":{"line":15,"column":4},"end":{"line":20,"column":5}},"16":{"start":{"line":16,"column":8},"end":{"line":16,"column":43}},"17":{"start":{"line":16,"column":31},"end":{"line":16,"column":41}},"18":{"start":{"line":17,"column":8},"end":{"line":17,"column":46}},"19":{"start":{"line":18,"column":8},"end":{"line":18,"column":51}},"20":{"start":{"line":19,"column":8},"end":{"line":19,"column":21}},"21":{"start":{"line":21,"column":4},"end":{"line":33,"column":6}},"22":{"start":{"line":22,"column":8},"end":{"line":22,"column":33}},"23":{"start":{"line":23,"column":8},"end":{"line":23,"column":46}},"24":{"start":{"line":24,"column":8},"end":{"line":24,"column":50}},"25":{"start":{"line":25,"column":8},"end":{"line":25,"column":50}},"26":{"start":{"line":26,"column":8},"end":{"line":26,"column":46}},"27":{"start":{"line":27,"column":8},"end":{"line":27,"column":44}},"28":{"start":{"line":28,"column":8},"end":{"line":28,"column":60}},"29":{"start":{"line":29,"column":8},"end":{"line":29,"column":48}},"30":{"start":{"line":30,"column":8},"end":{"line":30,"column":62}},"31":{"start":{"line":31,"column":8},"end":{"line":31,"column":56}},"32":{"start":{"line":32,"column":8},"end":{"line":32,"column":31}},"33":{"start":{"line":34,"column":4},"end":{"line":34,"column":21}},"34":{"start":{"line":36,"column":0},"end":{"line":36,"column":30}}},"branchMap":{"1":{"line":2,"type":"binary-expr","locations":[{"start":{"line":2,"column":17},"end":{"line":2,"column":21}},{"start":{"line":2,"column":25},"end":{"line":2,"column":39}},{"start":{"line":2,"column":44},"end":{"line":11,"column":4}}]},"2":{"line":3,"type":"binary-expr","locations":[{"start":{"line":3,"column":24},"end":{"line":3,"column":45}},{"start":{"line":4,"column":9},"end":{"line":4,"column":43}},{"start":{"line":4,"column":47},"end":{"line":4,"column":83}},{"start":{"line":5,"column":8},"end":{"line":5,"column":82}}]},"3":{"line":5,"type":"if","locations":[{"start":{"line":5,"column":43},"end":{"line":5,"column":43}},{"start":{"line":5,"column":43},"end":{"line":5,"column":43}}]},"4":{"line":9,"type":"cond-expr","locations":[{"start":{"line":9,"column":35},"end":{"line":9,"column":51}},{"start":{"line":9,"column":55},"end":{"line":9,"column":91}}]},"5":{"line":16,"type":"if","locations":[{"start":{"line":16,"column":8},"end":{"line":16,"column":8}},{"start":{"line":16,"column":8},"end":{"line":16,"column":8}}]},"6":{"line":17,"type":"binary-expr","locations":[{"start":{"line":17,"column":20},"end":{"line":17,"column":37}},{"start":{"line":17,"column":41},"end":{"line":17,"column":45}}]}}},"/Users/sineideferreira/Virtualenvs/instabuyModules/dist/shared/models/object.model.js":{"path":"/Users/sineideferreira/Virtualenvs/instabuyModules/dist/shared/models/object.model.js","s":{"1":1,"2":1,"3":17,"4":17,"5":17,"6":0,"7":1,"8":7,"9":0,"10":7,"11":1,"12":0,"13":1,"14":1},"b":{"1":[17,0],"2":[0,17]},"f":{"1":1,"2":17,"3":7,"4":0},"fnMap":{"1":{"name":"(anonymous_1)","line":2,"loc":{"start":{"line":2,"column":16},"end":{"line":2,"column":28}}},"2":{"name":"IBObject","line":3,"loc":{"start":{"line":3,"column":4},"end":{"line":3,"column":28}}},"3":{"name":"(anonymous_3)","line":9,"loc":{"start":{"line":9,"column":33},"end":{"line":9,"column":49}}},"4":{"name":"(anonymous_4)","line":15,"loc":{"start":{"line":15,"column":29},"end":{"line":15,"column":46}}}},"statementMap":{"1":{"start":{"line":2,"column":0},"end":{"line":19,"column":5}},"2":{"start":{"line":3,"column":4},"end":{"line":8,"column":5}},"3":{"start":{"line":4,"column":8},"end":{"line":5,"column":22}},"4":{"start":{"line":5,"column":12},"end":{"line":5,"column":22}},"5":{"start":{"line":6,"column":8},"end":{"line":7,"column":31}},"6":{"start":{"line":7,"column":12},"end":{"line":7,"column":31}},"7":{"start":{"line":9,"column":4},"end":{"line":14,"column":6}},"8":{"start":{"line":10,"column":8},"end":{"line":12,"column":9}},"9":{"start":{"line":11,"column":12},"end":{"line":11,"column":38}},"10":{"start":{"line":13,"column":8},"end":{"line":13,"column":25}},"11":{"start":{"line":15,"column":4},"end":{"line":17,"column":6}},"12":{"start":{"line":16,"column":8},"end":{"line":16,"column":32}},"13":{"start":{"line":18,"column":4},"end":{"line":18,"column":20}},"14":{"start":{"line":20,"column":0},"end":{"line":20,"column":28}}},"branchMap":{"1":{"line":4,"type":"if","locations":[{"start":{"line":4,"column":8},"end":{"line":4,"column":8}},{"start":{"line":4,"column":8},"end":{"line":4,"column":8}}]},"2":{"line":6,"type":"if","locations":[{"start":{"line":6,"column":8},"end":{"line":6,"column":8}},{"start":{"line":6,"column":8},"end":{"line":6,"column":8}}]}}},"/Users/sineideferreira/Virtualenvs/instabuyModules/dist/shared/models/cart.model.js":{"path":"/Users/sineideferreira/Virtualenvs/instabuyModules/dist/shared/models/cart.model.js","s":{"1":1,"2":1,"3":0,"4":0,"5":0,"6":0,"7":1,"8":1,"9":1,"10":1,"11":1,"12":1,"13":1,"14":1,"15":1,"16":1,"17":1,"18":1,"19":1,"20":1,"21":1,"22":1,"23":0,"24":0,"25":0,"26":0,"27":0,"28":0,"29":0,"30":0,"31":0,"32":0,"33":1,"34":0,"35":0,"36":0,"37":0,"38":0,"39":0,"40":0,"41":0,"42":1,"43":0,"44":0,"45":0,"46":0,"47":0,"48":0,"49":0,"50":0,"51":0,"52":1,"53":0,"54":0,"55":0,"56":0,"57":0,"58":0,"59":0,"60":0,"61":1,"62":0,"63":0,"64":0,"65":1,"66":0,"67":1,"68":0,"69":0,"70":0,"71":0,"72":0,"73":0,"74":0,"75":0,"76":1,"77":1},"b":{"1":[1,1,1],"2":[1,0,0,0],"3":[0,0],"4":[0,1],"5":[1,1],"6":[0,0],"7":[0,0,0],"8":[0,0],"9":[0,0],"10":[0,0],"11":[0,0],"12":[0,0],"13":[0,0],"14":[0,0],"15":[0,0],"16":[0,0],"17":[0,0],"18":[0,0],"19":[0,0],"20":[0,0]},"f":{"1":1,"2":0,"3":0,"4":1,"5":1,"6":1,"7":1,"8":0,"9":0,"10":0,"11":0,"12":0,"13":0,"14":0,"15":0,"16":0},"fnMap":{"1":{"name":"(anonymous_1)","line":2,"loc":{"start":{"line":2,"column":45},"end":{"line":2,"column":57}}},"2":{"name":"(anonymous_2)","line":4,"loc":{"start":{"line":4,"column":47},"end":{"line":4,"column":63}}},"3":{"name":"(anonymous_3)","line":5,"loc":{"start":{"line":5,"column":8},"end":{"line":5,"column":24}}},"4":{"name":"(anonymous_4)","line":6,"loc":{"start":{"line":6,"column":11},"end":{"line":6,"column":27}}},"5":{"name":"__","line":8,"loc":{"start":{"line":8,"column":8},"end":{"line":8,"column":22}}},"6":{"name":"(anonymous_6)","line":15,"loc":{"start":{"line":15,"column":14},"end":{"line":15,"column":32}}},"7":{"name":"IBCart","line":17,"loc":{"start":{"line":17,"column":4},"end":{"line":17,"column":22}}},"8":{"name":"(anonymous_8)","line":23,"loc":{"start":{"line":23,"column":31},"end":{"line":23,"column":47}}},"9":{"name":"(anonymous_9)","line":37,"loc":{"start":{"line":37,"column":32},"end":{"line":37,"column":44}}},"10":{"name":"(anonymous_10)","line":41,"loc":{"start":{"line":41,"column":30},"end":{"line":41,"column":49}}},"11":{"name":"(anonymous_11)","line":44,"loc":{"start":{"line":44,"column":26},"end":{"line":44,"column":41}}},"12":{"name":"(anonymous_12)","line":49,"loc":{"start":{"line":49,"column":35},"end":{"line":49,"column":47}}},"13":{"name":"(anonymous_13)","line":60,"loc":{"start":{"line":60,"column":32},"end":{"line":60,"column":44}}},"14":{"name":"(anonymous_14)","line":70,"loc":{"start":{"line":70,"column":29},"end":{"line":70,"column":41}}},"15":{"name":"(anonymous_15)","line":75,"loc":{"start":{"line":75,"column":37},"end":{"line":75,"column":49}}},"16":{"name":"(anonymous_16)","line":78,"loc":{"start":{"line":78,"column":49},"end":{"line":78,"column":61}}}},"statementMap":{"1":{"start":{"line":2,"column":0},"end":{"line":11,"column":5}},"2":{"start":{"line":3,"column":4},"end":{"line":5,"column":83}},"3":{"start":{"line":4,"column":65},"end":{"line":4,"column":81}},"4":{"start":{"line":5,"column":26},"end":{"line":5,"column":80}},"5":{"start":{"line":5,"column":43},"end":{"line":5,"column":80}},"6":{"start":{"line":5,"column":68},"end":{"line":5,"column":80}},"7":{"start":{"line":6,"column":4},"end":{"line":10,"column":6}},"8":{"start":{"line":7,"column":8},"end":{"line":7,"column":28}},"9":{"start":{"line":8,"column":8},"end":{"line":8,"column":47}},"10":{"start":{"line":8,"column":24},"end":{"line":8,"column":45}},"11":{"start":{"line":9,"column":8},"end":{"line":9,"column":93}},"12":{"start":{"line":12,"column":0},"end":{"line":12,"column":47}},"13":{"start":{"line":13,"column":0},"end":{"line":13,"column":49}},"14":{"start":{"line":14,"column":0},"end":{"line":14,"column":57}},"15":{"start":{"line":15,"column":0},"end":{"line":92,"column":28}},"16":{"start":{"line":16,"column":4},"end":{"line":16,"column":30}},"17":{"start":{"line":17,"column":4},"end":{"line":22,"column":5}},"18":{"start":{"line":18,"column":8},"end":{"line":18,"column":46}},"19":{"start":{"line":19,"column":8},"end":{"line":19,"column":28}},"20":{"start":{"line":20,"column":8},"end":{"line":20,"column":24}},"21":{"start":{"line":21,"column":8},"end":{"line":21,"column":21}},"22":{"start":{"line":23,"column":4},"end":{"line":36,"column":6}},"23":{"start":{"line":24,"column":8},"end":{"line":24,"column":25}},"24":{"start":{"line":25,"column":8},"end":{"line":25,"column":36}},"25":{"start":{"line":26,"column":8},"end":{"line":26,"column":32}},"26":{"start":{"line":27,"column":8},"end":{"line":28,"column":19}},"27":{"start":{"line":28,"column":12},"end":{"line":28,"column":19}},"28":{"start":{"line":29,"column":8},"end":{"line":31,"column":9}},"29":{"start":{"line":30,"column":12},"end":{"line":30,"column":80}},"30":{"start":{"line":32,"column":8},"end":{"line":34,"column":9}},"31":{"start":{"line":33,"column":12},"end":{"line":33,"column":80}},"32":{"start":{"line":35,"column":8},"end":{"line":35,"column":41}},"33":{"start":{"line":37,"column":4},"end":{"line":48,"column":6}},"34":{"start":{"line":38,"column":8},"end":{"line":39,"column":21}},"35":{"start":{"line":39,"column":12},"end":{"line":39,"column":21}},"36":{"start":{"line":40,"column":8},"end":{"line":40,"column":20}},"37":{"start":{"line":41,"column":8},"end":{"line":43,"column":11}},"38":{"start":{"line":42,"column":12},"end":{"line":42,"column":83}},"39":{"start":{"line":44,"column":8},"end":{"line":46,"column":11}},"40":{"start":{"line":45,"column":12},"end":{"line":45,"column":39}},"41":{"start":{"line":47,"column":8},"end":{"line":47,"column":19}},"42":{"start":{"line":49,"column":4},"end":{"line":59,"column":6}},"43":{"start":{"line":50,"column":8},"end":{"line":51,"column":21}},"44":{"start":{"line":51,"column":12},"end":{"line":51,"column":21}},"45":{"start":{"line":52,"column":8},"end":{"line":53,"column":21}},"46":{"start":{"line":53,"column":12},"end":{"line":53,"column":21}},"47":{"start":{"line":54,"column":8},"end":{"line":55,"column":41}},"48":{"start":{"line":55,"column":12},"end":{"line":55,"column":41}},"49":{"start":{"line":56,"column":8},"end":{"line":57,"column":21}},"50":{"start":{"line":57,"column":12},"end":{"line":57,"column":21}},"51":{"start":{"line":58,"column":8},"end":{"line":58,"column":37}},"52":{"start":{"line":60,"column":4},"end":{"line":69,"column":6}},"53":{"start":{"line":61,"column":8},"end":{"line":62,"column":21}},"54":{"start":{"line":62,"column":12},"end":{"line":62,"column":21}},"55":{"start":{"line":63,"column":8},"end":{"line":63,"column":38}},"56":{"start":{"line":64,"column":8},"end":{"line":65,"column":38}},"57":{"start":{"line":65,"column":12},"end":{"line":65,"column":38}},"58":{"start":{"line":66,"column":8},"end":{"line":67,"column":40}},"59":{"start":{"line":67,"column":12},"end":{"line":67,"column":40}},"60":{"start":{"line":68,"column":8},"end":{"line":68,"column":64}},"61":{"start":{"line":70,"column":4},"end":{"line":74,"column":6}},"62":{"start":{"line":71,"column":8},"end":{"line":72,"column":21}},"63":{"start":{"line":72,"column":12},"end":{"line":72,"column":21}},"64":{"start":{"line":73,"column":8},"end":{"line":73,"column":70}},"65":{"start":{"line":75,"column":4},"end":{"line":77,"column":6}},"66":{"start":{"line":76,"column":8},"end":{"line":76,"column":64}},"67":{"start":{"line":78,"column":4},"end":{"line":90,"column":6}},"68":{"start":{"line":79,"column":8},"end":{"line":82,"column":9}},"69":{"start":{"line":80,"column":12},"end":{"line":80,"column":39}},"70":{"start":{"line":81,"column":12},"end":{"line":81,"column":19}},"71":{"start":{"line":83,"column":8},"end":{"line":88,"column":9}},"72":{"start":{"line":84,"column":12},"end":{"line":87,"column":13}},"73":{"start":{"line":85,"column":16},"end":{"line":85,"column":43}},"74":{"start":{"line":86,"column":16},"end":{"line":86,"column":23}},"75":{"start":{"line":89,"column":8},"end":{"line":89,"column":34}},"76":{"start":{"line":91,"column":4},"end":{"line":91,"column":18}},"77":{"start":{"line":93,"column":0},"end":{"line":93,"column":24}}},"branchMap":{"1":{"line":2,"type":"binary-expr","locations":[{"start":{"line":2,"column":17},"end":{"line":2,"column":21}},{"start":{"line":2,"column":25},"end":{"line":2,"column":39}},{"start":{"line":2,"column":44},"end":{"line":11,"column":4}}]},"2":{"line":3,"type":"binary-expr","locations":[{"start":{"line":3,"column":24},"end":{"line":3,"column":45}},{"start":{"line":4,"column":9},"end":{"line":4,"column":43}},{"start":{"line":4,"column":47},"end":{"line":4,"column":83}},{"start":{"line":5,"column":8},"end":{"line":5,"column":82}}]},"3":{"line":5,"type":"if","locations":[{"start":{"line":5,"column":43},"end":{"line":5,"column":43}},{"start":{"line":5,"column":43},"end":{"line":5,"column":43}}]},"4":{"line":9,"type":"cond-expr","locations":[{"start":{"line":9,"column":35},"end":{"line":9,"column":51}},{"start":{"line":9,"column":55},"end":{"line":9,"column":91}}]},"5":{"line":18,"type":"binary-expr","locations":[{"start":{"line":18,"column":20},"end":{"line":18,"column":37}},{"start":{"line":18,"column":41},"end":{"line":18,"column":45}}]},"6":{"line":27,"type":"if","locations":[{"start":{"line":27,"column":8},"end":{"line":27,"column":8}},{"start":{"line":27,"column":8},"end":{"line":27,"column":8}}]},"7":{"line":27,"type":"binary-expr","locations":[{"start":{"line":27,"column":12},"end":{"line":27,"column":17}},{"start":{"line":27,"column":22},"end":{"line":27,"column":36}},{"start":{"line":27,"column":40},"end":{"line":27,"column":50}}]},"8":{"line":38,"type":"if","locations":[{"start":{"line":38,"column":8},"end":{"line":38,"column":8}},{"start":{"line":38,"column":8},"end":{"line":38,"column":8}}]},"9":{"line":50,"type":"if","locations":[{"start":{"line":50,"column":8},"end":{"line":50,"column":8}},{"start":{"line":50,"column":8},"end":{"line":50,"column":8}}]},"10":{"line":52,"type":"if","locations":[{"start":{"line":52,"column":8},"end":{"line":52,"column":8}},{"start":{"line":52,"column":8},"end":{"line":52,"column":8}}]},"11":{"line":54,"type":"if","locations":[{"start":{"line":54,"column":8},"end":{"line":54,"column":8}},{"start":{"line":54,"column":8},"end":{"line":54,"column":8}}]},"12":{"line":54,"type":"binary-expr","locations":[{"start":{"line":54,"column":12},"end":{"line":54,"column":23}},{"start":{"line":54,"column":27},"end":{"line":54,"column":64}}]},"13":{"line":56,"type":"if","locations":[{"start":{"line":56,"column":8},"end":{"line":56,"column":8}},{"start":{"line":56,"column":8},"end":{"line":56,"column":8}}]},"14":{"line":61,"type":"if","locations":[{"start":{"line":61,"column":8},"end":{"line":61,"column":8}},{"start":{"line":61,"column":8},"end":{"line":61,"column":8}}]},"15":{"line":64,"type":"if","locations":[{"start":{"line":64,"column":8},"end":{"line":64,"column":8}},{"start":{"line":64,"column":8},"end":{"line":64,"column":8}}]},"16":{"line":66,"type":"if","locations":[{"start":{"line":66,"column":8},"end":{"line":66,"column":8}},{"start":{"line":66,"column":8},"end":{"line":66,"column":8}}]},"17":{"line":71,"type":"if","locations":[{"start":{"line":71,"column":8},"end":{"line":71,"column":8}},{"start":{"line":71,"column":8},"end":{"line":71,"column":8}}]},"18":{"line":76,"type":"binary-expr","locations":[{"start":{"line":76,"column":15},"end":{"line":76,"column":39}},{"start":{"line":76,"column":43},"end":{"line":76,"column":63}}]},"19":{"line":79,"type":"if","locations":[{"start":{"line":79,"column":8},"end":{"line":79,"column":8}},{"start":{"line":79,"column":8},"end":{"line":79,"column":8}}]},"20":{"line":84,"type":"if","locations":[{"start":{"line":84,"column":12},"end":{"line":84,"column":12}},{"start":{"line":84,"column":12},"end":{"line":84,"column":12}}]}}},"/Users/sineideferreira/Virtualenvs/instabuyModules/dist/shared/models/product.model.js":{"path":"/Users/sineideferreira/Virtualenvs/instabuyModules/dist/shared/models/product.model.js","s":{"1":1,"2":1,"3":0,"4":0,"5":0,"6":0,"7":1,"8":3,"9":1,"10":3,"11":3,"12":1,"13":1,"14":1,"15":1,"16":1,"17":1,"18":1,"19":1,"20":0,"21":0,"22":0,"23":0,"24":0,"25":0,"26":1,"27":0,"28":0,"29":0,"30":0,"31":1,"32":0,"33":1,"34":0,"35":1,"36":0,"37":0,"38":0,"39":1,"40":1,"41":1,"42":1,"43":1,"44":0,"45":1,"46":1,"47":1,"48":1,"49":1,"50":0,"51":0,"52":0,"53":0,"54":1,"55":0,"56":0,"57":0,"58":0,"59":0,"60":0,"61":0,"62":0,"63":0,"64":0,"65":0,"66":0,"67":0,"68":0,"69":0,"70":0,"71":0,"72":0,"73":0,"74":0,"75":0,"76":0,"77":1,"78":0,"79":0,"80":0,"81":0,"82":0,"83":1,"84":0,"85":0,"86":0,"87":0,"88":0,"89":0,"90":0,"91":0,"92":0,"93":0,"94":0,"95":0,"96":0,"97":1,"98":0,"99":0,"100":0,"101":0,"102":0,"103":0,"104":0,"105":0,"106":1,"107":0,"108":0,"109":1,"110":0,"111":0,"112":0,"113":0,"114":0,"115":0,"116":0,"117":0,"118":1,"119":0,"120":0,"121":0,"122":0,"123":0,"124":0,"125":1,"126":0,"127":0,"128":0,"129":0,"130":1,"131":0,"132":1,"133":0,"134":1,"135":1},"b":{"1":[1,1,1],"2":[1,0,0,0],"3":[0,0],"4":[0,3],"5":[0,0],"6":[0,0],"7":[0,0],"8":[0,0,0],"9":[0,0,0],"10":[0,0],"11":[0,0],"12":[0,0],"13":[0,0],"14":[0,0,0],"15":[0,0],"16":[0,0,0],"17":[0,0],"18":[0,0],"19":[0,0,0],"20":[0,0],"21":[0,0],"22":[0,0],"23":[0,0],"24":[0,0],"25":[0,0],"26":[0,0],"27":[0,0],"28":[0,0],"29":[0,0],"30":[0,0],"31":[0,0]},"f":{"1":1,"2":0,"3":0,"4":3,"5":3,"6":1,"7":0,"8":0,"9":0,"10":0,"11":0,"12":1,"13":0,"14":1,"15":0,"16":0,"17":0,"18":0,"19":0,"20":0,"21":0,"22":0,"23":0,"24":0,"25":0},"fnMap":{"1":{"name":"(anonymous_1)","line":2,"loc":{"start":{"line":2,"column":45},"end":{"line":2,"column":57}}},"2":{"name":"(anonymous_2)","line":4,"loc":{"start":{"line":4,"column":47},"end":{"line":4,"column":63}}},"3":{"name":"(anonymous_3)","line":5,"loc":{"start":{"line":5,"column":8},"end":{"line":5,"column":24}}},"4":{"name":"(anonymous_4)","line":6,"loc":{"start":{"line":6,"column":11},"end":{"line":6,"column":27}}},"5":{"name":"__","line":8,"loc":{"start":{"line":8,"column":8},"end":{"line":8,"column":22}}},"6":{"name":"(anonymous_6)","line":17,"loc":{"start":{"line":17,"column":22},"end":{"line":17,"column":40}}},"7":{"name":"IBProductModel","line":19,"loc":{"start":{"line":19,"column":4},"end":{"line":19,"column":51}}},"8":{"name":"(anonymous_8)","line":27,"loc":{"start":{"line":27,"column":39},"end":{"line":27,"column":55}}},"9":{"name":"(anonymous_9)","line":33,"loc":{"start":{"line":33,"column":35},"end":{"line":33,"column":52}}},"10":{"name":"(anonymous_10)","line":36,"loc":{"start":{"line":36,"column":43},"end":{"line":36,"column":55}}},"11":{"name":"(anonymous_11)","line":39,"loc":{"start":{"line":39,"column":45},"end":{"line":39,"column":57}}},"12":{"name":"(anonymous_12)","line":48,"loc":{"start":{"line":48,"column":27},"end":{"line":48,"column":45}}},"13":{"name":"IBProductLabelModel","line":50,"loc":{"start":{"line":50,"column":4},"end":{"line":50,"column":35}}},"14":{"name":"(anonymous_14)","line":56,"loc":{"start":{"line":56,"column":17},"end":{"line":56,"column":35}}},"15":{"name":"IBProduct","line":58,"loc":{"start":{"line":58,"column":4},"end":{"line":58,"column":29}}},"16":{"name":"(anonymous_16)","line":64,"loc":{"start":{"line":64,"column":34},"end":{"line":64,"column":50}}},"17":{"name":"(anonymous_17)","line":97,"loc":{"start":{"line":97,"column":35},"end":{"line":97,"column":47}}},"18":{"name":"(anonymous_18)","line":105,"loc":{"start":{"line":105,"column":38},"end":{"line":105,"column":57}}},"19":{"name":"(anonymous_19)","line":128,"loc":{"start":{"line":128,"column":48},"end":{"line":128,"column":68}}},"20":{"name":"(anonymous_20)","line":140,"loc":{"start":{"line":140,"column":36},"end":{"line":140,"column":48}}},"21":{"name":"(anonymous_21)","line":145,"loc":{"start":{"line":145,"column":42},"end":{"line":145,"column":54}}},"22":{"name":"(anonymous_22)","line":158,"loc":{"start":{"line":158,"column":35},"end":{"line":158,"column":47}}},"23":{"name":"(anonymous_23)","line":168,"loc":{"start":{"line":168,"column":38},"end":{"line":168,"column":50}}},"24":{"name":"(anonymous_24)","line":175,"loc":{"start":{"line":175,"column":39},"end":{"line":175,"column":51}}},"25":{"name":"(anonymous_25)","line":181,"loc":{"start":{"line":181,"column":42},"end":{"line":181,"column":71}}}},"statementMap":{"1":{"start":{"line":2,"column":0},"end":{"line":11,"column":5}},"2":{"start":{"line":3,"column":4},"end":{"line":5,"column":83}},"3":{"start":{"line":4,"column":65},"end":{"line":4,"column":81}},"4":{"start":{"line":5,"column":26},"end":{"line":5,"column":80}},"5":{"start":{"line":5,"column":43},"end":{"line":5,"column":80}},"6":{"start":{"line":5,"column":68},"end":{"line":5,"column":80}},"7":{"start":{"line":6,"column":4},"end":{"line":10,"column":6}},"8":{"start":{"line":7,"column":8},"end":{"line":7,"column":28}},"9":{"start":{"line":8,"column":8},"end":{"line":8,"column":47}},"10":{"start":{"line":8,"column":24},"end":{"line":8,"column":45}},"11":{"start":{"line":9,"column":8},"end":{"line":9,"column":93}},"12":{"start":{"line":12,"column":0},"end":{"line":12,"column":47}},"13":{"start":{"line":13,"column":0},"end":{"line":13,"column":51}},"14":{"start":{"line":14,"column":0},"end":{"line":14,"column":43}},"15":{"start":{"line":15,"column":0},"end":{"line":15,"column":51}},"16":{"start":{"line":16,"column":0},"end":{"line":16,"column":43}},"17":{"start":{"line":17,"column":0},"end":{"line":46,"column":28}},"18":{"start":{"line":18,"column":4},"end":{"line":18,"column":38}},"19":{"start":{"line":19,"column":4},"end":{"line":26,"column":5}},"20":{"start":{"line":20,"column":8},"end":{"line":20,"column":46}},"21":{"start":{"line":21,"column":8},"end":{"line":21,"column":28}},"22":{"start":{"line":22,"column":8},"end":{"line":22,"column":29}},"23":{"start":{"line":23,"column":8},"end":{"line":23,"column":28}},"24":{"start":{"line":24,"column":8},"end":{"line":24,"column":70}},"25":{"start":{"line":25,"column":8},"end":{"line":25,"column":21}},"26":{"start":{"line":27,"column":4},"end":{"line":32,"column":6}},"27":{"start":{"line":28,"column":8},"end":{"line":28,"column":50}},"28":{"start":{"line":29,"column":8},"end":{"line":29,"column":77}},"29":{"start":{"line":30,"column":8},"end":{"line":31,"column":90}},"30":{"start":{"line":31,"column":12},"end":{"line":31,"column":90}},"31":{"start":{"line":33,"column":4},"end":{"line":35,"column":6}},"32":{"start":{"line":34,"column":8},"end":{"line":34,"column":45}},"33":{"start":{"line":36,"column":4},"end":{"line":38,"column":6}},"34":{"start":{"line":37,"column":8},"end":{"line":37,"column":50}},"35":{"start":{"line":39,"column":4},"end":{"line":44,"column":6}},"36":{"start":{"line":40,"column":8},"end":{"line":43,"column":30}},"37":{"start":{"line":41,"column":12},"end":{"line":41,"column":36}},"38":{"start":{"line":43,"column":12},"end":{"line":43,"column":30}},"39":{"start":{"line":45,"column":4},"end":{"line":45,"column":26}},"40":{"start":{"line":47,"column":0},"end":{"line":47,"column":40}},"41":{"start":{"line":48,"column":0},"end":{"line":54,"column":28}},"42":{"start":{"line":49,"column":4},"end":{"line":49,"column":43}},"43":{"start":{"line":50,"column":4},"end":{"line":52,"column":5}},"44":{"start":{"line":51,"column":8},"end":{"line":51,"column":72}},"45":{"start":{"line":53,"column":4},"end":{"line":53,"column":31}},"46":{"start":{"line":55,"column":0},"end":{"line":55,"column":50}},"47":{"start":{"line":56,"column":0},"end":{"line":185,"column":24}},"48":{"start":{"line":57,"column":4},"end":{"line":57,"column":33}},"49":{"start":{"line":58,"column":4},"end":{"line":63,"column":5}},"50":{"start":{"line":59,"column":8},"end":{"line":59,"column":52}},"51":{"start":{"line":60,"column":8},"end":{"line":61,"column":32}},"52":{"start":{"line":61,"column":12},"end":{"line":61,"column":32}},"53":{"start":{"line":62,"column":8},"end":{"line":62,"column":21}},"54":{"start":{"line":64,"column":4},"end":{"line":96,"column":6}},"55":{"start":{"line":65,"column":8},"end":{"line":65,"column":50}},"56":{"start":{"line":66,"column":8},"end":{"line":69,"column":58}},"57":{"start":{"line":67,"column":12},"end":{"line":67,"column":39}},"58":{"start":{"line":69,"column":12},"end":{"line":69,"column":58}},"59":{"start":{"line":70,"column":8},"end":{"line":70,"column":25}},"60":{"start":{"line":71,"column":8},"end":{"line":75,"column":9}},"61":{"start":{"line":72,"column":12},"end":{"line":74,"column":13}},"62":{"start":{"line":73,"column":16},"end":{"line":73,"column":94}},"63":{"start":{"line":76,"column":8},"end":{"line":76,"column":35}},"64":{"start":{"line":77,"column":8},"end":{"line":82,"column":9}},"65":{"start":{"line":78,"column":12},"end":{"line":81,"column":13}},"66":{"start":{"line":79,"column":16},"end":{"line":80,"column":91}},"67":{"start":{"line":80,"column":20},"end":{"line":80,"column":91}},"68":{"start":{"line":83,"column":8},"end":{"line":83,"column":37}},"69":{"start":{"line":84,"column":8},"end":{"line":89,"column":9}},"70":{"start":{"line":85,"column":12},"end":{"line":88,"column":13}},"71":{"start":{"line":86,"column":16},"end":{"line":87,"column":95}},"72":{"start":{"line":87,"column":20},"end":{"line":87,"column":95}},"73":{"start":{"line":90,"column":8},"end":{"line":90,"column":25}},"74":{"start":{"line":91,"column":8},"end":{"line":95,"column":9}},"75":{"start":{"line":92,"column":12},"end":{"line":94,"column":13}},"76":{"start":{"line":93,"column":16},"end":{"line":93,"column":77}},"77":{"start":{"line":97,"column":4},"end":{"line":104,"column":6}},"78":{"start":{"line":98,"column":8},"end":{"line":98,"column":22}},"79":{"start":{"line":99,"column":8},"end":{"line":102,"column":9}},"80":{"start":{"line":100,"column":12},"end":{"line":100,"column":31}},"81":{"start":{"line":101,"column":12},"end":{"line":101,"column":37}},"82":{"start":{"line":103,"column":8},"end":{"line":103,"column":21}},"83":{"start":{"line":105,"column":4},"end":{"line":127,"column":6}},"84":{"start":{"line":106,"column":8},"end":{"line":106,"column":18}},"85":{"start":{"line":107,"column":8},"end":{"line":125,"column":9}},"86":{"start":{"line":108,"column":12},"end":{"line":108,"column":35}},"87":{"start":{"line":109,"column":12},"end":{"line":116,"column":13}},"88":{"start":{"line":110,"column":16},"end":{"line":115,"column":17}},"89":{"start":{"line":111,"column":20},"end":{"line":114,"column":21}},"90":{"start":{"line":112,"column":24},"end":{"line":112,"column":47}},"91":{"start":{"line":113,"column":24},"end":{"line":113,"column":30}},"92":{"start":{"line":119,"column":12},"end":{"line":124,"column":13}},"93":{"start":{"line":120,"column":16},"end":{"line":123,"column":17}},"94":{"start":{"line":121,"column":20},"end":{"line":121,"column":43}},"95":{"start":{"line":122,"column":20},"end":{"line":122,"column":26}},"96":{"start":{"line":126,"column":8},"end":{"line":126,"column":21}},"97":{"start":{"line":128,"column":4},"end":{"line":139,"column":6}},"98":{"start":{"line":129,"column":8},"end":{"line":129,"column":34}},"99":{"start":{"line":130,"column":8},"end":{"line":134,"column":9}},"100":{"start":{"line":131,"column":12},"end":{"line":131,"column":31}},"101":{"start":{"line":132,"column":12},"end":{"line":133,"column":45}},"102":{"start":{"line":133,"column":16},"end":{"line":133,"column":45}},"103":{"start":{"line":135,"column":8},"end":{"line":138,"column":9}},"104":{"start":{"line":136,"column":12},"end":{"line":136,"column":47}},"105":{"start":{"line":137,"column":12},"end":{"line":137,"column":74}},"106":{"start":{"line":140,"column":4},"end":{"line":144,"column":6}},"107":{"start":{"line":141,"column":8},"end":{"line":143,"column":9}},"108":{"start":{"line":142,"column":12},"end":{"line":142,"column":48}},"109":{"start":{"line":145,"column":4},"end":{"line":157,"column":6}},"110":{"start":{"line":146,"column":8},"end":{"line":146,"column":28}},"111":{"start":{"line":147,"column":8},"end":{"line":155,"column":9}},"112":{"start":{"line":148,"column":12},"end":{"line":148,"column":36}},"113":{"start":{"line":150,"column":12},"end":{"line":154,"column":13}},"114":{"start":{"line":151,"column":16},"end":{"line":151,"column":71}},"115":{"start":{"line":152,"column":16},"end":{"line":153,"column":43}},"116":{"start":{"line":153,"column":20},"end":{"line":153,"column":43}},"117":{"start":{"line":156,"column":8},"end":{"line":156,"column":27}},"118":{"start":{"line":158,"column":4},"end":{"line":167,"column":6}},"119":{"start":{"line":159,"column":8},"end":{"line":159,"column":30}},"120":{"start":{"line":161,"column":8},"end":{"line":165,"column":9}},"121":{"start":{"line":162,"column":12},"end":{"line":162,"column":60}},"122":{"start":{"line":163,"column":12},"end":{"line":164,"column":38}},"123":{"start":{"line":164,"column":16},"end":{"line":164,"column":38}},"124":{"start":{"line":166,"column":8},"end":{"line":166,"column":24}},"125":{"start":{"line":168,"column":4},"end":{"line":174,"column":6}},"126":{"start":{"line":169,"column":8},"end":{"line":172,"column":9}},"127":{"start":{"line":170,"column":12},"end":{"line":171,"column":28}},"128":{"start":{"line":171,"column":16},"end":{"line":171,"column":28}},"129":{"start":{"line":173,"column":8},"end":{"line":173,"column":21}},"130":{"start":{"line":175,"column":4},"end":{"line":177,"column":6}},"131":{"start":{"line":176,"column":8},"end":{"line":176,"column":73}},"132":{"start":{"line":181,"column":4},"end":{"line":183,"column":6}},"133":{"start":{"line":182,"column":8},"end":{"line":182,"column":105}},"134":{"start":{"line":184,"column":4},"end":{"line":184,"column":21}},"135":{"start":{"line":186,"column":0},"end":{"line":186,"column":30}}},"branchMap":{"1":{"line":2,"type":"binary-expr","locations":[{"start":{"line":2,"column":17},"end":{"line":2,"column":21}},{"start":{"line":2,"column":25},"end":{"line":2,"column":39}},{"start":{"line":2,"column":44},"end":{"line":11,"column":4}}]},"2":{"line":3,"type":"binary-expr","locations":[{"start":{"line":3,"column":24},"end":{"line":3,"column":45}},{"start":{"line":4,"column":9},"end":{"line":4,"column":43}},{"start":{"line":4,"column":47},"end":{"line":4,"column":83}},{"start":{"line":5,"column":8},"end":{"line":5,"column":82}}]},"3":{"line":5,"type":"if","locations":[{"start":{"line":5,"column":43},"end":{"line":5,"column":43}},{"start":{"line":5,"column":43},"end":{"line":5,"column":43}}]},"4":{"line":9,"type":"cond-expr","locations":[{"start":{"line":9,"column":35},"end":{"line":9,"column":51}},{"start":{"line":9,"column":55},"end":{"line":9,"column":91}}]},"5":{"line":20,"type":"binary-expr","locations":[{"start":{"line":20,"column":20},"end":{"line":20,"column":37}},{"start":{"line":20,"column":41},"end":{"line":20,"column":45}}]},"6":{"line":30,"type":"if","locations":[{"start":{"line":30,"column":8},"end":{"line":30,"column":8}},{"start":{"line":30,"column":8},"end":{"line":30,"column":8}}]},"7":{"line":40,"type":"if","locations":[{"start":{"line":40,"column":8},"end":{"line":40,"column":8}},{"start":{"line":40,"column":8},"end":{"line":40,"column":8}}]},"8":{"line":40,"type":"binary-expr","locations":[{"start":{"line":40,"column":12},"end":{"line":40,"column":29}},{"start":{"line":40,"column":33},"end":{"line":40,"column":73}},{"start":{"line":40,"column":77},"end":{"line":40,"column":93}}]},"9":{"line":51,"type":"binary-expr","locations":[{"start":{"line":51,"column":15},"end":{"line":51,"column":30}},{"start":{"line":51,"column":34},"end":{"line":51,"column":63}},{"start":{"line":51,"column":67},"end":{"line":51,"column":71}}]},"10":{"line":59,"type":"binary-expr","locations":[{"start":{"line":59,"column":20},"end":{"line":59,"column":43}},{"start":{"line":59,"column":47},"end":{"line":59,"column":51}}]},"11":{"line":60,"type":"if","locations":[{"start":{"line":60,"column":8},"end":{"line":60,"column":8}},{"start":{"line":60,"column":8},"end":{"line":60,"column":8}}]},"12":{"line":66,"type":"if","locations":[{"start":{"line":66,"column":8},"end":{"line":66,"column":8}},{"start":{"line":66,"column":8},"end":{"line":66,"column":8}}]},"13":{"line":71,"type":"if","locations":[{"start":{"line":71,"column":8},"end":{"line":71,"column":8}},{"start":{"line":71,"column":8},"end":{"line":71,"column":8}}]},"14":{"line":71,"type":"binary-expr","locations":[{"start":{"line":71,"column":12},"end":{"line":71,"column":16}},{"start":{"line":71,"column":20},"end":{"line":71,"column":34}},{"start":{"line":71,"column":38},"end":{"line":71,"column":63}}]},"15":{"line":77,"type":"if","locations":[{"start":{"line":77,"column":8},"end":{"line":77,"column":8}},{"start":{"line":77,"column":8},"end":{"line":77,"column":8}}]},"16":{"line":77,"type":"binary-expr","locations":[{"start":{"line":77,"column":12},"end":{"line":77,"column":36}},{"start":{"line":77,"column":40},"end":{"line":77,"column":75}},{"start":{"line":77,"column":79},"end":{"line":77,"column":114}}]},"17":{"line":79,"type":"if","locations":[{"start":{"line":79,"column":16},"end":{"line":79,"column":16}},{"start":{"line":79,"column":16},"end":{"line":79,"column":16}}]},"18":{"line":84,"type":"if","locations":[{"start":{"line":84,"column":8},"end":{"line":84,"column":8}},{"start":{"line":84,"column":8},"end":{"line":84,"column":8}}]},"19":{"line":84,"type":"binary-expr","locations":[{"start":{"line":84,"column":12},"end":{"line":84,"column":38}},{"start":{"line":84,"column":42},"end":{"line":84,"column":79}},{"start":{"line":84,"column":83},"end":{"line":84,"column":120}}]},"20":{"line":86,"type":"if","locations":[{"start":{"line":86,"column":16},"end":{"line":86,"column":16}},{"start":{"line":86,"column":16},"end":{"line":86,"column":16}}]},"21":{"line":91,"type":"if","locations":[{"start":{"line":91,"column":8},"end":{"line":91,"column":8}},{"start":{"line":91,"column":8},"end":{"line":91,"column":8}}]},"22":{"line":91,"type":"binary-expr","locations":[{"start":{"line":91,"column":12},"end":{"line":91,"column":26}},{"start":{"line":91,"column":30},"end":{"line":91,"column":55}}]},"23":{"line":107,"type":"if","locations":[{"start":{"line":107,"column":8},"end":{"line":107,"column":8}},{"start":{"line":107,"column":8},"end":{"line":107,"column":8}}]},"24":{"line":109,"type":"if","locations":[{"start":{"line":109,"column":12},"end":{"line":109,"column":12}},{"start":{"line":109,"column":12},"end":{"line":109,"column":12}}]},"25":{"line":111,"type":"if","locations":[{"start":{"line":111,"column":20},"end":{"line":111,"column":20}},{"start":{"line":111,"column":20},"end":{"line":111,"column":20}}]},"26":{"line":120,"type":"if","locations":[{"start":{"line":120,"column":16},"end":{"line":120,"column":16}},{"start":{"line":120,"column":16},"end":{"line":120,"column":16}}]},"27":{"line":132,"type":"if","locations":[{"start":{"line":132,"column":12},"end":{"line":132,"column":12}},{"start":{"line":132,"column":12},"end":{"line":132,"column":12}}]},"28":{"line":150,"type":"if","locations":[{"start":{"line":150,"column":12},"end":{"line":150,"column":12}},{"start":{"line":150,"column":12},"end":{"line":150,"column":12}}]},"29":{"line":152,"type":"if","locations":[{"start":{"line":152,"column":16},"end":{"line":152,"column":16}},{"start":{"line":152,"column":16},"end":{"line":152,"column":16}}]},"30":{"line":163,"type":"if","locations":[{"start":{"line":163,"column":12},"end":{"line":163,"column":12}},{"start":{"line":163,"column":12},"end":{"line":163,"column":12}}]},"31":{"line":170,"type":"if","locations":[{"start":{"line":170,"column":12},"end":{"line":170,"column":12}},{"start":{"line":170,"column":12},"end":{"line":170,"column":12}}]}}},"/Users/sineideferreira/Virtualenvs/instabuyModules/dist/shared/models/quantity.model.js":{"path":"/Users/sineideferreira/Virtualenvs/instabuyModules/dist/shared/models/quantity.model.js","s":{"1":1,"2":1,"3":1,"4":0,"5":0,"6":0,"7":0,"8":0,"9":0,"10":1,"11":0,"12":0,"13":0,"14":0,"15":0,"16":1,"17":1},"b":{"1":[0,0],"2":[0,0],"3":[0,0]},"f":{"1":1,"2":0,"3":0},"fnMap":{"1":{"name":"(anonymous_1)","line":3,"loc":{"start":{"line":3,"column":18},"end":{"line":3,"column":30}}},"2":{"name":"IBQuantity","line":4,"loc":{"start":{"line":4,"column":4},"end":{"line":4,"column":42}}},"3":{"name":"(anonymous_3)","line":12,"loc":{"start":{"line":12,"column":31},"end":{"line":12,"column":48}}}},"statementMap":{"1":{"start":{"line":2,"column":0},"end":{"line":2,"column":60}},"2":{"start":{"line":3,"column":0},"end":{"line":23,"column":5}},"3":{"start":{"line":4,"column":4},"end":{"line":11,"column":5}},"4":{"start":{"line":5,"column":8},"end":{"line":5,"column":27}},"5":{"start":{"line":6,"column":8},"end":{"line":6,"column":35}},"6":{"start":{"line":7,"column":8},"end":{"line":8,"column":27}},"7":{"start":{"line":8,"column":12},"end":{"line":8,"column":27}},"8":{"start":{"line":9,"column":8},"end":{"line":10,"column":40}},"9":{"start":{"line":10,"column":12},"end":{"line":10,"column":40}},"10":{"start":{"line":12,"column":4},"end":{"line":21,"column":6}},"11":{"start":{"line":13,"column":8},"end":{"line":20,"column":9}},"12":{"start":{"line":14,"column":12},"end":{"line":14,"column":58}},"13":{"start":{"line":15,"column":12},"end":{"line":15,"column":31}},"14":{"start":{"line":16,"column":12},"end":{"line":16,"column":40}},"15":{"start":{"line":19,"column":12},"end":{"line":19,"column":30}},"16":{"start":{"line":22,"column":4},"end":{"line":22,"column":22}},"17":{"start":{"line":24,"column":0},"end":{"line":24,"column":32}}},"branchMap":{"1":{"line":7,"type":"if","locations":[{"start":{"line":7,"column":8},"end":{"line":7,"column":8}},{"start":{"line":7,"column":8},"end":{"line":7,"column":8}}]},"2":{"line":9,"type":"if","locations":[{"start":{"line":9,"column":8},"end":{"line":9,"column":8}},{"start":{"line":9,"column":8},"end":{"line":9,"column":8}}]},"3":{"line":13,"type":"if","locations":[{"start":{"line":13,"column":8},"end":{"line":13,"column":8}},{"start":{"line":13,"column":8},"end":{"line":13,"column":8}}]}}},"/Users/sineideferreira/Virtualenvs/instabuyModules/dist/shared/modules/general.module.js":{"path":"/Users/sineideferreira/Virtualenvs/instabuyModules/dist/shared/modules/general.module.js","s":{"1":1,"2":0,"3":0,"4":0,"5":0,"6":0,"7":1,"8":1,"9":0,"10":1,"11":1,"12":0,"13":0,"14":0,"15":1,"16":1,"17":0,"18":0,"19":0,"20":0,"21":0,"22":0,"23":0,"24":0,"25":0,"26":0,"27":1,"28":1,"29":0,"30":0,"31":1,"32":1,"33":0,"34":0,"35":1,"36":1,"37":0,"38":1,"39":1,"40":0,"41":0,"42":0,"43":1,"44":1,"45":0,"46":1,"47":1,"48":0,"49":0,"50":0,"51":0,"52":0,"53":0,"54":0,"55":1,"56":1,"57":0,"58":0,"59":0,"60":0,"61":0,"62":0,"63":0,"64":0,"65":0,"66":0,"67":0,"68":0,"69":0,"70":0,"71":0,"72":0,"73":0,"74":0,"75":0,"76":1,"77":1,"78":0,"79":0,"80":1,"81":0,"82":0,"83":1},"b":{"1":[0,0],"2":[0,0],"3":[0,0],"4":[0,0],"5":[0,0],"6":[0,0],"7":[0,0],"8":[0,0],"9":[0,0]},"f":{"1":0,"2":0,"3":0,"4":0,"5":0,"6":0,"7":0,"8":0,"9":0,"10":0,"11":0,"12":0,"13":0,"14":0,"15":0,"16":0,"17":0,"18":0,"19":0},"fnMap":{"1":{"name":"removeSpecialCharacters","line":2,"loc":{"start":{"line":2,"column":0},"end":{"line":2,"column":38}}},"2":{"name":"fixFloatPoint","line":54,"loc":{"start":{"line":54,"column":0},"end":{"line":54,"column":30}}},"3":{"name":"isEmpty","line":58,"loc":{"start":{"line":58,"column":0},"end":{"line":58,"column":24}}},"4":{"name":"priceToString","line":64,"loc":{"start":{"line":64,"column":0},"end":{"line":64,"column":30}}},"5":{"name":"validateEmail","line":81,"loc":{"start":{"line":81,"column":0},"end":{"line":81,"column":30}}},"6":{"name":"validateCep","line":86,"loc":{"start":{"line":86,"column":0},"end":{"line":86,"column":26}}},"7":{"name":"reverseBirthday","line":91,"loc":{"start":{"line":91,"column":0},"end":{"line":91,"column":31}}},"8":{"name":"isBirthdayReversed","line":95,"loc":{"start":{"line":95,"column":0},"end":{"line":95,"column":34}}},"9":{"name":"unreverseBirthday","line":102,"loc":{"start":{"line":102,"column":0},"end":{"line":102,"column":33}}},"10":{"name":"(anonymous_10)","line":109,"loc":{"start":{"line":109,"column":10},"end":{"line":109,"column":25}}},"11":{"name":"(anonymous_11)","line":112,"loc":{"start":{"line":112,"column":10},"end":{"line":112,"column":25}}},"12":{"name":"(anonymous_12)","line":115,"loc":{"start":{"line":115,"column":10},"end":{"line":115,"column":25}}},"13":{"name":"(anonymous_13)","line":118,"loc":{"start":{"line":118,"column":10},"end":{"line":118,"column":25}}},"14":{"name":"(anonymous_14)","line":121,"loc":{"start":{"line":121,"column":12},"end":{"line":121,"column":27}}},"15":{"name":"(anonymous_15)","line":124,"loc":{"start":{"line":124,"column":10},"end":{"line":124,"column":25}}},"16":{"name":"(anonymous_16)","line":127,"loc":{"start":{"line":127,"column":13},"end":{"line":127,"column":28}}},"17":{"name":"copyTextToClipboard","line":132,"loc":{"start":{"line":132,"column":0},"end":{"line":132,"column":35}}},"18":{"name":"tokenGenerator","line":177,"loc":{"start":{"line":177,"column":0},"end":{"line":177,"column":30}}},"19":{"name":"s4","line":179,"loc":{"start":{"line":179,"column":4},"end":{"line":179,"column":18}}}},"statementMap":{"1":{"start":{"line":2,"column":0},"end":{"line":52,"column":1}},"2":{"start":{"line":3,"column":4},"end":{"line":47,"column":6}},"3":{"start":{"line":48,"column":4},"end":{"line":49,"column":93}},"4":{"start":{"line":49,"column":8},"end":{"line":49,"column":93}},"5":{"start":{"line":50,"column":4},"end":{"line":50,"column":28}},"6":{"start":{"line":51,"column":4},"end":{"line":51,"column":15}},"7":{"start":{"line":53,"column":0},"end":{"line":53,"column":58}},"8":{"start":{"line":54,"column":0},"end":{"line":56,"column":1}},"9":{"start":{"line":55,"column":4},"end":{"line":55,"column":36}},"10":{"start":{"line":57,"column":0},"end":{"line":57,"column":38}},"11":{"start":{"line":58,"column":0},"end":{"line":62,"column":1}},"12":{"start":{"line":59,"column":4},"end":{"line":60,"column":20}},"13":{"start":{"line":60,"column":8},"end":{"line":60,"column":20}},"14":{"start":{"line":61,"column":4},"end":{"line":61,"column":43}},"15":{"start":{"line":63,"column":0},"end":{"line":63,"column":26}},"16":{"start":{"line":64,"column":0},"end":{"line":79,"column":1}},"17":{"start":{"line":65,"column":4},"end":{"line":66,"column":21}},"18":{"start":{"line":66,"column":8},"end":{"line":66,"column":21}},"19":{"start":{"line":67,"column":4},"end":{"line":78,"column":5}},"20":{"start":{"line":68,"column":8},"end":{"line":68,"column":33}},"21":{"start":{"line":69,"column":8},"end":{"line":76,"column":9}},"22":{"start":{"line":70,"column":12},"end":{"line":70,"column":44}},"23":{"start":{"line":71,"column":12},"end":{"line":72,"column":29}},"24":{"start":{"line":72,"column":16},"end":{"line":72,"column":29}},"25":{"start":{"line":75,"column":12},"end":{"line":75,"column":34}},"26":{"start":{"line":77,"column":8},"end":{"line":77,"column":21}},"27":{"start":{"line":80,"column":0},"end":{"line":80,"column":38}},"28":{"start":{"line":81,"column":0},"end":{"line":84,"column":1}},"29":{"start":{"line":82,"column":4},"end":{"line":82,"column":166}},"30":{"start":{"line":83,"column":4},"end":{"line":83,"column":26}},"31":{"start":{"line":85,"column":0},"end":{"line":85,"column":38}},"32":{"start":{"line":86,"column":0},"end":{"line":89,"column":1}},"33":{"start":{"line":87,"column":4},"end":{"line":87,"column":24}},"34":{"start":{"line":88,"column":4},"end":{"line":88,"column":24}},"35":{"start":{"line":90,"column":0},"end":{"line":90,"column":34}},"36":{"start":{"line":91,"column":0},"end":{"line":93,"column":1}},"37":{"start":{"line":92,"column":4},"end":{"line":92,"column":91}},"38":{"start":{"line":94,"column":0},"end":{"line":94,"column":42}},"39":{"start":{"line":95,"column":0},"end":{"line":100,"column":1}},"40":{"start":{"line":96,"column":4},"end":{"line":99,"column":20}},"41":{"start":{"line":97,"column":8},"end":{"line":97,"column":21}},"42":{"start":{"line":99,"column":8},"end":{"line":99,"column":20}},"43":{"start":{"line":101,"column":0},"end":{"line":101,"column":48}},"44":{"start":{"line":102,"column":0},"end":{"line":104,"column":1}},"45":{"start":{"line":103,"column":4},"end":{"line":103,"column":91}},"46":{"start":{"line":105,"column":0},"end":{"line":105,"column":46}},"47":{"start":{"line":106,"column":0},"end":{"line":130,"column":2}},"48":{"start":{"line":110,"column":8},"end":{"line":110,"column":60}},"49":{"start":{"line":113,"column":8},"end":{"line":113,"column":61}},"50":{"start":{"line":116,"column":8},"end":{"line":116,"column":58}},"51":{"start":{"line":119,"column":8},"end":{"line":119,"column":60}},"52":{"start":{"line":122,"column":8},"end":{"line":122,"column":63}},"53":{"start":{"line":125,"column":8},"end":{"line":125,"column":56}},"54":{"start":{"line":128,"column":8},"end":{"line":128,"column":59}},"55":{"start":{"line":131,"column":0},"end":{"line":131,"column":30}},"56":{"start":{"line":132,"column":0},"end":{"line":175,"column":1}},"57":{"start":{"line":133,"column":4},"end":{"line":133,"column":54}},"58":{"start":{"line":149,"column":4},"end":{"line":149,"column":38}},"59":{"start":{"line":150,"column":4},"end":{"line":150,"column":29}},"60":{"start":{"line":151,"column":4},"end":{"line":151,"column":30}},"61":{"start":{"line":154,"column":4},"end":{"line":154,"column":33}},"62":{"start":{"line":155,"column":4},"end":{"line":155,"column":34}},"63":{"start":{"line":157,"column":4},"end":{"line":157,"column":33}},"64":{"start":{"line":159,"column":4},"end":{"line":159,"column":35}},"65":{"start":{"line":160,"column":4},"end":{"line":160,"column":36}},"66":{"start":{"line":161,"column":4},"end":{"line":161,"column":38}},"67":{"start":{"line":163,"column":4},"end":{"line":163,"column":46}},"68":{"start":{"line":164,"column":4},"end":{"line":164,"column":26}},"69":{"start":{"line":165,"column":4},"end":{"line":165,"column":40}},"70":{"start":{"line":166,"column":4},"end":{"line":166,"column":22}},"71":{"start":{"line":167,"column":4},"end":{"line":173,"column":5}},"72":{"start":{"line":168,"column":8},"end":{"line":168,"column":54}},"73":{"start":{"line":169,"column":8},"end":{"line":169,"column":61}},"74":{"start":{"line":172,"column":8},"end":{"line":172,"column":50}},"75":{"start":{"line":174,"column":4},"end":{"line":174,"column":40}},"76":{"start":{"line":176,"column":0},"end":{"line":176,"column":50}},"77":{"start":{"line":177,"column":0},"end":{"line":181,"column":1}},"78":{"start":{"line":178,"column":4},"end":{"line":178,"column":39}},"79":{"start":{"line":178,"column":27},"end":{"line":178,"column":37}},"80":{"start":{"line":179,"column":4},"end":{"line":179,"column":97}},"81":{"start":{"line":179,"column":20},"end":{"line":179,"column":95}},"82":{"start":{"line":180,"column":4},"end":{"line":180,"column":71}},"83":{"start":{"line":182,"column":0},"end":{"line":182,"column":40}}},"branchMap":{"1":{"line":59,"type":"if","locations":[{"start":{"line":59,"column":4},"end":{"line":59,"column":4}},{"start":{"line":59,"column":4},"end":{"line":59,"column":4}}]},"2":{"line":65,"type":"if","locations":[{"start":{"line":65,"column":4},"end":{"line":65,"column":4}},{"start":{"line":65,"column":4},"end":{"line":65,"column":4}}]},"3":{"line":67,"type":"if","locations":[{"start":{"line":67,"column":4},"end":{"line":67,"column":4}},{"start":{"line":67,"column":4},"end":{"line":67,"column":4}}]},"4":{"line":69,"type":"if","locations":[{"start":{"line":69,"column":8},"end":{"line":69,"column":8}},{"start":{"line":69,"column":8},"end":{"line":69,"column":8}}]},"5":{"line":71,"type":"if","locations":[{"start":{"line":71,"column":12},"end":{"line":71,"column":12}},{"start":{"line":71,"column":12},"end":{"line":71,"column":12}}]},"6":{"line":96,"type":"if","locations":[{"start":{"line":96,"column":4},"end":{"line":96,"column":4}},{"start":{"line":96,"column":4},"end":{"line":96,"column":4}}]},"7":{"line":96,"type":"binary-expr","locations":[{"start":{"line":96,"column":8},"end":{"line":96,"column":35}},{"start":{"line":96,"column":39},"end":{"line":96,"column":66}}]},"8":{"line":169,"type":"cond-expr","locations":[{"start":{"line":169,"column":31},"end":{"line":169,"column":43}},{"start":{"line":169,"column":46},"end":{"line":169,"column":60}}]},"9":{"line":178,"type":"if","locations":[{"start":{"line":178,"column":4},"end":{"line":178,"column":4}},{"start":{"line":178,"column":4},"end":{"line":178,"column":4}}]}}},"/Users/sineideferreira/Virtualenvs/instabuyModules/dist/shared/models/item.model.js":{"path":"/Users/sineideferreira/Virtualenvs/instabuyModules/dist/shared/models/item.model.js","s":{"1":1,"2":1,"3":0,"4":0,"5":0,"6":0,"7":1,"8":1,"9":1,"10":1,"11":1,"12":1,"13":1,"14":1,"15":1,"16":1,"17":1,"18":1,"19":0,"20":1,"21":1,"22":0,"23":0,"24":0,"25":0,"26":0,"27":0,"28":0,"29":0,"30":1,"31":0,"32":1,"33":1},"b":{"1":[1,1,1],"2":[1,0,0,0],"3":[0,0],"4":[0,1],"5":[1,1],"6":[0,1],"7":[0,0],"8":[0,0]},"f":{"1":1,"2":0,"3":0,"4":1,"5":1,"6":1,"7":1,"8":0,"9":0},"fnMap":{"1":{"name":"(anonymous_1)","line":2,"loc":{"start":{"line":2,"column":45},"end":{"line":2,"column":57}}},"2":{"name":"(anonymous_2)","line":4,"loc":{"start":{"line":4,"column":47},"end":{"line":4,"column":63}}},"3":{"name":"(anonymous_3)","line":5,"loc":{"start":{"line":5,"column":8},"end":{"line":5,"column":24}}},"4":{"name":"(anonymous_4)","line":6,"loc":{"start":{"line":6,"column":11},"end":{"line":6,"column":27}}},"5":{"name":"__","line":8,"loc":{"start":{"line":8,"column":8},"end":{"line":8,"column":22}}},"6":{"name":"(anonymous_6)","line":14,"loc":{"start":{"line":14,"column":14},"end":{"line":14,"column":32}}},"7":{"name":"IBItem","line":18,"loc":{"start":{"line":18,"column":4},"end":{"line":18,"column":26}}},"8":{"name":"(anonymous_8)","line":24,"loc":{"start":{"line":24,"column":31},"end":{"line":24,"column":47}}},"9":{"name":"(anonymous_9)","line":35,"loc":{"start":{"line":35,"column":32},"end":{"line":35,"column":44}}}},"statementMap":{"1":{"start":{"line":2,"column":0},"end":{"line":11,"column":5}},"2":{"start":{"line":3,"column":4},"end":{"line":5,"column":83}},"3":{"start":{"line":4,"column":65},"end":{"line":4,"column":81}},"4":{"start":{"line":5,"column":26},"end":{"line":5,"column":80}},"5":{"start":{"line":5,"column":43},"end":{"line":5,"column":80}},"6":{"start":{"line":5,"column":68},"end":{"line":5,"column":80}},"7":{"start":{"line":6,"column":4},"end":{"line":10,"column":6}},"8":{"start":{"line":7,"column":8},"end":{"line":7,"column":28}},"9":{"start":{"line":8,"column":8},"end":{"line":8,"column":47}},"10":{"start":{"line":8,"column":24},"end":{"line":8,"column":45}},"11":{"start":{"line":9,"column":8},"end":{"line":9,"column":93}},"12":{"start":{"line":12,"column":0},"end":{"line":12,"column":47}},"13":{"start":{"line":13,"column":0},"end":{"line":13,"column":51}},"14":{"start":{"line":14,"column":0},"end":{"line":39,"column":28}},"15":{"start":{"line":15,"column":4},"end":{"line":15,"column":30}},"16":{"start":{"line":18,"column":4},"end":{"line":23,"column":5}},"17":{"start":{"line":19,"column":8},"end":{"line":19,"column":46}},"18":{"start":{"line":20,"column":8},"end":{"line":21,"column":32}},"19":{"start":{"line":21,"column":12},"end":{"line":21,"column":32}},"20":{"start":{"line":22,"column":8},"end":{"line":22,"column":21}},"21":{"start":{"line":24,"column":4},"end":{"line":34,"column":6}},"22":{"start":{"line":25,"column":8},"end":{"line":25,"column":50}},"23":{"start":{"line":26,"column":8},"end":{"line":26,"column":82}},"24":{"start":{"line":27,"column":8},"end":{"line":27,"column":88}},"25":{"start":{"line":28,"column":8},"end":{"line":33,"column":9}},"26":{"start":{"line":29,"column":12},"end":{"line":29,"column":63}},"27":{"start":{"line":30,"column":12},"end":{"line":30,"column":68}},"28":{"start":{"line":31,"column":12},"end":{"line":31,"column":75}},"29":{"start":{"line":32,"column":12},"end":{"line":32,"column":80}},"30":{"start":{"line":35,"column":4},"end":{"line":37,"column":6}},"31":{"start":{"line":36,"column":8},"end":{"line":36,"column":17}},"32":{"start":{"line":38,"column":4},"end":{"line":38,"column":18}},"33":{"start":{"line":40,"column":0},"end":{"line":40,"column":24}}},"branchMap":{"1":{"line":2,"type":"binary-expr","locations":[{"start":{"line":2,"column":17},"end":{"line":2,"column":21}},{"start":{"line":2,"column":25},"end":{"line":2,"column":39}},{"start":{"line":2,"column":44},"end":{"line":11,"column":4}}]},"2":{"line":3,"type":"binary-expr","locations":[{"start":{"line":3,"column":24},"end":{"line":3,"column":45}},{"start":{"line":4,"column":9},"end":{"line":4,"column":43}},{"start":{"line":4,"column":47},"end":{"line":4,"column":83}},{"start":{"line":5,"column":8},"end":{"line":5,"column":82}}]},"3":{"line":5,"type":"if","locations":[{"start":{"line":5,"column":43},"end":{"line":5,"column":43}},{"start":{"line":5,"column":43},"end":{"line":5,"column":43}}]},"4":{"line":9,"type":"cond-expr","locations":[{"start":{"line":9,"column":35},"end":{"line":9,"column":51}},{"start":{"line":9,"column":55},"end":{"line":9,"column":91}}]},"5":{"line":19,"type":"binary-expr","locations":[{"start":{"line":19,"column":20},"end":{"line":19,"column":37}},{"start":{"line":19,"column":41},"end":{"line":19,"column":45}}]},"6":{"line":20,"type":"if","locations":[{"start":{"line":20,"column":8},"end":{"line":20,"column":8}},{"start":{"line":20,"column":8},"end":{"line":20,"column":8}}]},"7":{"line":28,"type":"if","locations":[{"start":{"line":28,"column":8},"end":{"line":28,"column":8}},{"start":{"line":28,"column":8},"end":{"line":28,"column":8}}]},"8":{"line":28,"type":"binary-expr","locations":[{"start":{"line":28,"column":12},"end":{"line":28,"column":34}},{"start":{"line":28,"column":38},"end":{"line":28,"column":69}}]}}},"/Users/sineideferreira/Virtualenvs/instabuyModules/dist/shared/models/dateutil.model.js":{"path":"/Users/sineideferreira/Virtualenvs/instabuyModules/dist/shared/models/dateutil.model.js","s":{"1":1,"2":1,"3":1,"4":0,"5":0,"6":0,"7":0,"8":0,"9":0,"10":0,"11":1,"12":1},"b":{},"f":{"1":1,"2":1,"3":0},"fnMap":{"1":{"name":"(anonymous_1)","line":2,"loc":{"start":{"line":2,"column":18},"end":{"line":2,"column":30}}},"2":{"name":"IBDateUtil","line":3,"loc":{"start":{"line":3,"column":4},"end":{"line":3,"column":26}}},"3":{"name":"(anonymous_3)","line":5,"loc":{"start":{"line":5,"column":25},"end":{"line":5,"column":52}}}},"statementMap":{"1":{"start":{"line":2,"column":0},"end":{"line":15,"column":5}},"2":{"start":{"line":3,"column":4},"end":{"line":4,"column":5}},"3":{"start":{"line":5,"column":4},"end":{"line":13,"column":6}},"4":{"start":{"line":6,"column":8},"end":{"line":6,"column":59}},"5":{"start":{"line":7,"column":8},"end":{"line":7,"column":60}},"6":{"start":{"line":8,"column":8},"end":{"line":8,"column":59}},"7":{"start":{"line":9,"column":8},"end":{"line":9,"column":61}},"8":{"start":{"line":10,"column":8},"end":{"line":10,"column":63}},"9":{"start":{"line":11,"column":8},"end":{"line":11,"column":74}},"10":{"start":{"line":12,"column":8},"end":{"line":12,"column":20}},"11":{"start":{"line":14,"column":4},"end":{"line":14,"column":22}},"12":{"start":{"line":16,"column":0},"end":{"line":16,"column":32}}},"branchMap":{}},"/Users/sineideferreira/Virtualenvs/instabuyModules/dist/shared/models/util.model.js":{"path":"/Users/sineideferreira/Virtualenvs/instabuyModules/dist/shared/models/util.model.js","s":{"1":1,"2":1,"3":1,"4":1,"5":1,"6":0,"7":0,"8":0,"9":0,"10":0,"11":0,"12":0,"13":1,"14":0,"15":0,"16":0,"17":1,"18":0,"19":0,"20":0,"21":0,"22":0,"23":0,"24":0,"25":1,"26":1},"b":{"1":[0,0],"2":[0,0],"3":[0,0]},"f":{"1":1,"2":0,"3":0,"4":0,"5":0},"fnMap":{"1":{"name":"(anonymous_1)","line":4,"loc":{"start":{"line":4,"column":14},"end":{"line":4,"column":26}}},"2":{"name":"IBUtil","line":5,"loc":{"start":{"line":5,"column":4},"end":{"line":5,"column":22}}},"3":{"name":"(anonymous_3)","line":7,"loc":{"start":{"line":7,"column":38},"end":{"line":7,"column":63}}},"4":{"name":"(anonymous_4)","line":17,"loc":{"start":{"line":17,"column":35},"end":{"line":17,"column":60}}},"5":{"name":"(anonymous_5)","line":22,"loc":{"start":{"line":22,"column":21},"end":{"line":22,"column":48}}}},"statementMap":{"1":{"start":{"line":2,"column":0},"end":{"line":2,"column":49}},"2":{"start":{"line":3,"column":0},"end":{"line":3,"column":57}},"3":{"start":{"line":4,"column":0},"end":{"line":32,"column":5}},"4":{"start":{"line":5,"column":4},"end":{"line":6,"column":5}},"5":{"start":{"line":7,"column":4},"end":{"line":16,"column":6}},"6":{"start":{"line":8,"column":8},"end":{"line":8,"column":23}},"7":{"start":{"line":9,"column":8},"end":{"line":14,"column":9}},"8":{"start":{"line":10,"column":12},"end":{"line":13,"column":89}},"9":{"start":{"line":11,"column":16},"end":{"line":11,"column":81}},"10":{"start":{"line":12,"column":17},"end":{"line":13,"column":89}},"11":{"start":{"line":13,"column":16},"end":{"line":13,"column":89}},"12":{"start":{"line":15,"column":8},"end":{"line":15,"column":21}},"13":{"start":{"line":17,"column":4},"end":{"line":21,"column":6}},"14":{"start":{"line":18,"column":8},"end":{"line":18,"column":42}},"15":{"start":{"line":19,"column":8},"end":{"line":20,"column":35}},"16":{"start":{"line":20,"column":12},"end":{"line":20,"column":35}},"17":{"start":{"line":22,"column":4},"end":{"line":30,"column":6}},"18":{"start":{"line":23,"column":8},"end":{"line":23,"column":59}},"19":{"start":{"line":24,"column":8},"end":{"line":24,"column":60}},"20":{"start":{"line":25,"column":8},"end":{"line":25,"column":59}},"21":{"start":{"line":26,"column":8},"end":{"line":26,"column":61}},"22":{"start":{"line":27,"column":8},"end":{"line":27,"column":63}},"23":{"start":{"line":28,"column":8},"end":{"line":28,"column":74}},"24":{"start":{"line":29,"column":8},"end":{"line":29,"column":20}},"25":{"start":{"line":31,"column":4},"end":{"line":31,"column":18}},"26":{"start":{"line":33,"column":0},"end":{"line":33,"column":24}}},"branchMap":{"1":{"line":10,"type":"if","locations":[{"start":{"line":10,"column":12},"end":{"line":10,"column":12}},{"start":{"line":10,"column":12},"end":{"line":10,"column":12}}]},"2":{"line":12,"type":"if","locations":[{"start":{"line":12,"column":17},"end":{"line":12,"column":17}},{"start":{"line":12,"column":17},"end":{"line":12,"column":17}}]},"3":{"line":19,"type":"if","locations":[{"start":{"line":19,"column":8},"end":{"line":19,"column":8}},{"start":{"line":19,"column":8},"end":{"line":19,"column":8}}]}}},"/Users/sineideferreira/Virtualenvs/instabuyModules/dist/shared/models/productskit.model.js":{"path":"/Users/sineideferreira/Virtualenvs/instabuyModules/dist/shared/models/productskit.model.js","s":{"1":1,"2":1,"3":0,"4":0,"5":0,"6":0,"7":1,"8":3,"9":1,"10":3,"11":3,"12":1,"13":1,"14":1,"15":1,"16":1,"17":1,"18":1,"19":0,"20":0,"21":0,"22":0,"23":0,"24":0,"25":1,"26":0,"27":0,"28":0,"29":0,"30":0,"31":0,"32":0,"33":1,"34":0,"35":0,"36":0,"37":1,"38":0,"39":1,"40":0,"41":1,"42":0,"43":1,"44":0,"45":0,"46":0,"47":0,"48":0,"49":0,"50":0,"51":1,"52":0,"53":1,"54":0,"55":0,"56":0,"57":0,"58":1,"59":0,"60":0,"61":0,"62":0,"63":0,"64":0,"65":0,"66":0,"67":0,"68":0,"69":0,"70":0,"71":0,"72":0,"73":1,"74":1,"75":1,"76":1,"77":1,"78":0,"79":0,"80":0,"81":0,"82":1,"83":0,"84":0,"85":0,"86":0,"87":0,"88":1,"89":0,"90":0,"91":0,"92":0,"93":1,"94":0,"95":0,"96":0,"97":0,"98":0,"99":1,"100":0,"101":0,"102":0,"103":0,"104":0,"105":0,"106":0,"107":0,"108":0,"109":0,"110":0,"111":1,"112":1,"113":1,"114":1,"115":1,"116":0,"117":0,"118":0,"119":0,"120":0,"121":0,"122":1,"123":0,"124":0,"125":0,"126":1,"127":0,"128":0,"129":0,"130":0,"131":0,"132":1,"133":1},"b":{"1":[1,1,1],"2":[1,0,0,0],"3":[0,0],"4":[0,3],"5":[0,0],"6":[0,0],"7":[0,0],"8":[0,0],"9":[0,0],"10":[0,0],"11":[0,0,0],"12":[0,0],"13":[0,0],"14":[0,0],"15":[0,0],"16":[0,0],"17":[0,0],"18":[0,0],"19":[0,0],"20":[0,0],"21":[0,0],"22":[0,0],"23":[0,0],"24":[0,0],"25":[0,0],"26":[0,0],"27":[0,0]},"f":{"1":1,"2":0,"3":0,"4":3,"5":3,"6":1,"7":0,"8":0,"9":0,"10":0,"11":0,"12":0,"13":0,"14":0,"15":0,"16":0,"17":0,"18":1,"19":0,"20":0,"21":0,"22":0,"23":0,"24":0,"25":0,"26":1,"27":0,"28":0,"29":0},"fnMap":{"1":{"name":"(anonymous_1)","line":2,"loc":{"start":{"line":2,"column":45},"end":{"line":2,"column":57}}},"2":{"name":"(anonymous_2)","line":4,"loc":{"start":{"line":4,"column":47},"end":{"line":4,"column":63}}},"3":{"name":"(anonymous_3)","line":5,"loc":{"start":{"line":5,"column":8},"end":{"line":5,"column":24}}},"4":{"name":"(anonymous_4)","line":6,"loc":{"start":{"line":6,"column":11},"end":{"line":6,"column":27}}},"5":{"name":"__","line":8,"loc":{"start":{"line":8,"column":8},"end":{"line":8,"column":22}}},"6":{"name":"(anonymous_6)","line":16,"loc":{"start":{"line":16,"column":21},"end":{"line":16,"column":39}}},"7":{"name":"IBProductsKit","line":18,"loc":{"start":{"line":18,"column":4},"end":{"line":18,"column":33}}},"8":{"name":"(anonymous_8)","line":26,"loc":{"start":{"line":26,"column":38},"end":{"line":26,"column":54}}},"9":{"name":"(anonymous_9)","line":37,"loc":{"start":{"line":37,"column":44},"end":{"line":37,"column":56}}},"10":{"name":"(anonymous_10)","line":43,"loc":{"start":{"line":43,"column":42},"end":{"line":43,"column":54}}},"11":{"name":"(anonymous_11)","line":46,"loc":{"start":{"line":46,"column":39},"end":{"line":46,"column":51}}},"12":{"name":"(anonymous_12)","line":49,"loc":{"start":{"line":49,"column":50},"end":{"line":49,"column":65}}},"13":{"name":"(anonymous_13)","line":53,"loc":{"start":{"line":53,"column":39},"end":{"line":53,"column":51}}},"14":{"name":"(anonymous_14)","line":64,"loc":{"start":{"line":64,"column":44},"end":{"line":64,"column":56}}},"15":{"name":"(anonymous_15)","line":67,"loc":{"start":{"line":67,"column":43},"end":{"line":67,"column":55}}},"16":{"name":"(anonymous_16)","line":69,"loc":{"start":{"line":69,"column":29},"end":{"line":69,"column":47}}},"17":{"name":"(anonymous_17)","line":77,"loc":{"start":{"line":77,"column":46},"end":{"line":77,"column":68}}},"18":{"name":"(anonymous_18)","line":107,"loc":{"start":{"line":107,"column":27},"end":{"line":107,"column":45}}},"19":{"name":"IBProductsKitBundle","line":109,"loc":{"start":{"line":109,"column":4},"end":{"line":109,"column":39}}},"20":{"name":"(anonymous_20)","line":115,"loc":{"start":{"line":115,"column":44},"end":{"line":115,"column":60}}},"21":{"name":"(anonymous_21)","line":124,"loc":{"start":{"line":124,"column":58},"end":{"line":124,"column":70}}},"22":{"name":"(anonymous_22)","line":126,"loc":{"start":{"line":126,"column":30},"end":{"line":126,"column":49}}},"23":{"name":"(anonymous_23)","line":131,"loc":{"start":{"line":131,"column":55},"end":{"line":131,"column":67}}},"24":{"name":"(anonymous_24)","line":139,"loc":{"start":{"line":139,"column":49},"end":{"line":139,"column":61}}},"25":{"name":"(anonymous_25)","line":141,"loc":{"start":{"line":141,"column":30},"end":{"line":141,"column":49}}},"26":{"name":"(anonymous_26)","line":158,"loc":{"start":{"line":158,"column":31},"end":{"line":158,"column":49}}},"27":{"name":"IBProductsKitBundleItem","line":160,"loc":{"start":{"line":160,"column":4},"end":{"line":160,"column":43}}},"28":{"name":"(anonymous_28)","line":168,"loc":{"start":{"line":168,"column":48},"end":{"line":168,"column":64}}},"29":{"name":"(anonymous_29)","line":174,"loc":{"start":{"line":174,"column":55},"end":{"line":174,"column":67}}}},"statementMap":{"1":{"start":{"line":2,"column":0},"end":{"line":11,"column":5}},"2":{"start":{"line":3,"column":4},"end":{"line":5,"column":83}},"3":{"start":{"line":4,"column":65},"end":{"line":4,"column":81}},"4":{"start":{"line":5,"column":26},"end":{"line":5,"column":80}},"5":{"start":{"line":5,"column":43},"end":{"line":5,"column":80}},"6":{"start":{"line":5,"column":68},"end":{"line":5,"column":80}},"7":{"start":{"line":6,"column":4},"end":{"line":10,"column":6}},"8":{"start":{"line":7,"column":8},"end":{"line":7,"column":28}},"9":{"start":{"line":8,"column":8},"end":{"line":8,"column":47}},"10":{"start":{"line":8,"column":24},"end":{"line":8,"column":45}},"11":{"start":{"line":9,"column":8},"end":{"line":9,"column":93}},"12":{"start":{"line":12,"column":0},"end":{"line":12,"column":47}},"13":{"start":{"line":13,"column":0},"end":{"line":13,"column":49}},"14":{"start":{"line":14,"column":0},"end":{"line":14,"column":43}},"15":{"start":{"line":15,"column":0},"end":{"line":15,"column":51}},"16":{"start":{"line":16,"column":0},"end":{"line":105,"column":24}},"17":{"start":{"line":17,"column":4},"end":{"line":17,"column":37}},"18":{"start":{"line":18,"column":4},"end":{"line":25,"column":5}},"19":{"start":{"line":19,"column":8},"end":{"line":19,"column":52}},"20":{"start":{"line":20,"column":8},"end":{"line":20,"column":28}},"21":{"start":{"line":21,"column":8},"end":{"line":21,"column":29}},"22":{"start":{"line":22,"column":8},"end":{"line":23,"column":32}},"23":{"start":{"line":23,"column":12},"end":{"line":23,"column":32}},"24":{"start":{"line":24,"column":8},"end":{"line":24,"column":21}},"25":{"start":{"line":26,"column":4},"end":{"line":36,"column":6}},"26":{"start":{"line":27,"column":8},"end":{"line":27,"column":50}},"27":{"start":{"line":28,"column":8},"end":{"line":29,"column":90}},"28":{"start":{"line":29,"column":12},"end":{"line":29,"column":90}},"29":{"start":{"line":30,"column":8},"end":{"line":30,"column":26}},"30":{"start":{"line":31,"column":8},"end":{"line":35,"column":9}},"31":{"start":{"line":32,"column":12},"end":{"line":34,"column":13}},"32":{"start":{"line":33,"column":16},"end":{"line":33,"column":79}},"33":{"start":{"line":37,"column":4},"end":{"line":42,"column":6}},"34":{"start":{"line":38,"column":8},"end":{"line":41,"column":30}},"35":{"start":{"line":39,"column":12},"end":{"line":39,"column":36}},"36":{"start":{"line":41,"column":12},"end":{"line":41,"column":30}},"37":{"start":{"line":43,"column":4},"end":{"line":45,"column":6}},"38":{"start":{"line":44,"column":8},"end":{"line":44,"column":50}},"39":{"start":{"line":46,"column":4},"end":{"line":48,"column":6}},"40":{"start":{"line":47,"column":8},"end":{"line":47,"column":17}},"41":{"start":{"line":49,"column":4},"end":{"line":52,"column":6}},"42":{"start":{"line":51,"column":8},"end":{"line":51,"column":20}},"43":{"start":{"line":53,"column":4},"end":{"line":63,"column":6}},"44":{"start":{"line":54,"column":8},"end":{"line":54,"column":41}},"45":{"start":{"line":55,"column":8},"end":{"line":61,"column":9}},"46":{"start":{"line":56,"column":12},"end":{"line":56,"column":32}},"47":{"start":{"line":57,"column":12},"end":{"line":60,"column":13}},"48":{"start":{"line":58,"column":16},"end":{"line":58,"column":37}},"49":{"start":{"line":59,"column":16},"end":{"line":59,"column":109}},"50":{"start":{"line":62,"column":8},"end":{"line":62,"column":21}},"51":{"start":{"line":64,"column":4},"end":{"line":66,"column":6}},"52":{"start":{"line":65,"column":8},"end":{"line":65,"column":75}},"53":{"start":{"line":67,"column":4},"end":{"line":73,"column":6}},"54":{"start":{"line":68,"column":8},"end":{"line":68,"column":25}},"55":{"start":{"line":69,"column":8},"end":{"line":71,"column":11}},"56":{"start":{"line":70,"column":12},"end":{"line":70,"column":54}},"57":{"start":{"line":72,"column":8},"end":{"line":72,"column":23}},"58":{"start":{"line":77,"column":4},"end":{"line":103,"column":6}},"59":{"start":{"line":78,"column":8},"end":{"line":82,"column":10}},"60":{"start":{"line":83,"column":8},"end":{"line":83,"column":28}},"61":{"start":{"line":84,"column":8},"end":{"line":100,"column":9}},"62":{"start":{"line":85,"column":12},"end":{"line":85,"column":32}},"63":{"start":{"line":86,"column":12},"end":{"line":88,"column":14}},"64":{"start":{"line":89,"column":12},"end":{"line":89,"column":30}},"65":{"start":{"line":90,"column":12},"end":{"line":97,"column":13}},"66":{"start":{"line":91,"column":16},"end":{"line":91,"column":37}},"67":{"start":{"line":92,"column":16},"end":{"line":96,"column":23}},"68":{"start":{"line":93,"column":20},"end":{"line":96,"column":23}},"69":{"start":{"line":98,"column":12},"end":{"line":98,"column":45}},"70":{"start":{"line":99,"column":12},"end":{"line":99,"column":39}},"71":{"start":{"line":101,"column":8},"end":{"line":101,"column":40}},"72":{"start":{"line":102,"column":8},"end":{"line":102,"column":23}},"73":{"start":{"line":104,"column":4},"end":{"line":104,"column":25}},"74":{"start":{"line":106,"column":0},"end":{"line":106,"column":38}},"75":{"start":{"line":107,"column":0},"end":{"line":156,"column":28}},"76":{"start":{"line":108,"column":4},"end":{"line":108,"column":43}},"77":{"start":{"line":109,"column":4},"end":{"line":114,"column":5}},"78":{"start":{"line":110,"column":8},"end":{"line":110,"column":52}},"79":{"start":{"line":111,"column":8},"end":{"line":112,"column":32}},"80":{"start":{"line":112,"column":12},"end":{"line":112,"column":32}},"81":{"start":{"line":113,"column":8},"end":{"line":113,"column":21}},"82":{"start":{"line":115,"column":4},"end":{"line":123,"column":6}},"83":{"start":{"line":116,"column":8},"end":{"line":116,"column":50}},"84":{"start":{"line":117,"column":8},"end":{"line":117,"column":27}},"85":{"start":{"line":118,"column":8},"end":{"line":122,"column":9}},"86":{"start":{"line":119,"column":12},"end":{"line":121,"column":13}},"87":{"start":{"line":120,"column":16},"end":{"line":120,"column":85}},"88":{"start":{"line":124,"column":4},"end":{"line":130,"column":6}},"89":{"start":{"line":125,"column":8},"end":{"line":125,"column":20}},"90":{"start":{"line":126,"column":8},"end":{"line":128,"column":11}},"91":{"start":{"line":127,"column":12},"end":{"line":127,"column":38}},"92":{"start":{"line":129,"column":8},"end":{"line":129,"column":19}},"93":{"start":{"line":131,"column":4},"end":{"line":138,"column":6}},"94":{"start":{"line":132,"column":8},"end":{"line":136,"column":9}},"95":{"start":{"line":133,"column":12},"end":{"line":133,"column":30}},"96":{"start":{"line":134,"column":12},"end":{"line":135,"column":28}},"97":{"start":{"line":135,"column":16},"end":{"line":135,"column":28}},"98":{"start":{"line":137,"column":8},"end":{"line":137,"column":21}},"99":{"start":{"line":139,"column":4},"end":{"line":154,"column":6}},"100":{"start":{"line":140,"column":8},"end":{"line":140,"column":25}},"101":{"start":{"line":141,"column":8},"end":{"line":150,"column":11}},"102":{"start":{"line":142,"column":12},"end":{"line":149,"column":13}},"103":{"start":{"line":143,"column":16},"end":{"line":144,"column":45}},"104":{"start":{"line":144,"column":20},"end":{"line":144,"column":45}},"105":{"start":{"line":145,"column":16},"end":{"line":148,"column":85}},"106":{"start":{"line":146,"column":20},"end":{"line":146,"column":58}},"107":{"start":{"line":148,"column":20},"end":{"line":148,"column":85}},"108":{"start":{"line":151,"column":8},"end":{"line":152,"column":37}},"109":{"start":{"line":152,"column":12},"end":{"line":152,"column":37}},"110":{"start":{"line":153,"column":8},"end":{"line":153,"column":23}},"111":{"start":{"line":155,"column":4},"end":{"line":155,"column":31}},"112":{"start":{"line":157,"column":0},"end":{"line":157,"column":50}},"113":{"start":{"line":158,"column":0},"end":{"line":183,"column":28}},"114":{"start":{"line":159,"column":4},"end":{"line":159,"column":47}},"115":{"start":{"line":160,"column":4},"end":{"line":167,"column":5}},"116":{"start":{"line":161,"column":8},"end":{"line":161,"column":52}},"117":{"start":{"line":162,"column":8},"end":{"line":162,"column":28}},"118":{"start":{"line":163,"column":8},"end":{"line":163,"column":29}},"119":{"start":{"line":164,"column":8},"end":{"line":165,"column":32}},"120":{"start":{"line":165,"column":12},"end":{"line":165,"column":32}},"121":{"start":{"line":166,"column":8},"end":{"line":166,"column":21}},"122":{"start":{"line":168,"column":4},"end":{"line":173,"column":6}},"123":{"start":{"line":169,"column":8},"end":{"line":169,"column":50}},"124":{"start":{"line":170,"column":8},"end":{"line":172,"column":9}},"125":{"start":{"line":171,"column":12},"end":{"line":171,"column":68}},"126":{"start":{"line":174,"column":4},"end":{"line":181,"column":6}},"127":{"start":{"line":175,"column":8},"end":{"line":180,"column":22}},"128":{"start":{"line":176,"column":12},"end":{"line":176,"column":34}},"129":{"start":{"line":177,"column":13},"end":{"line":180,"column":22}},"130":{"start":{"line":178,"column":12},"end":{"line":178,"column":59}},"131":{"start":{"line":180,"column":12},"end":{"line":180,"column":22}},"132":{"start":{"line":182,"column":4},"end":{"line":182,"column":35}},"133":{"start":{"line":184,"column":0},"end":{"line":184,"column":58}}},"branchMap":{"1":{"line":2,"type":"binary-expr","locations":[{"start":{"line":2,"column":17},"end":{"line":2,"column":21}},{"start":{"line":2,"column":25},"end":{"line":2,"column":39}},{"start":{"line":2,"column":44},"end":{"line":11,"column":4}}]},"2":{"line":3,"type":"binary-expr","locations":[{"start":{"line":3,"column":24},"end":{"line":3,"column":45}},{"start":{"line":4,"column":9},"end":{"line":4,"column":43}},{"start":{"line":4,"column":47},"end":{"line":4,"column":83}},{"start":{"line":5,"column":8},"end":{"line":5,"column":82}}]},"3":{"line":5,"type":"if","locations":[{"start":{"line":5,"column":43},"end":{"line":5,"column":43}},{"start":{"line":5,"column":43},"end":{"line":5,"column":43}}]},"4":{"line":9,"type":"cond-expr","locations":[{"start":{"line":9,"column":35},"end":{"line":9,"column":51}},{"start":{"line":9,"column":55},"end":{"line":9,"column":91}}]},"5":{"line":19,"type":"binary-expr","locations":[{"start":{"line":19,"column":20},"end":{"line":19,"column":43}},{"start":{"line":19,"column":47},"end":{"line":19,"column":51}}]},"6":{"line":22,"type":"if","locations":[{"start":{"line":22,"column":8},"end":{"line":22,"column":8}},{"start":{"line":22,"column":8},"end":{"line":22,"column":8}}]},"7":{"line":28,"type":"if","locations":[{"start":{"line":28,"column":8},"end":{"line":28,"column":8}},{"start":{"line":28,"column":8},"end":{"line":28,"column":8}}]},"8":{"line":31,"type":"if","locations":[{"start":{"line":31,"column":8},"end":{"line":31,"column":8}},{"start":{"line":31,"column":8},"end":{"line":31,"column":8}}]},"9":{"line":31,"type":"binary-expr","locations":[{"start":{"line":31,"column":12},"end":{"line":31,"column":27}},{"start":{"line":31,"column":31},"end":{"line":31,"column":57}}]},"10":{"line":38,"type":"if","locations":[{"start":{"line":38,"column":8},"end":{"line":38,"column":8}},{"start":{"line":38,"column":8},"end":{"line":38,"column":8}}]},"11":{"line":38,"type":"binary-expr","locations":[{"start":{"line":38,"column":12},"end":{"line":38,"column":29}},{"start":{"line":38,"column":33},"end":{"line":38,"column":73}},{"start":{"line":38,"column":77},"end":{"line":38,"column":93}}]},"12":{"line":92,"type":"if","locations":[{"start":{"line":92,"column":16},"end":{"line":92,"column":16}},{"start":{"line":92,"column":16},"end":{"line":92,"column":16}}]},"13":{"line":110,"type":"binary-expr","locations":
[...]
ine":12,"column":47}},"13":{"start":{"line":13,"column":0},"end":{"line":13,"column":51}},"14":{"start":{"line":14,"column":0},"end":{"line":91,"column":5}},"15":{"start":{"line":15,"column":4},"end":{"line":80,"column":5}},"16":{"start":{"line":16,"column":8},"end":{"line":77,"column":10}},"17":{"start":{"line":78,"column":8},"end":{"line":79,"column":29}},"18":{"start":{"line":79,"column":12},"end":{"line":79,"column":29}},"19":{"start":{"line":81,"column":4},"end":{"line":89,"column":6}},"20":{"start":{"line":82,"column":8},"end":{"line":88,"column":9}},"21":{"start":{"line":83,"column":12},"end":{"line":87,"column":13}},"22":{"start":{"line":84,"column":16},"end":{"line":84,"column":45}},"23":{"start":{"line":85,"column":16},"end":{"line":85,"column":51}},"24":{"start":{"line":86,"column":16},"end":{"line":86,"column":51}},"25":{"start":{"line":90,"column":4},"end":{"line":90,"column":20}},"26":{"start":{"line":92,"column":0},"end":{"line":92,"column":28}},"27":{"start":{"line":93,"column":0},"end":{"line":102,"column":28}},"28":{"start":{"line":94,"column":4},"end":{"line":94,"column":38}},"29":{"start":{"line":95,"column":4},"end":{"line":97,"column":5}},"30":{"start":{"line":96,"column":8},"end":{"line":96,"column":72}},"31":{"start":{"line":98,"column":4},"end":{"line":100,"column":6}},"32":{"start":{"line":99,"column":8},"end":{"line":99,"column":37}},"33":{"start":{"line":101,"column":4},"end":{"line":101,"column":26}},"34":{"start":{"line":103,"column":0},"end":{"line":103,"column":40}},"35":{"start":{"line":104,"column":0},"end":{"line":138,"column":28}},"36":{"start":{"line":105,"column":4},"end":{"line":105,"column":42}},"37":{"start":{"line":106,"column":4},"end":{"line":110,"column":5}},"38":{"start":{"line":107,"column":8},"end":{"line":107,"column":46}},"39":{"start":{"line":108,"column":8},"end":{"line":108,"column":28}},"40":{"start":{"line":109,"column":8},"end":{"line":109,"column":21}},"41":{"start":{"line":111,"column":4},"end":{"line":113,"column":6}},"42":{"start":{"line":112,"column":8},"end":{"line":112,"column":50}},"43":{"start":{"line":114,"column":4},"end":{"line":116,"column":6}},"44":{"start":{"line":115,"column":8},"end":{"line":115,"column":42}},"45":{"start":{"line":117,"column":4},"end":{"line":136,"column":6}},"46":{"start":{"line":118,"column":8},"end":{"line":118,"column":29}},"47":{"start":{"line":119,"column":8},"end":{"line":134,"column":11}},"48":{"start":{"line":120,"column":12},"end":{"line":120,"column":29}},"49":{"start":{"line":121,"column":12},"end":{"line":130,"column":15}},"50":{"start":{"line":122,"column":16},"end":{"line":129,"column":17}},"51":{"start":{"line":123,"column":20},"end":{"line":124,"column":49}},"52":{"start":{"line":124,"column":24},"end":{"line":124,"column":49}},"53":{"start":{"line":125,"column":20},"end":{"line":128,"column":75}},"54":{"start":{"line":126,"column":24},"end":{"line":126,"column":60}},"55":{"start":{"line":128,"column":24},"end":{"line":128,"column":75}},"56":{"start":{"line":131,"column":12},"end":{"line":132,"column":41}},"57":{"start":{"line":132,"column":16},"end":{"line":132,"column":41}},"58":{"start":{"line":133,"column":12},"end":{"line":133,"column":48}},"59":{"start":{"line":135,"column":8},"end":{"line":135,"column":27}},"60":{"start":{"line":137,"column":4},"end":{"line":137,"column":30}},"61":{"start":{"line":139,"column":0},"end":{"line":139,"column":48}},"62":{"start":{"line":140,"column":0},"end":{"line":174,"column":28}},"63":{"start":{"line":141,"column":4},"end":{"line":141,"column":42}},"64":{"start":{"line":142,"column":4},"end":{"line":146,"column":5}},"65":{"start":{"line":143,"column":8},"end":{"line":143,"column":46}},"66":{"start":{"line":144,"column":8},"end":{"line":144,"column":28}},"67":{"start":{"line":145,"column":8},"end":{"line":145,"column":21}},"68":{"start":{"line":147,"column":4},"end":{"line":149,"column":6}},"69":{"start":{"line":148,"column":8},"end":{"line":148,"column":50}},"70":{"start":{"line":150,"column":4},"end":{"line":152,"column":6}},"71":{"start":{"line":151,"column":8},"end":{"line":151,"column":37}},"72":{"start":{"line":153,"column":4},"end":{"line":172,"column":6}},"73":{"start":{"line":154,"column":8},"end":{"line":154,"column":29}},"74":{"start":{"line":155,"column":8},"end":{"line":170,"column":11}},"75":{"start":{"line":156,"column":12},"end":{"line":156,"column":29}},"76":{"start":{"line":157,"column":12},"end":{"line":166,"column":15}},"77":{"start":{"line":158,"column":16},"end":{"line":165,"column":17}},"78":{"start":{"line":159,"column":20},"end":{"line":160,"column":49}},"79":{"start":{"line":160,"column":24},"end":{"line":160,"column":49}},"80":{"start":{"line":161,"column":20},"end":{"line":164,"column":70}},"81":{"start":{"line":162,"column":24},"end":{"line":162,"column":60}},"82":{"start":{"line":164,"column":24},"end":{"line":164,"column":70}},"83":{"start":{"line":167,"column":12},"end":{"line":168,"column":41}},"84":{"start":{"line":168,"column":16},"end":{"line":168,"column":41}},"85":{"start":{"line":169,"column":12},"end":{"line":169,"column":48}},"86":{"start":{"line":171,"column":8},"end":{"line":171,"column":27}},"87":{"start":{"line":173,"column":4},"end":{"line":173,"column":30}},"88":{"start":{"line":175,"column":0},"end":{"line":175,"column":48}},"89":{"start":{"line":176,"column":0},"end":{"line":191,"column":28}},"90":{"start":{"line":177,"column":4},"end":{"line":177,"column":48}},"91":{"start":{"line":178,"column":4},"end":{"line":182,"column":5}},"92":{"start":{"line":179,"column":8},"end":{"line":179,"column":46}},"93":{"start":{"line":180,"column":8},"end":{"line":180,"column":28}},"94":{"start":{"line":181,"column":8},"end":{"line":181,"column":21}},"95":{"start":{"line":183,"column":4},"end":{"line":189,"column":6}},"96":{"start":{"line":184,"column":8},"end":{"line":184,"column":50}},"97":{"start":{"line":185,"column":8},"end":{"line":185,"column":27}},"98":{"start":{"line":186,"column":8},"end":{"line":188,"column":9}},"99":{"start":{"line":187,"column":12},"end":{"line":187,"column":90}},"100":{"start":{"line":190,"column":4},"end":{"line":190,"column":36}},"101":{"start":{"line":192,"column":0},"end":{"line":192,"column":60}},"102":{"start":{"line":193,"column":0},"end":{"line":204,"column":28}},"103":{"start":{"line":194,"column":4},"end":{"line":194,"column":56}},"104":{"start":{"line":195,"column":4},"end":{"line":199,"column":5}},"105":{"start":{"line":196,"column":8},"end":{"line":196,"column":46}},"106":{"start":{"line":197,"column":8},"end":{"line":197,"column":28}},"107":{"start":{"line":198,"column":8},"end":{"line":198,"column":21}},"108":{"start":{"line":200,"column":4},"end":{"line":202,"column":6}},"109":{"start":{"line":201,"column":8},"end":{"line":201,"column":50}},"110":{"start":{"line":203,"column":4},"end":{"line":203,"column":44}},"111":{"start":{"line":205,"column":0},"end":{"line":205,"column":76}},"112":{"start":{"line":206,"column":0},"end":{"line":310,"column":28}},"113":{"start":{"line":207,"column":4},"end":{"line":207,"column":31}},"114":{"start":{"line":208,"column":4},"end":{"line":212,"column":5}},"115":{"start":{"line":209,"column":8},"end":{"line":209,"column":46}},"116":{"start":{"line":210,"column":8},"end":{"line":210,"column":28}},"117":{"start":{"line":211,"column":8},"end":{"line":211,"column":21}},"118":{"start":{"line":213,"column":4},"end":{"line":240,"column":6}},"119":{"start":{"line":214,"column":8},"end":{"line":214,"column":50}},"120":{"start":{"line":215,"column":8},"end":{"line":215,"column":27}},"121":{"start":{"line":216,"column":8},"end":{"line":220,"column":9}},"122":{"start":{"line":217,"column":12},"end":{"line":219,"column":13}},"123":{"start":{"line":218,"column":16},"end":{"line":218,"column":76}},"124":{"start":{"line":221,"column":8},"end":{"line":221,"column":23}},"125":{"start":{"line":222,"column":8},"end":{"line":226,"column":9}},"126":{"start":{"line":223,"column":12},"end":{"line":225,"column":13}},"127":{"start":{"line":224,"column":16},"end":{"line":224,"column":72}},"128":{"start":{"line":227,"column":8},"end":{"line":227,"column":31}},"129":{"start":{"line":228,"column":8},"end":{"line":232,"column":9}},"130":{"start":{"line":229,"column":12},"end":{"line":231,"column":13}},"131":{"start":{"line":230,"column":16},"end":{"line":230,"column":88}},"132":{"start":{"line":233,"column":8},"end":{"line":233,"column":32}},"133":{"start":{"line":234,"column":8},"end":{"line":236,"column":9}},"134":{"start":{"line":235,"column":12},"end":{"line":235,"column":55}},"135":{"start":{"line":237,"column":8},"end":{"line":239,"column":9}},"136":{"start":{"line":238,"column":12},"end":{"line":238,"column":86}},"137":{"start":{"line":241,"column":4},"end":{"line":254,"column":6}},"138":{"start":{"line":242,"column":8},"end":{"line":242,"column":20}},"139":{"start":{"line":243,"column":8},"end":{"line":243,"column":42}},"140":{"start":{"line":244,"column":8},"end":{"line":246,"column":9}},"141":{"start":{"line":245,"column":12},"end":{"line":245,"column":81}},"142":{"start":{"line":247,"column":8},"end":{"line":249,"column":9}},"143":{"start":{"line":248,"column":12},"end":{"line":248,"column":94}},"144":{"start":{"line":250,"column":8},"end":{"line":252,"column":9}},"145":{"start":{"line":251,"column":12},"end":{"line":251,"column":73}},"146":{"start":{"line":253,"column":8},"end":{"line":253,"column":19}},"147":{"start":{"line":255,"column":4},"end":{"line":263,"column":6}},"148":{"start":{"line":256,"column":8},"end":{"line":262,"column":21}},"149":{"start":{"line":257,"column":12},"end":{"line":257,"column":79}},"150":{"start":{"line":258,"column":12},"end":{"line":258,"column":114}},"151":{"start":{"line":259,"column":12},"end":{"line":259,"column":45}},"152":{"start":{"line":262,"column":12},"end":{"line":262,"column":21}},"153":{"start":{"line":264,"column":4},"end":{"line":269,"column":6}},"154":{"start":{"line":265,"column":8},"end":{"line":268,"column":21}},"155":{"start":{"line":266,"column":12},"end":{"line":266,"column":37}},"156":{"start":{"line":268,"column":12},"end":{"line":268,"column":21}},"157":{"start":{"line":270,"column":4},"end":{"line":281,"column":6}},"158":{"start":{"line":271,"column":8},"end":{"line":280,"column":9}},"159":{"start":{"line":272,"column":12},"end":{"line":272,"column":21}},"160":{"start":{"line":274,"column":12},"end":{"line":279,"column":69}},"161":{"start":{"line":275,"column":16},"end":{"line":275,"column":42}},"162":{"start":{"line":276,"column":17},"end":{"line":279,"column":69}},"163":{"start":{"line":277,"column":16},"end":{"line":277,"column":41}},"164":{"start":{"line":279,"column":16},"end":{"line":279,"column":69}},"165":{"start":{"line":282,"column":4},"end":{"line":284,"column":6}},"166":{"start":{"line":283,"column":8},"end":{"line":283,"column":94}},"167":{"start":{"line":285,"column":4},"end":{"line":291,"column":6}},"168":{"start":{"line":286,"column":8},"end":{"line":287,"column":30}},"169":{"start":{"line":287,"column":12},"end":{"line":287,"column":30}},"170":{"start":{"line":288,"column":8},"end":{"line":289,"column":37}},"171":{"start":{"line":289,"column":12},"end":{"line":289,"column":37}},"172":{"start":{"line":290,"column":8},"end":{"line":290,"column":18}},"173":{"start":{"line":292,"column":4},"end":{"line":308,"column":6}},"174":{"start":{"line":293,"column":8},"end":{"line":294,"column":29}},"175":{"start":{"line":294,"column":12},"end":{"line":294,"column":29}},"176":{"start":{"line":295,"column":8},"end":{"line":296,"column":28}},"177":{"start":{"line":296,"column":12},"end":{"line":296,"column":28}},"178":{"start":{"line":297,"column":8},"end":{"line":298,"column":30}},"179":{"start":{"line":298,"column":12},"end":{"line":298,"column":30}},"180":{"start":{"line":299,"column":8},"end":{"line":300,"column":28}},"181":{"start":{"line":300,"column":12},"end":{"line":300,"column":28}},"182":{"start":{"line":301,"column":8},"end":{"line":302,"column":37}},"183":{"start":{"line":302,"column":12},"end":{"line":302,"column":37}},"184":{"start":{"line":303,"column":8},"end":{"line":304,"column":38}},"185":{"start":{"line":304,"column":12},"end":{"line":304,"column":38}},"186":{"start":{"line":305,"column":8},"end":{"line":306,"column":39}},"187":{"start":{"line":306,"column":12},"end":{"line":306,"column":39}},"188":{"start":{"line":307,"column":8},"end":{"line":307,"column":18}},"189":{"start":{"line":309,"column":4},"end":{"line":309,"column":19}},"190":{"start":{"line":311,"column":0},"end":{"line":311,"column":26}}},"branchMap":{"1":{"line":2,"type":"binary-expr","locations":[{"start":{"line":2,"column":17},"end":{"line":2,"column":21}},{"start":{"line":2,"column":25},"end":{"line":2,"column":39}},{"start":{"line":2,"column":44},"end":{"line":11,"column":4}}]},"2":{"line":3,"type":"binary-expr","locations":[{"start":{"line":3,"column":24},"end":{"line":3,"column":45}},{"start":{"line":4,"column":9},"end":{"line":4,"column":43}},{"start":{"line":4,"column":47},"end":{"line":4,"column":83}},{"start":{"line":5,"column":8},"end":{"line":5,"column":82}}]},"3":{"line":5,"type":"if","locations":[{"start":{"line":5,"column":43},"end":{"line":5,"column":43}},{"start":{"line":5,"column":43},"end":{"line":5,"column":43}}]},"4":{"line":9,"type":"cond-expr","locations":[{"start":{"line":9,"column":35},"end":{"line":9,"column":51}},{"start":{"line":9,"column":55},"end":{"line":9,"column":91}}]},"5":{"line":78,"type":"if","locations":[{"start":{"line":78,"column":8},"end":{"line":78,"column":8}},{"start":{"line":78,"column":8},"end":{"line":78,"column":8}}]},"6":{"line":83,"type":"if","locations":[{"start":{"line":83,"column":12},"end":{"line":83,"column":12}},{"start":{"line":83,"column":12},"end":{"line":83,"column":12}}]},"7":{"line":96,"type":"binary-expr","locations":[{"start":{"line":96,"column":15},"end":{"line":96,"column":30}},{"start":{"line":96,"column":34},"end":{"line":96,"column":63}},{"start":{"line":96,"column":67},"end":{"line":96,"column":71}}]},"8":{"line":107,"type":"binary-expr","locations":[{"start":{"line":107,"column":20},"end":{"line":107,"column":37}},{"start":{"line":107,"column":41},"end":{"line":107,"column":45}}]},"9":{"line":122,"type":"if","locations":[{"start":{"line":122,"column":16},"end":{"line":122,"column":16}},{"start":{"line":122,"column":16},"end":{"line":122,"column":16}}]},"10":{"line":123,"type":"if","locations":[{"start":{"line":123,"column":20},"end":{"line":123,"column":20}},{"start":{"line":123,"column":20},"end":{"line":123,"column":20}}]},"11":{"line":125,"type":"if","locations":[{"start":{"line":125,"column":20},"end":{"line":125,"column":20}},{"start":{"line":125,"column":20},"end":{"line":125,"column":20}}]},"12":{"line":131,"type":"if","locations":[{"start":{"line":131,"column":12},"end":{"line":131,"column":12}},{"start":{"line":131,"column":12},"end":{"line":131,"column":12}}]},"13":{"line":143,"type":"binary-expr","locations":[{"start":{"line":143,"column":20},"end":{"line":143,"column":37}},{"start":{"line":143,"column":41},"end":{"line":143,"column":45}}]},"14":{"line":158,"type":"if","locations":[{"start":{"line":158,"column":16},"end":{"line":158,"column":16}},{"start":{"line":158,"column":16},"end":{"line":158,"column":16}}]},"15":{"line":159,"type":"if","locations":[{"start":{"line":159,"column":20},"end":{"line":159,"column":20}},{"start":{"line":159,"column":20},"end":{"line":159,"column":20}}]},"16":{"line":161,"type":"if","locations":[{"start":{"line":161,"column":20},"end":{"line":161,"column":20}},{"start":{"line":161,"column":20},"end":{"line":161,"column":20}}]},"17":{"line":167,"type":"if","locations":[{"start":{"line":167,"column":12},"end":{"line":167,"column":12}},{"start":{"line":167,"column":12},"end":{"line":167,"column":12}}]},"18":{"line":179,"type":"binary-expr","locations":[{"start":{"line":179,"column":20},"end":{"line":179,"column":37}},{"start":{"line":179,"column":41},"end":{"line":179,"column":45}}]},"19":{"line":196,"type":"binary-expr","locations":[{"start":{"line":196,"column":20},"end":{"line":196,"column":37}},{"start":{"line":196,"column":41},"end":{"line":196,"column":45}}]},"20":{"line":209,"type":"binary-expr","locations":[{"start":{"line":209,"column":20},"end":{"line":209,"column":37}},{"start":{"line":209,"column":41},"end":{"line":209,"column":45}}]},"21":{"line":216,"type":"if","locations":[{"start":{"line":216,"column":8},"end":{"line":216,"column":8}},{"start":{"line":216,"column":8},"end":{"line":216,"column":8}}]},"22":{"line":222,"type":"if","locations":[{"start":{"line":222,"column":8},"end":{"line":222,"column":8}},{"start":{"line":222,"column":8},"end":{"line":222,"column":8}}]},"23":{"line":228,"type":"if","locations":[{"start":{"line":228,"column":8},"end":{"line":228,"column":8}},{"start":{"line":228,"column":8},"end":{"line":228,"column":8}}]},"24":{"line":234,"type":"if","locations":[{"start":{"line":234,"column":8},"end":{"line":234,"column":8}},{"start":{"line":234,"column":8},"end":{"line":234,"column":8}}]},"25":{"line":237,"type":"if","locations":[{"start":{"line":237,"column":8},"end":{"line":237,"column":8}},{"start":{"line":237,"column":8},"end":{"line":237,"column":8}}]},"26":{"line":256,"type":"if","locations":[{"start":{"line":256,"column":8},"end":{"line":256,"column":8}},{"start":{"line":256,"column":8},"end":{"line":256,"column":8}}]},"27":{"line":256,"type":"binary-expr","locations":[{"start":{"line":256,"column":12},"end":{"line":256,"column":28}},{"start":{"line":256,"column":32},"end":{"line":256,"column":61}}]},"28":{"line":265,"type":"if","locations":[{"start":{"line":265,"column":8},"end":{"line":265,"column":8}},{"start":{"line":265,"column":8},"end":{"line":265,"column":8}}]},"29":{"line":265,"type":"binary-expr","locations":[{"start":{"line":265,"column":12},"end":{"line":265,"column":30}},{"start":{"line":265,"column":34},"end":{"line":265,"column":51}}]},"30":{"line":271,"type":"if","locations":[{"start":{"line":271,"column":8},"end":{"line":271,"column":8}},{"start":{"line":271,"column":8},"end":{"line":271,"column":8}}]},"31":{"line":274,"type":"if","locations":[{"start":{"line":274,"column":12},"end":{"line":274,"column":12}},{"start":{"line":274,"column":12},"end":{"line":274,"column":12}}]},"32":{"line":276,"type":"if","locations":[{"start":{"line":276,"column":17},"end":{"line":276,"column":17}},{"start":{"line":276,"column":17},"end":{"line":276,"column":17}}]},"33":{"line":286,"type":"if","locations":[{"start":{"line":286,"column":8},"end":{"line":286,"column":8}},{"start":{"line":286,"column":8},"end":{"line":286,"column":8}}]},"34":{"line":288,"type":"if","locations":[{"start":{"line":288,"column":8},"end":{"line":288,"column":8}},{"start":{"line":288,"column":8},"end":{"line":288,"column":8}}]},"35":{"line":293,"type":"if","locations":[{"start":{"line":293,"column":8},"end":{"line":293,"column":8}},{"start":{"line":293,"column":8},"end":{"line":293,"column":8}}]},"36":{"line":295,"type":"if","locations":[{"start":{"line":295,"column":8},"end":{"line":295,"column":8}},{"start":{"line":295,"column":8},"end":{"line":295,"column":8}}]},"37":{"line":297,"type":"if","locations":[{"start":{"line":297,"column":8},"end":{"line":297,"column":8}},{"start":{"line":297,"column":8},"end":{"line":297,"column":8}}]},"38":{"line":299,"type":"if","locations":[{"start":{"line":299,"column":8},"end":{"line":299,"column":8}},{"start":{"line":299,"column":8},"end":{"line":299,"column":8}}]},"39":{"line":301,"type":"if","locations":[{"start":{"line":301,"column":8},"end":{"line":301,"column":8}},{"start":{"line":301,"column":8},"end":{"line":301,"column":8}}]},"40":{"line":303,"type":"if","locations":[{"start":{"line":303,"column":8},"end":{"line":303,"column":8}},{"start":{"line":303,"column":8},"end":{"line":303,"column":8}}]},"41":{"line":305,"type":"if","locations":[{"start":{"line":305,"column":8},"end":{"line":305,"column":8}},{"start":{"line":305,"column":8},"end":{"line":305,"column":8}}]}}}}