TN:
SF:/Users/sineideferreira/Virtualenvs/instabuyModules/dist/index.js
FN:2,__export
FNF:1
FNH:1
FNDA:22,__export
DA:2,1
DA:3,41
DA:6,1
DA:7,1
DA:8,1
DA:9,1
DA:10,1
DA:11,1
DA:12,1
DA:13,1
DA:14,1
DA:15,1
DA:16,1
DA:17,1
DA:19,1
DA:20,1
DA:21,1
DA:22,1
DA:23,1
DA:25,1
DA:26,1
DA:27,1
DA:28,1
DA:29,1
LF:24
LH:24
BRDA:3,1,0,41
BRDA:3,1,1,0
BRF:2
BRH:1
end_of_record
TN:
SF:/Users/sineideferreira/Virtualenvs/instabuyModules/dist/shared/models/address.model.js
FN:2,(anonymous_1)
FN:4,(anonymous_2)
FN:5,(anonymous_3)
FN:6,(anonymous_4)
FN:8,__
FN:13,(anonymous_6)
FN:15,IBAddress
FN:21,(anonymous_8)
FNF:8
FNH:4
FNDA:1,(anonymous_1)
FNDA:0,(anonymous_2)
FNDA:0,(anonymous_3)
FNDA:1,(anonymous_4)
FNDA:1,__
FNDA:1,(anonymous_6)
FNDA:0,IBAddress
FNDA:0,(anonymous_8)
DA:2,1
DA:3,1
DA:4,0
DA:5,0
DA:6,1
DA:7,1
DA:8,1
DA:9,1
DA:12,1
DA:13,1
DA:14,1
DA:15,1
DA:16,0
DA:17,0
DA:18,0
DA:19,0
DA:21,1
DA:22,0
DA:23,0
DA:24,0
DA:25,0
DA:26,0
DA:27,0
DA:28,0
DA:29,0
DA:30,0
DA:31,0
DA:32,0
DA:34,1
DA:36,1
LF:30
LH:13
BRDA:2,1,0,1
BRDA:2,1,1,1
BRDA:2,1,2,1
BRDA:3,2,0,1
BRDA:3,2,1,0
BRDA:3,2,2,0
BRDA:3,2,3,0
BRDA:5,3,0,0
BRDA:5,3,1,0
BRDA:9,4,0,0
BRDA:9,4,1,1
BRDA:16,5,0,0
BRDA:16,5,1,0
BRDA:17,6,0,0
BRDA:17,6,1,0
BRF:15
BRH:5
end_of_record
TN:
SF:/Users/sineideferreira/Virtualenvs/instabuyModules/dist/shared/models/object.model.js
FN:2,(anonymous_1)
FN:3,IBObject
FN:9,(anonymous_3)
FN:15,(anonymous_4)
FNF:4
FNH:3
FNDA:1,(anonymous_1)
FNDA:2,IBObject
FNDA:1,(anonymous_3)
FNDA:0,(anonymous_4)
DA:2,1
DA:3,1
DA:4,2
DA:5,2
DA:6,2
DA:7,0
DA:9,1
DA:10,1
DA:11,0
DA:13,1
DA:15,1
DA:16,0
DA:18,1
DA:20,1
LF:14
LH:11
BRDA:4,1,0,2
BRDA:4,1,1,0
BRDA:6,2,0,0
BRDA:6,2,1,2
BRF:4
BRH:2
end_of_record
TN:
SF:/Users/sineideferreira/Virtualenvs/instabuyModules/dist/shared/models/cart.model.js
FN:2,(anonymous_1)
FN:4,(anonymous_2)
FN:5,(anonymous_3)
FN:6,(anonymous_4)
FN:8,__
FN:15,(anonymous_6)
FN:17,IBCart
FN:23,(anonymous_8)
FN:37,(anonymous_9)
FN:41,(anonymous_10)
FN:44,(anonymous_11)
FN:49,(anonymous_12)
FN:60,(anonymous_13)
FN:70,(anonymous_14)
FN:75,(anonymous_15)
FN:78,(anonymous_16)
FNF:16
FNH:4
FNDA:1,(anonymous_1)
FNDA:0,(anonymous_2)
FNDA:0,(anonymous_3)
FNDA:1,(anonymous_4)
FNDA:1,__
FNDA:1,(anonymous_6)
FNDA:0,IBCart
FNDA:0,(anonymous_8)
FNDA:0,(anonymous_9)
FNDA:0,(anonymous_10)
FNDA:0,(anonymous_11)
FNDA:0,(anonymous_12)
FNDA:0,(anonymous_13)
FNDA:0,(anonymous_14)
FNDA:0,(anonymous_15)
FNDA:0,(anonymous_16)
DA:2,1
DA:3,1
DA:4,0
DA:5,0
DA:6,1
DA:7,1
DA:8,1
DA:9,1
DA:12,1
DA:13,1
DA:14,1
DA:15,1
DA:16,1
DA:17,1
DA:18,0
DA:19,0
DA:20,0
DA:21,0
DA:23,1
DA:24,0
DA:25,0
DA:26,0
DA:27,0
DA:28,0
DA:29,0
DA:30,0
DA:32,0
DA:33,0
DA:35,0
DA:37,1
DA:38,0
DA:39,0
DA:40,0
DA:41,0
DA:42,0
DA:44,0
DA:45,0
DA:47,0
DA:49,1
DA:50,0
DA:51,0
DA:52,0
DA:53,0
DA:54,0
DA:55,0
DA:56,0
DA:57,0
DA:58,0
DA:60,1
DA:61,0
DA:62,0
DA:63,0
DA:64,0
DA:65,0
DA:66,0
DA:67,0
DA:68,0
DA:70,1
DA:71,0
DA:72,0
DA:73,0
DA:75,1
DA:76,0
DA:78,1
DA:79,0
DA:80,0
DA:81,0
DA:83,0
DA:84,0
DA:85,0
DA:86,0
DA:89,0
DA:91,1
DA:93,1
LF:74
LH:21
BRDA:2,1,0,1
BRDA:2,1,1,1
BRDA:2,1,2,1
BRDA:3,2,0,1
BRDA:3,2,1,0
BRDA:3,2,2,0
BRDA:3,2,3,0
BRDA:5,3,0,0
BRDA:5,3,1,0
BRDA:9,4,0,0
BRDA:9,4,1,1
BRDA:18,5,0,0
BRDA:18,5,1,0
BRDA:27,6,0,0
BRDA:27,6,1,0
BRDA:27,7,0,0
BRDA:27,7,1,0
BRDA:27,7,2,0
BRDA:38,8,0,0
BRDA:38,8,1,0
BRDA:50,9,0,0
BRDA:50,9,1,0
BRDA:52,10,0,0
BRDA:52,10,1,0
BRDA:54,11,0,0
BRDA:54,11,1,0
BRDA:54,12,0,0
BRDA:54,12,1,0
BRDA:56,13,0,0
BRDA:56,13,1,0
BRDA:61,14,0,0
BRDA:61,14,1,0
BRDA:64,15,0,0
BRDA:64,15,1,0
BRDA:66,16,0,0
BRDA:66,16,1,0
BRDA:71,17,0,0
BRDA:71,17,1,0
BRDA:76,18,0,0
BRDA:76,18,1,0
BRDA:79,19,0,0
BRDA:79,19,1,0
BRDA:84,20,0,0
BRDA:84,20,1,0
BRF:44
BRH:5
end_of_record
TN:
SF:/Users/sineideferreira/Virtualenvs/instabuyModules/dist/shared/models/product.model.js
FN:2,(anonymous_1)
FN:4,(anonymous_2)
FN:5,(anonymous_3)
FN:6,(anonymous_4)
FN:8,__
FN:17,(anonymous_6)
FN:19,IBProductModel
FN:27,(anonymous_8)
FN:33,(anonymous_9)
FN:36,(anonymous_10)
FN:39,(anonymous_11)
FN:48,(anonymous_12)
FN:50,IBProductLabelModel
FN:56,(anonymous_14)
FN:58,IBProduct
FN:64,(anonymous_16)
FN:97,(anonymous_17)
FN:105,(anonymous_18)
FN:128,(anonymous_19)
FN:140,(anonymous_20)
FN:145,(anonymous_21)
FN:158,(anonymous_22)
FN:168,(anonymous_23)
FN:175,(anonymous_24)
FN:181,(anonymous_25)
FNF:25
FNH:6
FNDA:1,(anonymous_1)
FNDA:0,(anonymous_2)
FNDA:0,(anonymous_3)
FNDA:3,(anonymous_4)
FNDA:3,__
FNDA:1,(anonymous_6)
FNDA:0,IBProductModel
FNDA:0,(anonymous_8)
FNDA:0,(anonymous_9)
FNDA:0,(anonymous_10)
FNDA:0,(anonymous_11)
FNDA:1,(anonymous_12)
FNDA:0,IBProductLabelModel
FNDA:1,(anonymous_14)
FNDA:0,IBProduct
FNDA:0,(anonymous_16)
FNDA:0,(anonymous_17)
FNDA:0,(anonymous_18)
FNDA:0,(anonymous_19)
FNDA:0,(anonymous_20)
FNDA:0,(anonymous_21)
FNDA:0,(anonymous_22)
FNDA:0,(anonymous_23)
FNDA:0,(anonymous_24)
FNDA:0,(anonymous_25)
DA:2,1
DA:3,1
DA:4,0
DA:5,0
DA:6,1
DA:7,3
DA:8,3
DA:9,3
DA:12,1
DA:13,1
DA:14,1
DA:15,1
DA:16,1
DA:17,1
DA:18,1
DA:19,1
DA:20,0
DA:21,0
DA:22,0
DA:23,0
DA:24,0
DA:25,0
DA:27,1
DA:28,0
DA:29,0
DA:30,0
DA:31,0
DA:33,1
DA:34,0
DA:36,1
DA:37,0
DA:39,1
DA:40,0
DA:41,0
DA:43,0
DA:45,1
DA:47,1
DA:48,1
DA:49,1
DA:50,1
DA:51,0
DA:53,1
DA:55,1
DA:56,1
DA:57,1
DA:58,1
DA:59,0
DA:60,0
DA:61,0
DA:62,0
DA:64,1
DA:65,0
DA:66,0
DA:67,0
DA:69,0
DA:70,0
DA:71,0
DA:72,0
DA:73,0
DA:76,0
DA:77,0
DA:78,0
DA:79,0
DA:80,0
DA:83,0
DA:84,0
DA:85,0
DA:86,0
DA:87,0
DA:90,0
DA:91,0
DA:92,0
DA:93,0
DA:97,1
DA:98,0
DA:99,0
DA:100,0
DA:101,0
DA:103,0
DA:105,1
DA:106,0
DA:107,0
DA:108,0
DA:109,0
DA:110,0
DA:111,0
DA:112,0
DA:113,0
DA:119,0
DA:120,0
DA:121,0
DA:122,0
DA:126,0
DA:128,1
DA:129,0
DA:130,0
DA:131,0
DA:132,0
DA:133,0
DA:135,0
DA:136,0
DA:137,0
DA:140,1
DA:141,0
DA:142,0
DA:145,1
DA:146,0
DA:147,0
DA:148,0
DA:150,0
DA:151,0
DA:152,0
DA:153,0
DA:156,0
DA:158,1
DA:159,0
DA:161,0
DA:162,0
DA:163,0
DA:164,0
DA:166,0
DA:168,1
DA:169,0
DA:170,0
DA:171,0
DA:173,0
DA:175,1
DA:176,0
DA:181,1
DA:182,0
DA:184,1
DA:186,1
LF:132
LH:40
BRDA:2,1,0,1
BRDA:2,1,1,1
BRDA:2,1,2,1
BRDA:3,2,0,1
BRDA:3,2,1,0
BRDA:3,2,2,0
BRDA:3,2,3,0
BRDA:5,3,0,0
BRDA:5,3,1,0
BRDA:9,4,0,0
BRDA:9,4,1,3
BRDA:20,5,0,0
BRDA:20,5,1,0
BRDA:30,6,0,0
BRDA:30,6,1,0
BRDA:40,7,0,0
BRDA:40,7,1,0
BRDA:40,8,0,0
BRDA:40,8,1,0
BRDA:40,8,2,0
BRDA:51,9,0,0
BRDA:51,9,1,0
BRDA:51,9,2,0
BRDA:59,10,0,0
BRDA:59,10,1,0
BRDA:60,11,0,0
BRDA:60,11,1,0
BRDA:66,12,0,0
BRDA:66,12,1,0
BRDA:71,13,0,0
BRDA:71,13,1,0
BRDA:71,14,0,0
BRDA:71,14,1,0
BRDA:71,14,2,0
BRDA:77,15,0,0
BRDA:77,15,1,0
BRDA:77,16,0,0
BRDA:77,16,1,0
BRDA:77,16,2,0
BRDA:79,17,0,0
BRDA:79,17,1,0
BRDA:84,18,0,0
BRDA:84,18,1,0
BRDA:84,19,0,0
BRDA:84,19,1,0
BRDA:84,19,2,0
BRDA:86,20,0,0
BRDA:86,20,1,0
BRDA:91,21,0,0
BRDA:91,21,1,0
BRDA:91,22,0,0
BRDA:91,22,1,0
BRDA:107,23,0,0
BRDA:107,23,1,0
BRDA:109,24,0,0
BRDA:109,24,1,0
BRDA:111,25,0,0
BRDA:111,25,1,0
BRDA:120,26,0,0
BRDA:120,26,1,0
BRDA:132,27,0,0
BRDA:132,27,1,0
BRDA:150,28,0,0
BRDA:150,28,1,0
BRDA:152,29,0,0
BRDA:152,29,1,0
BRDA:163,30,0,0
BRDA:163,30,1,0
BRDA:170,31,0,0
BRDA:170,31,1,0
BRF:70
BRH:5
end_of_record
TN:
SF:/Users/sineideferreira/Virtualenvs/instabuyModules/dist/shared/models/quantity.model.js
FN:3,(anonymous_1)
FN:4,IBQuantity
FN:12,(anonymous_3)
FNF:3
FNH:1
FNDA:1,(anonymous_1)
FNDA:0,IBQuantity
FNDA:0,(anonymous_3)
DA:2,1
DA:3,1
DA:4,1
DA:5,0
DA:6,0
DA:7,0
DA:8,0
DA:9,0
DA:10,0
DA:12,1
DA:13,0
DA:14,0
DA:15,0
DA:16,0
DA:19,0
DA:22,1
DA:24,1
LF:17
LH:6
BRDA:7,1,0,0
BRDA:7,1,1,0
BRDA:9,2,0,0
BRDA:9,2,1,0
BRDA:13,3,0,0
BRDA:13,3,1,0
BRF:6
BRH:0
end_of_record
TN:
SF:/Users/sineideferreira/Virtualenvs/instabuyModules/dist/shared/modules/general.module.js
FN:2,removeSpecialCharacters
FN:54,fixFloatPoint
FN:58,isEmpty
FN:64,priceToString
FN:81,validateEmail
FN:86,validateCep
FN:91,reverseBirthday
FN:95,isBirthdayReversed
FN:102,unreverseBirthday
FN:109,(anonymous_10)
FN:112,(anonymous_11)
FN:115,(anonymous_12)
FN:118,(anonymous_13)
FN:121,(anonymous_14)
FN:124,(anonymous_15)
FN:127,(anonymous_16)
FN:132,copyTextToClipboard
FN:177,tokenGenerator
FN:179,s4
FNF:19
FNH:0
FNDA:0,removeSpecialCharacters
FNDA:0,fixFloatPoint
FNDA:0,isEmpty
FNDA:0,priceToString
FNDA:0,validateEmail
FNDA:0,validateCep
FNDA:0,reverseBirthday
FNDA:0,isBirthdayReversed
FNDA:0,unreverseBirthday
FNDA:0,(anonymous_10)
FNDA:0,(anonymous_11)
FNDA:0,(anonymous_12)
FNDA:0,(anonymous_13)
FNDA:0,(anonymous_14)
FNDA:0,(anonymous_15)
FNDA:0,(anonymous_16)
FNDA:0,copyTextToClipboard
FNDA:0,tokenGenerator
FNDA:0,s4
DA:2,1
DA:3,0
DA:48,0
DA:49,0
DA:50,0
DA:51,0
DA:53,1
DA:54,1
DA:55,0
DA:57,1
DA:58,1
DA:59,0
DA:60,0
DA:61,0
DA:63,1
DA:64,1
DA:65,0
DA:66,0
DA:67,0
DA:68,0
DA:69,0
DA:70,0
DA:71,0
DA:72,0
DA:75,0
DA:77,0
DA:80,1
DA:81,1
DA:82,0
DA:83,0
DA:85,1
DA:86,1
DA:87,0
DA:88,0
DA:90,1
DA:91,1
DA:92,0
DA:94,1
DA:95,1
DA:96,0
DA:97,0
DA:99,0
DA:101,1
DA:102,1
DA:103,0
DA:105,1
DA:106,1
DA:110,0
DA:113,0
DA:116,0
DA:119,0
DA:122,0
DA:125,0
DA:128,0
DA:131,1
DA:132,1
DA:133,0
DA:149,0
DA:150,0
DA:151,0
DA:154,0
DA:155,0
DA:157,0
DA:159,0
DA:160,0
DA:161,0
DA:163,0
DA:164,0
DA:165,0
DA:166,0
DA:167,0
DA:168,0
DA:169,0
DA:172,0
DA:174,0
DA:176,1
DA:177,1
DA:178,0
DA:179,1
DA:180,0
DA:182,1
LF:81
LH:25
BRDA:59,1,0,0
BRDA:59,1,1,0
BRDA:65,2,0,0
BRDA:65,2,1,0
BRDA:67,3,0,0
BRDA:67,3,1,0
BRDA:69,4,0,0
BRDA:69,4,1,0
BRDA:71,5,0,0
BRDA:71,5,1,0
BRDA:96,6,0,0
BRDA:96,6,1,0
BRDA:96,7,0,0
BRDA:96,7,1,0
BRDA:169,8,0,0
BRDA:169,8,1,0
BRDA:178,9,0,0
BRDA:178,9,1,0
BRF:18
BRH:0
end_of_record
TN:
SF:/Users/sineideferreira/Virtualenvs/instabuyModules/dist/shared/models/item.model.js
FN:2,(anonymous_1)
FN:4,(anonymous_2)
FN:5,(anonymous_3)
FN:6,(anonymous_4)
FN:8,__
FN:14,(anonymous_6)
FN:18,IBItem
FN:24,(anonymous_8)
FN:35,(anonymous_9)
FNF:9
FNH:4
FNDA:1,(anonymous_1)
FNDA:0,(anonymous_2)
FNDA:0,(anonymous_3)
FNDA:1,(anonymous_4)
FNDA:1,__
FNDA:1,(anonymous_6)
FNDA:0,IBItem
FNDA:0,(anonymous_8)
FNDA:0,(anonymous_9)
DA:2,1
DA:3,1
DA:4,0
DA:5,0
DA:6,1
DA:7,1
DA:8,1
DA:9,1
DA:12,1
DA:13,1
DA:14,1
DA:15,1
DA:18,1
DA:19,0
DA:20,0
DA:21,0
DA:22,0
DA:24,1
DA:25,0
DA:26,0
DA:27,0
DA:28,0
DA:29,0
DA:30,0
DA:31,0
DA:32,0
DA:35,1
DA:36,0
DA:38,1
DA:40,1
LF:30
LH:15
BRDA:2,1,0,1
BRDA:2,1,1,1
BRDA:2,1,2,1
BRDA:3,2,0,1
BRDA:3,2,1,0
BRDA:3,2,2,0
BRDA:3,2,3,0
BRDA:5,3,0,0
BRDA:5,3,1,0
BRDA:9,4,0,0
BRDA:9,4,1,1
BRDA:19,5,0,0
BRDA:19,5,1,0
BRDA:20,6,0,0
BRDA:20,6,1,0
BRDA:28,7,0,0
BRDA:28,7,1,0
BRDA:28,8,0,0
BRDA:28,8,1,0
BRF:19
BRH:5
end_of_record
TN:
SF:/Users/sineideferreira/Virtualenvs/instabuyModules/dist/shared/models/dateutil.model.js
FN:2,(anonymous_1)
FN:3,IBDateUtil
FN:5,(anonymous_3)
FNF:3
FNH:1
FNDA:1,(anonymous_1)
FNDA:0,IBDateUtil
FNDA:0,(anonymous_3)
DA:2,1
DA:3,1
DA:5,1
DA:6,0
DA:7,0
DA:8,0
DA:9,0
DA:10,0
DA:11,0
DA:12,0
DA:14,1
DA:16,1
LF:12
LH:5
BRF:0
BRH:0
end_of_record
TN:
SF:/Users/sineideferreira/Virtualenvs/instabuyModules/dist/shared/models/util.model.js
FN:4,(anonymous_1)
FN:5,IBUtil
FN:7,(anonymous_3)
FN:17,(anonymous_4)
FN:22,(anonymous_5)
FNF:5
FNH:1
FNDA:1,(anonymous_1)
FNDA:0,IBUtil
FNDA:0,(anonymous_3)
FNDA:0,(anonymous_4)
FNDA:0,(anonymous_5)
DA:2,1
DA:3,1
DA:4,1
DA:5,1
DA:7,1
DA:8,0
DA:9,0
DA:10,0
DA:11,0
DA:12,0
DA:13,0
DA:15,0
DA:17,1
DA:18,0
DA:19,0
DA:20,0
DA:22,1
DA:23,0
DA:24,0
DA:25,0
DA:26,0
DA:27,0
DA:28,0
DA:29,0
DA:31,1
DA:33,1
LF:26
LH:9
BRDA:10,1,0,0
BRDA:10,1,1,0
BRDA:12,2,0,0
BRDA:12,2,1,0
BRDA:19,3,0,0
BRDA:19,3,1,0
BRF:6
BRH:0
end_of_record
TN:
SF:/Users/sineideferreira/Virtualenvs/instabuyModules/dist/shared/models/productskit.model.js
FN:2,(anonymous_1)
FN:4,(anonymous_2)
FN:5,(anonymous_3)
FN:6,(anonymous_4)
FN:8,__
FN:16,(anonymous_6)
FN:18,IBProductsKit
FN:26,(anonymous_8)
FN:37,(anonymous_9)
FN:43,(anonymous_10)
FN:46,(anonymous_11)
FN:49,(anonymous_12)
FN:53,(anonymous_13)
FN:64,(anonymous_14)
FN:67,(anonymous_15)
FN:69,(anonymous_16)
FN:77,(anonymous_17)
FN:107,(anonymous_18)
FN:109,IBProductsKitBundle
FN:115,(anonymous_20)
FN:124,(anonymous_21)
FN:126,(anonymous_22)
FN:131,(anonymous_23)
FN:139,(anonymous_24)
FN:141,(anonymous_25)
FN:158,(anonymous_26)
FN:160,IBProductsKitBundleItem
FN:168,(anonymous_28)
FN:174,(anonymous_29)
FNF:29
FNH:6
FNDA:1,(anonymous_1)
FNDA:0,(anonymous_2)
FNDA:0,(anonymous_3)
FNDA:3,(anonymous_4)
FNDA:3,__
FNDA:1,(anonymous_6)
FNDA:0,IBProductsKit
FNDA:0,(anonymous_8)
FNDA:0,(anonymous_9)
FNDA:0,(anonymous_10)
FNDA:0,(anonymous_11)
FNDA:0,(anonymous_12)
FNDA:0,(anonymous_13)
FNDA:0,(anonymous_14)
FNDA:0,(anonymous_15)
FNDA:0,(anonymous_16)
FNDA:0,(anonymous_17)
FNDA:1,(anonymous_18)
FNDA:0,IBProductsKitBundle
FNDA:0,(anonymous_20)
FNDA:0,(anonymous_21)
FNDA:0,(anonymous_22)
FNDA:0,(anonymous_23)
FNDA:0,(anonymous_24)
FNDA:0,(anonymous_25)
FNDA:1,(anonymous_26)
FNDA:0,IBProductsKitBundleItem
FNDA:0,(anonymous_28)
FNDA:0,(anonymous_29)
DA:2,1
DA:3,1
DA:4,0
DA:5,0
DA:6,1
DA:7,3
DA:8,3
DA:9,3
DA:12,1
DA:13,1
DA:14,1
DA:15,1
DA:16,1
DA:17,1
DA:18,1
DA:19,0
DA:20,0
DA:21,0
DA:22,0
DA:23,0
DA:24,0
DA:26,1
DA:27,0
DA:28,0
DA:29,0
DA:30,0
DA:31,0
DA:32,0
DA:33,0
DA:37,1
DA:38,0
DA:39,0
DA:41,0
DA:43,1
DA:44,0
DA:46,1
DA:47,0
DA:49,1
DA:51,0
DA:53,1
DA:54,0
DA:55,0
DA:56,0
DA:57,0
DA:58,0
DA:59,0
DA:62,0
DA:64,1
DA:65,0
DA:67,1
DA:68,0
DA:69,0
DA:70,0
DA:72,0
DA:77,1
DA:78,0
DA:83,0
DA:84,0
DA:85,0
DA:86,0
DA:89,0
DA:90,0
DA:91,0
DA:92,0
DA:93,0
DA:98,0
DA:99,0
DA:101,0
DA:102,0
DA:104,1
DA:106,1
DA:107,1
DA:108,1
DA:109,1
DA:110,0
DA:111,0
DA:112,0
DA:113,0
DA:115,1
DA:116,0
DA:117,0
DA:118,0
DA:119,0
DA:120,0
DA:124,1
DA:125,0
DA:126,0
DA:127,0
DA:129,0
DA:131,1
DA:132,0
DA:133,0
DA:134,0
DA:135,0
DA:137,0
DA:139,1
DA:140,0
DA:141,0
DA:142,0
DA:143,0
DA:144,0
DA:145,0
DA:146,0
DA:148,0
DA:151,0
DA:152,0
DA:153,0
DA:155,1
DA:157,1
DA:158,1
DA:159,1
DA:160,1
DA:161,0
DA:162,0
DA:163,0
DA:164,0
DA:165,0
DA:166,0
DA:168,1
DA:169,0
DA:170,0
DA:171,0
DA:174,1
DA:175,0
DA:176,0
DA:177,0
DA:178,0
DA:180,0
DA:182,1
DA:184,1
LF:130
LH:40
BRDA:2,1,0,1
BRDA:2,1,1,1
BRDA:2,1,2,1
BRDA:3,2,0,1
BRDA:3,2,1,0
BRDA:3,2,2,0
BRDA:3,2,3,0
BRDA:5,3,0,0
BRDA:5,3,1,0
BRDA:9,4,0,0
BRDA:9,4,1,3
BRDA:19,5,0,0
BRDA:19,5,1,0
BRDA:22,6,0,0
BRDA:22,6,1,0
BRDA:28,7,0,0
BRDA:28,7,1,0
BRDA:31,8,0,0
BRDA:31,8,1,0
BRDA:31,9,0,0
BRDA:31,9,1,0
BRDA:38,10,0,0
BRDA:38,10,1,0
BRDA:38,11,0,0
BRDA:38,11,1,0
BRDA:38,11,2,0
BRDA:92,12,0,0
BRDA:92,12,1,0
BRDA:110,13,0,0
BRDA:110,13,1,0
BRDA:111,14,0,0
BRDA:111,14,1,0
BRDA:118,15,0,0
BRDA:118,15,1,0
BRDA:118,16,0,0
BRDA:118,16,1,0
BRDA:134,17,0,0
BRDA:134,17,1,0
BRDA:142,18,0,0
BRDA:142,18,1,0
BRDA:143,19,0,0
BRDA:143,19,1,0
BRDA:145,20,0,0
BRDA:145,20,1,0
BRDA:151,21,0,0
BRDA:151,21,1,0
BRDA:161,22,0,0
BRDA:161,22,1,0
BRDA:164,23,0,0
BRDA:164,23,1,0
BRDA:170,24,0,0
BRDA:170,24,1,0
BRDA:170,25,0,0
BRDA:170,25,1,0
BRDA:175,26,0,0
BRDA:175,26,1,0
BRDA:177,27,0,0
BRDA:177,27,1,0
BRF:58
BRH:5
end_of_record
TN:
SF:/Users/sineideferreira/Virtualenvs/instabuyModules/dist/shared/models/category.model.js
FN:2,(anonymous_1)
FN:4,(anonymous_2)
FN:5,(anonymous_3)
FN:6,(anonymous_4)
FN:8,__
FN:13,(anonymous_6)
FN:15,IBCategory
FN:23,(anonymous_8)
FN:25,IBSubCategory
FNF:9
FNH:5
FNDA:1,(anonymous_1)
FNDA:0,(anonymous_2)
FNDA:0,(anonymous_3)
FNDA:2,(anonymous_4)
FNDA:2,__
FNDA:1,(anonymous_6)
FNDA:0,IBCategory
FNDA:1,(anonymous_8)
FNDA:0,IBSubCategory
DA:2,1
DA:3,1
DA:4,0
DA:5,0
DA:6,1
DA:7,2
DA:8,2
DA:9,2
DA:12,1
DA:13,1
DA:14,1
DA:15,1
DA:16,0
DA:17,0
DA:18,0
DA:20,1
DA:22,1
DA:23,1
DA:24,1
DA:25,1
DA:26,0
DA:27,0
DA:28,0
DA:30,1
DA:32,1
LF:25
LH:17
BRDA:2,1,0,1
BRDA:2,1,1,1
BRDA:2,1,2,1
BRDA:3,2,0,1
BRDA:3,2,1,0
BRDA:3,2,2,0
BRDA:3,2,3,0
BRDA:5,3,0,0
BRDA:5,3,1,0
BRDA:9,4,0,0
BRDA:9,4,1,2
BRDA:16,5,0,0
BRDA:16,5,1,0
BRDA:26,6,0,0
BRDA:26,6,1,0
BRF:15
BRH:5
end_of_record
TN:
SF:/Users/sineideferreira/Virtualenvs/instabuyModules/dist/shared/models/ccard.model.js
FN:2,(anonymous_1)
FN:4,(anonymous_2)
FN:5,(anonymous_3)
FN:6,(anonymous_4)
FN:8,__
FN:13,(anonymous_6)
FN:15,IBCard
FN:21,(anonymous_8)
FNF:8
FNH:5
FNDA:1,(anonymous_1)
FNDA:0,(anonymous_2)
FNDA:0,(anonymous_3)
FNDA:1,(anonymous_4)
FNDA:1,__
FNDA:1,(anonymous_6)
FNDA:1,IBCard
FNDA:0,(anonymous_8)
DA:2,1
DA:3,1
DA:4,0
DA:5,0
DA:6,1
DA:7,1
DA:8,1
DA:9,1
DA:12,1
DA:13,1
DA:14,1
DA:15,1
DA:16,1
DA:17,1
DA:18,1
DA:19,1
DA:21,1
DA:22,0
DA:23,0
DA:24,0
DA:25,0
DA:26,0
DA:29,0
DA:30,0
DA:31,0
DA:32,0
DA:33,0
DA:34,0
DA:35,0
DA:36,0
DA:38,0
DA:40,1
DA:42,1
LF:33
LH:17
BRDA:2,1,0,1
BRDA:2,1,1,1
BRDA:2,1,2,1
BRDA:3,2,0,1
BRDA:3,2,1,0
BRDA:3,2,2,0
BRDA:3,2,3,0
BRDA:5,3,0,0
BRDA:5,3,1,0
BRDA:9,4,0,0
BRDA:9,4,1,1
BRDA:16,5,0,1
BRDA:16,5,1,0
BRDA:17,6,0,1
BRDA:17,6,1,1
BRDA:25,7,0,0
BRDA:25,7,1,0
BRF:17
BRH:8
end_of_record
TN:
SF:/Users/sineideferreira/Virtualenvs/instabuyModules/dist/shared/models/combination.model.js
FN:2,(anonymous_1)
FN:4,(anonymous_2)
FN:5,(anonymous_3)
FN:6,(anonymous_4)
FN:8,__
FN:13,(anonymous_6)
FN:15,IBCombination
FN:21,(anonymous_8)
FN:33,(anonymous_9)
FN:44,(anonymous_10)
FN:47,(anonymous_11)
FN:49,(anonymous_12)
FN:52,(anonymous_13)
FN:66,(anonymous_14)
FN:68,(anonymous_15)
FN:73,(anonymous_16)
FN:80,(anonymous_17)
FN:89,(anonymous_18)
FN:91,IBCombinationBundle
FN:96,(anonymous_20)
FN:104,(anonymous_21)
FN:116,(anonymous_22)
FN:118,(anonymous_23)
FN:125,(anonymous_24)
FN:127,(anonymous_25)
FN:134,(anonymous_26)
FN:136,(anonymous_27)
FN:148,(anonymous_28)
FN:150,(anonymous_29)
FN:164,(anonymous_30)
FN:177,(anonymous_31)
FN:179,IBCombinationBundleIngredient
FN:185,(anonymous_33)
FNF:33
FNH:6
FNDA:1,(anonymous_1)
FNDA:0,(anonymous_2)
FNDA:0,(anonymous_3)
FNDA:3,(anonymous_4)
FNDA:3,__
FNDA:1,(anonymous_6)
FNDA:0,IBCombination
FNDA:0,(anonymous_8)
FNDA:0,(anonymous_9)
FNDA:0,(anonymous_10)
FNDA:0,(anonymous_11)
FNDA:0,(anonymous_12)
FNDA:0,(anonymous_13)
FNDA:0,(anonymous_14)
FNDA:0,(anonymous_15)
FNDA:0,(anonymous_16)
FNDA:0,(anonymous_17)
FNDA:1,(anonymous_18)
FNDA:0,IBCombinationBundle
FNDA:0,(anonymous_20)
FNDA:0,(anonymous_21)
FNDA:0,(anonymous_22)
FNDA:0,(anonymous_23)
FNDA:0,(anonymous_24)
FNDA:0,(anonymous_25)
FNDA:0,(anonymous_26)
FNDA:0,(anonymous_27)
FNDA:0,(anonymous_28)
FNDA:0,(anonymous_29)
FNDA:0,(anonymous_30)
FNDA:1,(anonymous_31)
FNDA:0,IBCombinationBundleIngredient
FNDA:0,(anonymous_33)
DA:2,1
DA:3,1
DA:4,0
DA:5,0
DA:6,1
DA:7,3
DA:8,3
DA:9,3
DA:12,1
DA:13,1
DA:14,1
DA:15,1
DA:16,0
DA:17,0
DA:18,0
DA:19,0
DA:21,1
DA:22,0
DA:23,0
DA:24,0
DA:25,0
DA:26,0
DA:27,0
DA:28,0
DA:33,1
DA:34,0
DA:35,0
DA:36,0
DA:37,0
DA:38,0
DA:39,0
DA:42,0
DA:44,1
DA:45,0
DA:47,1
DA:48,0
DA:49,0
DA:50,0
DA:51,0
DA:52,0
DA:53,0
DA:54,0
DA:60,0
DA:61,0
DA:62,0
DA:64,0
DA:66,1
DA:67,0
DA:68,0
DA:69,0
DA:71,0
DA:73,1
DA:74,0
DA:80,1
DA:81,0
DA:82,0
DA:84,0
DA:86,1
DA:88,1
DA:89,1
DA:90,1
DA:91,1
DA:92,0
DA:93,0
DA:94,0
DA:96,1
DA:97,0
DA:98,0
DA:99,0
DA:100,0
DA:102,0
DA:104,1
DA:105,0
DA:106,0
DA:107,0
DA:108,0
DA:109,0
DA:110,0
DA:111,0
DA:116,1
DA:117,0
DA:118,0
DA:119,0
DA:120,0
DA:123,0
DA:125,1
DA:126,0
DA:127,0
DA:128,0
DA:129,0
DA:132,0
DA:134,1
DA:135,0
DA:136,0
DA:137,0
DA:138,0
DA:139,0
DA:140,0
DA:141,0
DA:143,0
DA:146,0
DA:148,1
DA:149,0
DA:150,0
DA:151,0
DA:152,0
DA:153,0
DA:154,0
DA:155,0
DA:157,0
DA:160,0
DA:161,0
DA:162,0
DA:164,1
DA:165,0
DA:166,0
DA:167,0
DA:168,0
DA:169,0
DA:171,0
DA:174,1
DA:176,1
DA:177,1
DA:178,1
DA:179,1
DA:180,0
DA:181,0
DA:182,0
DA:183,0
DA:185,1
DA:186,0
DA:187,0
DA:188,0
DA:189,0
DA:191,0
DA:193,1
DA:195,1
LF:137
LH:37
BRDA:2,1,0,1
BRDA:2,1,1,1
BRDA:2,1,2,1
BRDA:3,2,0,1
BRDA:3,2,1,0
BRDA:3,2,2,0
BRDA:3,2,3,0
BRDA:5,3,0,0
BRDA:5,3,1,0
BRDA:9,4,0,0
BRDA:9,4,1,3
BRDA:16,5,0,0
BRDA:16,5,1,0
BRDA:22,6,0,0
BRDA:22,6,1,0
BRDA:22,7,0,0
BRDA:22,7,1,0
BRDA:26,8,0,0
BRDA:26,8,1,0
BRDA:26,9,0,0
BRDA:26,9,1,0
BRDA:53,10,0,0
BRDA:53,10,1,0
BRDA:61,11,0,0
BRDA:61,11,1,0
BRDA:61,12,0,0
BRDA:61,12,1,0
BRDA:81,13,0,0
BRDA:81,13,1,0
BRDA:92,14,0,0
BRDA:92,14,1,0
BRDA:99,15,0,0
BRDA:99,15,1,0
BRDA:99,16,0,0
BRDA:99,16,1,0
BRDA:105,17,0,0
BRDA:105,17,1,0
BRDA:105,18,0,0
BRDA:105,18,1,0
BRDA:109,19,0,0
BRDA:109,19,1,0
BRDA:109,20,0,0
BRDA:109,20,1,0
BRDA:119,21,0,0
BRDA:119,21,1,0
BRDA:128,22,0,0
BRDA:128,22,1,0
BRDA:137,23,0,0
BRDA:137,23,1,0
BRDA:138,24,0,0
BRDA:138,24,1,0
BRDA:138,25,0,0
BRDA:138,25,1,0
BRDA:140,26,0,0
BRDA:140,26,1,0
BRDA:140,27,0,0
BRDA:140,27,1,0
BRDA:151,28,0,0
BRDA:151,28,1,0
BRDA:152,29,0,0
BRDA:152,29,1,0
BRDA:154,30,0,0
BRDA:154,30,1,0
BRDA:160,31,0,0
BRDA:160,31,1,0
BRDA:168,32,0,0
BRDA:168,32,1,0
BRDA:180,33,0,0
BRDA:180,33,1,0
BRDA:186,34,0,0
BRDA:186,34,1,0
BRDA:188,35,0,0
BRDA:188,35,1,0
BRF:73
BRH:5
end_of_record
TN:
SF:/Users/sineideferreira/Virtualenvs/instabuyModules/dist/shared/models/coupon.model.js
FN:2,(anonymous_1)
FN:4,(anonymous_2)
FN:5,(anonymous_3)
FN:6,(anonymous_4)
FN:8,__
FN:13,(anonymous_6)
FN:15,IBCoupon
FNF:7
FNH:4
FNDA:1,(anonymous_1)
FNDA:0,(anonymous_2)
FNDA:0,(anonymous_3)
FNDA:1,(anonymous_4)
FNDA:1,__
FNDA:1,(anonymous_6)
FNDA:0,IBCoupon
DA:2,1
DA:3,1
DA:4,0
DA:5,0
DA:6,1
DA:7,1
DA:8,1
DA:9,1
DA:12,1
DA:13,1
DA:14,1
DA:15,1
DA:16,0
DA:17,0
DA:18,0
DA:20,1
DA:22,1
LF:17
LH:12
BRDA:2,1,0,1
BRDA:2,1,1,1
BRDA:2,1,2,1
BRDA:3,2,0,1
BRDA:3,2,1,0
BRDA:3,2,2,0
BRDA:3,2,3,0
BRDA:5,3,0,0
BRDA:5,3,1,0
BRDA:9,4,0,0
BRDA:9,4,1,1
BRDA:16,5,0,0
BRDA:16,5,1,0
BRF:13
BRH:5
end_of_record
TN:
SF:/Users/sineideferreira/Virtualenvs/instabuyModules/dist/shared/models/items_observer.model.js
FN:3,(anonymous_1)
FN:4,IBNotifyItemIdentifier
FN:12,(anonymous_3)
FN:13,IBItemsObservable
FN:16,(anonymous_5)
FN:20,(anonymous_6)
FN:23,(anonymous_7)
FNF:7
FNH:2
FNDA:1,(anonymous_1)
FNDA:0,IBNotifyItemIdentifier
FNDA:1,(anonymous_3)
FNDA:0,IBItemsObservable
FNDA:0,(anonymous_5)
FNDA:0,(anonymous_6)
FNDA:0,(anonymous_7)
DA:2,1
DA:3,1
DA:4,1
DA:6,1
DA:8,1
DA:12,1
DA:13,1
DA:14,0
DA:16,1
DA:17,0
DA:18,0
DA:20,1
DA:21,0
DA:23,1
DA:24,0
DA:25,0
DA:26,0
DA:27,0
DA:28,0
DA:29,0
DA:30,0
DA:31,0
DA:32,0
DA:33,0
DA:40,1
DA:42,1
LF:26
LH:12
BRDA:17,1,0,0
BRDA:17,1,1,0
BRDA:26,2,0,0
BRDA:26,2,1,0
BRDA:27,3,0,0
BRDA:27,3,1,0
BRDA:31,4,0,0
BRDA:31,4,1,0
BRDA:31,5,0,0
BRDA:31,5,1,0
BRF:10
BRH:0
end_of_record
TN:
SF:/Users/sineideferreira/Virtualenvs/instabuyModules/dist/shared/models/layout.model.js
FN:2,(anonymous_1)
FN:4,(anonymous_2)
FN:5,(anonymous_3)
FN:6,(anonymous_4)
FN:8,__
FN:15,(anonymous_6)
FN:17,IBLayout
FN:22,(anonymous_8)
FN:34,(anonymous_9)
FN:55,(anonymous_10)
FN:66,(anonymous_11)
FNF:11
FNH:4
FNDA:1,(anonymous_1)
FNDA:0,(anonymous_2)
FNDA:0,(anonymous_3)
FNDA:1,(anonymous_4)
FNDA:1,__
FNDA:1,(anonymous_6)
FNDA:0,IBLayout
FNDA:0,(anonymous_8)
FNDA:0,(anonymous_9)
FNDA:0,(anonymous_10)
FNDA:0,(anonymous_11)
DA:2,1
DA:3,1
DA:4,0
DA:5,0
DA:6,1
DA:7,1
DA:8,1
DA:9,1
DA:12,1
DA:13,1
DA:14,1
DA:15,1
DA:16,1
DA:17,1
DA:18,0
DA:19,0
DA:20,0
DA:22,1
DA:23,0
DA:24,0
DA:25,0
DA:27,0
DA:28,0
DA:30,0
DA:31,0
DA:34,1
DA:35,0
DA:36,0
DA:37,0
DA:38,0
DA:39,0
DA:44,0
DA:45,0
DA:46,0
DA:47,0
DA:48,0
DA:49,0
DA:50,0
DA:52,0
DA:55,1
DA:56,0
DA:57,0
DA:58,0
DA:59,0
DA:60,0
DA:61,0
DA:62,0
DA:63,0
DA:66,1
DA:67,0
DA:68,0
DA:69,0
DA:70,0
DA:75,0
DA:78,1
DA:80,1
LF:56
LH:18
BRDA:2,1,0,1
BRDA:2,1,1,1
BRDA:2,1,2,1
BRDA:3,2,0,1
BRDA:3,2,1,0
BRDA:3,2,2,0
BRDA:3,2,3,0
BRDA:5,3,0,0
BRDA:5,3,1,0
BRDA:9,4,0,0
BRDA:9,4,1,1
BRDA:18,5,0,0
BRDA:18,5,1,0
BRDA:24,6,0,0
BRDA:24,6,1,0
BRDA:27,7,0,0
BRDA:27,7,1,0
BRDA:30,8,0,0
BRDA:30,8,1,0
BRDA:47,9,0,0
BRDA:47,9,1,0
BRDA:49,10,0,0
BRDA:49,10,1,0
BRDA:60,11,0,0
BRDA:60,11,1,0
BRDA:62,12,0,0
BRDA:62,12,1,0
BRDA:69,13,0,0
BRDA:69,13,1,0
BRF:29
BRH:5
end_of_record
TN:
SF:/Users/sineideferreira/Virtualenvs/instabuyModules/dist/shared/models/list.model.js
FN:2,(anonymous_1)
FN:4,(anonymous_2)
FN:5,(anonymous_3)
FN:6,(anonymous_4)
FN:8,__
FN:16,(anonymous_6)
FN:18,IBProductsListItem
FN:24,(anonymous_8)
FN:32,(anonymous_9)
FN:34,IBProductsList
FN:40,(anonymous_11)
FN:51,(anonymous_12)
FNF:12
FNH:5
FNDA:1,(anonymous_1)
FNDA:0,(anonymous_2)
FNDA:0,(anonymous_3)
FNDA:2,(anonymous_4)
FNDA:2,__
FNDA:1,(anonymous_6)
FNDA:0,IBProductsListItem
FNDA:0,(anonymous_8)
FNDA:1,(anonymous_9)
FNDA:0,IBProductsList
FNDA:0,(anonymous_11)
FNDA:0,(anonymous_12)
DA:2,1
DA:3,1
DA:4,0
DA:5,0
DA:6,1
DA:7,2
DA:8,2
DA:9,2
DA:12,1
DA:13,1
DA:14,1
DA:15,1
DA:16,1
DA:17,1
DA:18,1
DA:19,0
DA:20,0
DA:21,0
DA:22,0
DA:24,1
DA:25,0
DA:26,0
DA:27,0
DA:29,1
DA:31,1
DA:32,1
DA:33,1
DA:34,1
DA:35,0
DA:36,0
DA:37,0
DA:38,0
DA:40,1
DA:41,0
DA:42,0
DA:43,0
DA:44,0
DA:45,0
DA:46,0
DA:47,0
DA:51,1
DA:52,0
DA:54,1
DA:56,1
LF:44
LH:23
BRDA:2,1,0,1
BRDA:2,1,1,1
BRDA:2,1,2,1
BRDA:3,2,0,1
BRDA:3,2,1,0
BRDA:3,2,2,0
BRDA:3,2,3,0
BRDA:5,3,0,0
BRDA:5,3,1,0
BRDA:9,4,0,0
BRDA:9,4,1,2
BRDA:19,5,0,0
BRDA:19,5,1,0
BRDA:20,6,0,0
BRDA:20,6,1,0
BRDA:26,7,0,0
BRDA:26,7,1,0
BRDA:35,8,0,0
BRDA:35,8,1,0
BRDA:36,9,0,0
BRDA:36,9,1,0
BRDA:44,10,0,0
BRDA:44,10,1,0
BRDA:44,11,0,0
BRDA:44,11,1,0
BRDA:46,12,0,0
BRDA:46,12,1,0
BRF:27
BRH:5
end_of_record
TN:
SF:/Users/sineideferreira/Virtualenvs/instabuyModules/dist/shared/modules/directives.module.js
FN:2,(anonymous_1)
FN:8,(anonymous_2)
FN:12,(anonymous_3)
FN:13,IBInsertQuantity
FN:16,(anonymous_5)
FNF:5
FNH:3
FNDA:2,(anonymous_1)
FNDA:4,(anonymous_2)
FNDA:1,(anonymous_3)
FNDA:0,IBInsertQuantity
FNDA:0,(anonymous_5)
DA:2,1
DA:3,2
DA:4,2
DA:5,0
DA:6,2
DA:8,1
DA:9,4
DA:11,1
DA:12,1
DA:13,1
DA:14,0
DA:16,1
DA:17,0
DA:18,0
DA:30,0
DA:33,0
DA:34,0
DA:37,1
DA:39,1
DA:45,1
DA:51,1
LF:21
LH:14
BRDA:2,1,0,1
BRDA:2,1,1,1
BRDA:2,1,2,1
BRDA:3,2,0,1
BRDA:3,2,1,1
BRDA:3,3,0,1
BRDA:3,3,1,0
BRDA:4,4,0,2
BRDA:4,4,1,0
BRDA:4,5,0,2
BRDA:4,5,1,2
BRDA:5,6,0,0
BRDA:5,6,1,0
BRDA:5,7,0,0
BRDA:5,7,1,0
BRDA:5,8,0,0
BRDA:5,8,1,0
BRDA:5,9,0,0
BRDA:5,9,1,0
BRDA:6,10,0,2
BRDA:6,10,1,1
BRDA:6,10,2,1
BRDA:8,11,0,1
BRDA:8,11,1,1
BRDA:8,11,2,1
BRDA:9,12,0,4
BRDA:9,12,1,0
BRDA:9,13,0,4
BRDA:9,13,1,4
BRDA:18,14,0,0
BRDA:18,14,1,0
BRDA:18,15,0,0
BRDA:18,15,1,0
BRDA:18,15,2,0
BRDA:18,15,3,0
BRDA:18,15,4,0
BRDA:18,15,5,0
BRDA:18,15,6,0
BRDA:18,15,7,0
BRDA:18,15,8,0
BRDA:18,15,9,0
BRDA:18,15,10,0
BRDA:33,16,0,0
BRDA:33,16,1,0
BRDA:33,17,0,0
BRDA:33,17,1,0
BRDA:33,17,2,0
BRDA:33,17,3,0
BRDA:33,17,4,0
BRF:49
BRH:18
end_of_record
TN:
SF:/Users/sineideferreira/Virtualenvs/instabuyModules/dist/shared/modules/field_validation.model.js
FN:2,(anonymous_1)
FN:3,FieldValidation
FN:5,(anonymous_3)
FN:15,(anonymous_4)
FN:27,(anonymous_5)
FN:80,(anonymous_6)
FN:119,(anonymous_7)
FNF:7
FNH:2
FNDA:1,(anonymous_1)
FNDA:1,FieldValidation
FNDA:0,(anonymous_3)
FNDA:0,(anonymous_4)
FNDA:0,(anonymous_5)
FNDA:0,(anonymous_6)
FNDA:0,(anonymous_7)
DA:2,1
DA:3,1
DA:5,1
DA:6,0
DA:7,0
DA:8,0
DA:9,0
DA:12,0
DA:15,1
DA:16,0
DA:17,0
DA:18,0
DA:20,0
DA:21,0
DA:24,0
DA:27,1
DA:28,0
DA:29,0
DA:30,0
DA:32,0
DA:33,0
DA:36,0
DA:46,0
DA:49,0
DA:50,0
DA:51,0
DA:52,0
DA:53,0
DA:54,0
DA:55,0
DA:56,0
DA:57,0
DA:60,0
DA:61,0
DA:62,0
DA:64,0
DA:65,0
DA:66,0
DA:67,0
DA:68,0
DA:69,0
DA:70,0
DA:71,0
DA:74,0
DA:75,0
DA:76,0
DA:78,0
DA:80,1
DA:81,0
DA:82,0
DA:83,0
DA:85,0
DA:86,0
DA:87,0
DA:89,0
DA:90,0
DA:91,0
DA:92,0
DA:93,0
DA:94,0
DA:95,0
DA:96,0
DA:98,0
DA:99,0
DA:100,0
DA:101,0
DA:102,0
DA:103,0
DA:104,0
DA:105,0
DA:106,0
DA:107,0
DA:108,0
DA:109,0
DA:110,0
DA:111,0
DA:112,0
DA:113,0
DA:114,0
DA:117,0
DA:119,1
DA:120,0
DA:121,0
DA:122,0
DA:124,0
DA:125,0
DA:126,0
DA:129,0
DA:139,0
DA:142,1
DA:144,1
LF:91
LH:9
BRDA:8,1,0,0
BRDA:8,1,1,0
BRDA:17,2,0,0
BRDA:17,2,1,0
BRDA:20,3,0,0
BRDA:20,3,1,0
BRDA:29,4,0,0
BRDA:29,4,1,0
BRDA:32,5,0,0
BRDA:32,5,1,0
BRDA:36,6,0,0
BRDA:36,6,1,0
BRDA:36,7,0,0
BRDA:36,7,1,0
BRDA:36,7,2,0
BRDA:36,7,3,0
BRDA:36,7,4,0
BRDA:36,7,5,0
BRDA:36,7,6,0
BRDA:36,7,7,0
BRDA:36,7,8,0
BRDA:36,7,9,0
BRDA:56,8,0,0
BRDA:56,8,1,0
BRDA:60,9,0,0
BRDA:60,9,1,0
BRDA:61,10,0,0
BRDA:61,10,1,0
BRDA:70,11,0,0
BRDA:70,11,1,0
BRDA:74,12,0,0
BRDA:74,12,1,0
BRDA:75,13,0,0
BRDA:75,13,1,0
BRDA:82,14,0,0
BRDA:82,14,1,0
BRDA:82,15,0,0
BRDA:82,15,1,0
BRDA:86,16,0,0
BRDA:86,16,1,0
BRDA:91,17,0,0
BRDA:91,17,1,0
BRDA:94,18,0,0
BRDA:94,18,1,0
BRDA:98,19,0,0
BRDA:98,19,1,0
BRDA:104,20,0,0
BRDA:104,20,1,0
BRDA:105,21,0,0
BRDA:105,21,1,0
BRDA:111,22,0,0
BRDA:111,22,1,0
BRDA:112,23,0,0
BRDA:112,23,1,0
BRDA:121,24,0,0
BRDA:121,24,1,0
BRDA:121,25,0,0
BRDA:121,25,1,0
BRDA:125,26,0,0
BRDA:125,26,1,0
BRDA:129,27,0,0
BRDA:129,27,1,0
BRDA:129,28,0,0
BRDA:129,28,1,0
BRDA:129,28,2,0
BRDA:129,28,3,0
BRDA:129,28,4,0
BRDA:129,28,5,0
BRDA:129,28,6,0
BRDA:129,28,7,0
BRDA:129,28,8,0
BRDA:129,28,9,0
BRF:72
BRH:0
end_of_record
TN:
SF:/Users/sineideferreira/Virtualenvs/instabuyModules/dist/shared/modules/observable.module.js
FN:3,(anonymous_1)
FNF:1
FNH:1
FNDA:1,(anonymous_1)
DA:2,1
DA:3,1
DA:4,1
DA:5,1
LF:4
LH:4
BRDA:6,1,0,1
BRDA:6,1,1,1
BRF:2
BRH:2
end_of_record
TN:
SF:/Users/sineideferreira/Virtualenvs/instabuyModules/dist/shared/modules/self-safe.pipe.js
FN:2,(anonymous_1)
FN:8,(anonymous_2)
FN:13,(anonymous_3)
FN:14,EscapeHtmlPipe
FN:17,(anonymous_5)
FN:27,(anonymous_6)
FN:28,SafeUrlPipe
FN:31,(anonymous_8)
FNF:8
FNH:4
FNDA:2,(anonymous_1)
FNDA:2,(anonymous_2)
FNDA:1,(anonymous_3)
FNDA:0,EscapeHtmlPipe
FNDA:0,(anonymous_5)
FNDA:1,(anonymous_6)
FNDA:0,SafeUrlPipe
FNDA:0,(anonymous_8)
DA:2,1
DA:3,2
DA:4,2
DA:5,0
DA:6,2
DA:8,1
DA:9,2
DA:11,1
DA:12,1
DA:13,1
DA:14,1
DA:15,0
DA:17,1
DA:18,0
DA:20,1
DA:22,1
DA:26,1
DA:27,1
DA:28,1
DA:29,0
DA:31,1
DA:32,0
DA:34,1
DA:36,1
DA:40,1
LF:25
LH:20
BRDA:2,1,0,1
BRDA:2,1,1,1
BRDA:2,1,2,1
BRDA:3,2,0,2
BRDA:3,2,1,0
BRDA:3,3,0,0
BRDA:3,3,1,0
BRDA:4,4,0,2
BRDA:4,4,1,0
BRDA:4,5,0,2
BRDA:4,5,1,2
BRDA:5,6,0,0
BRDA:5,6,1,0
BRDA:5,7,0,0
BRDA:5,7,1,0
BRDA:5,8,0,0
BRDA:5,8,1,0
BRDA:5,9,0,0
BRDA:5,9,1,0
BRDA:6,10,0,2
BRDA:6,10,1,0
BRDA:6,10,2,0
BRDA:8,11,0,1
BRDA:8,11,1,1
BRDA:8,11,2,1
BRDA:9,12,0,2
BRDA:9,12,1,0
BRDA:9,13,0,2
BRDA:9,13,1,2
BRF:29
BRH:14
end_of_record
TN:
SF:/Users/sineideferreira/Virtualenvs/instabuyModules/dist/shared/services/analytics.service.js
FN:2,(anonymous_1)
FN:8,(anonymous_2)
FN:12,(anonymous_3)
FN:13,IBAnalytics
FN:15,(anonymous_5)
FN:24,(anonymous_6)
FN:31,(anonymous_7)
FN:34,(anonymous_8)
FN:37,(anonymous_9)
FN:40,(anonymous_10)
FN:46,(anonymous_11)
FN:54,(anonymous_12)
FNF:12
FNH:3
FNDA:1,(anonymous_1)
FNDA:1,(anonymous_2)
FNDA:1,(anonymous_3)
FNDA:0,IBAnalytics
FNDA:0,(anonymous_5)
FNDA:0,(anonymous_6)
FNDA:0,(anonymous_7)
FNDA:0,(anonymous_8)
FNDA:0,(anonymous_9)
FNDA:0,(anonymous_10)
FNDA:0,(anonymous_11)
FNDA:0,(anonymous_12)
DA:2,1
DA:3,1
DA:4,1
DA:5,0
DA:6,1
DA:8,1
DA:9,1
DA:11,1
DA:12,1
DA:13,1
DA:15,1
DA:16,0
DA:17,0
DA:18,0
DA:19,0
DA:20,0
DA:21,0
DA:22,0
DA:24,1
DA:25,0
DA:26,0
DA:27,0
DA:28,0
DA:29,0
DA:31,1
DA:32,0
DA:34,1
DA:35,0
DA:37,1
DA:38,0
DA:40,1
DA:41,0
DA:46,1
DA:47,0
DA:54,1
DA:55,0
DA:60,1
DA:62,1
DA:66,1
LF:39
LH:20
BRDA:2,1,0,1
BRDA:2,1,1,1
BRDA:2,1,2,1
BRDA:3,2,0,1
BRDA:3,2,1,0
BRDA:3,3,0,0
BRDA:3,3,1,0
BRDA:4,4,0,1
BRDA:4,4,1,0
BRDA:4,5,0,1
BRDA:4,5,1,1
BRDA:5,6,0,0
BRDA:5,6,1,0
BRDA:5,7,0,0
BRDA:5,7,1,0
BRDA:5,8,0,0
BRDA:5,8,1,0
BRDA:5,9,0,0
BRDA:5,9,1,0
BRDA:6,10,0,1
BRDA:6,10,1,0
BRDA:6,10,2,0
BRDA:8,11,0,1
BRDA:8,11,1,1
BRDA:8,11,2,1
BRDA:9,12,0,1
BRDA:9,12,1,0
BRDA:9,13,0,1
BRDA:9,13,1,1
BRDA:17,14,0,0
BRDA:17,14,1,0
BRDA:20,15,0,0
BRDA:20,15,1,0
BRF:33
BRH:14
end_of_record
TN:
SF:/Users/sineideferreira/Virtualenvs/instabuyModules/dist/shared/services/cart.service.js
FN:2,(anonymous_1)
FN:4,(anonymous_2)
FN:5,(anonymous_3)
FN:6,(anonymous_4)
FN:8,__
FN:12,(anonymous_6)
FN:18,(anonymous_7)
FN:30,(anonymous_8)
FN:32,IBCartService
FN:43,(anonymous_10)
FN:58,(anonymous_11)
FN:62,(anonymous_12)
FN:64,(anonymous_13)
FN:83,(anonymous_14)
FN:86,(anonymous_15)
FN:87,(anonymous_16)
FN:95,(anonymous_17)
FN:103,(anonymous_18)
FN:110,(anonymous_19)
FN:122,(anonymous_20)
FN:150,(anonymous_21)
FN:183,(anonymous_22)
FN:219,(anonymous_23)
FN:255,(anonymous_24)
FN:274,(anonymous_25)
FN:291,(anonymous_26)
FN:293,(anonymous_27)
FNF:27
FNH:6
FNDA:1,(anonymous_1)
FNDA:0,(anonymous_2)
FNDA:0,(anonymous_3)
FNDA:1,(anonymous_4)
FNDA:1,__
FNDA:1,(anonymous_6)
FNDA:1,(anonymous_7)
FNDA:1,(anonymous_8)
FNDA:0,IBCartService
FNDA:0,(anonymous_10)
FNDA:0,(anonymous_11)
FNDA:0,(anonymous_12)
FNDA:0,(anonymous_13)
FNDA:0,(anonymous_14)
FNDA:0,(anonymous_15)
FNDA:0,(anonymous_16)
FNDA:0,(anonymous_17)
FNDA:0,(anonymous_18)
FNDA:0,(anonymous_19)
FNDA:0,(anonymous_20)
FNDA:0,(anonymous_21)
FNDA:0,(anonymous_22)
FNDA:0,(anonymous_23)
FNDA:0,(anonymous_24)
FNDA:0,(anonymous_25)
FNDA:0,(anonymous_26)
FNDA:0,(anonymous_27)
DA:2,1
DA:3,1
DA:4,0
DA:5,0
DA:6,1
DA:7,1
DA:8,1
DA:9,1
DA:12,1
DA:13,1
DA:14,1
DA:15,0
DA:16,1
DA:18,1
DA:19,1
DA:21,1
DA:22,1
DA:23,1
DA:24,1
DA:25,1
DA:26,1
DA:27,1
DA:28,1
DA:29,1
DA:30,1
DA:31,1
DA:32,1
DA:33,0
DA:34,0
DA:35,0
DA:36,0
DA:37,0
DA:38,0
DA:39,0
DA:40,0
DA:43,1
DA:44,0
DA:45,0
DA:46,0
DA:47,0
DA:49,0
DA:50,0
DA:51,0
DA:52,0
DA:54,0
DA:55,0
DA:58,1
DA:59,0
DA:60,0
DA:62,1
DA:63,0
DA:64,0
DA:65,0
DA:66,0
DA:67,0
DA:68,0
DA:69,0
DA:70,0
DA:71,0
DA:73,0
DA:74,0
DA:75,0
DA:76,0
DA:79,0
DA:80,0
DA:83,1
DA:84,0
DA:85,0
DA:86,0
DA:87,0
DA:88,0
DA:90,0
DA:91,0
DA:95,1
DA:96,0
DA:97,0
DA:98,0
DA:99,0
DA:101,0
DA:102,0
DA:103,0
DA:104,0
DA:105,0
DA:106,0
DA:110,1
DA:111,0
DA:112,0
DA:115,0
DA:122,1
DA:123,0
DA:124,0
DA:126,0
DA:128,0
DA:129,0
DA:130,0
DA:131,0
DA:132,0
DA:133,0
DA:134,0
DA:135,0
DA:136,0
DA:137,0
DA:150,1
DA:151,0
DA:152,0
DA:153,0
DA:154,0
DA:155,0
DA:156,0
DA:157,0
DA:158,0
DA:159,0
DA:160,0
DA:161,0
DA:162,0
DA:163,0
DA:165,0
DA:168,0
DA:170,0
DA:171,0
DA:172,0
DA:173,0
DA:174,0
DA:175,0
DA:178,0
DA:180,0
DA:181,0
DA:183,1
DA:184,0
DA:185,0
DA:186,0
DA:187,0
DA:188,0
DA:189,0
DA:190,0
DA:191,0
DA:192,0
DA:193,0
DA:194,0
DA:195,0
DA:196,0
DA:197,0
DA:198,0
DA:200,0
DA:203,0
DA:205,0
DA:206,0
DA:207,0
DA:208,0
DA:209,0
DA:210,0
DA:211,0
DA:214,0
DA:216,0
DA:217,0
DA:219,1
DA:220,0
DA:221,0
DA:222,0
DA:223,0
DA:224,0
DA:225,0
DA:226,0
DA:227,0
DA:228,0
DA:229,0
DA:230,0
DA:231,0
DA:233,0
DA:236,0
DA:238,0
DA:239,0
DA:240,0
DA:241,0
DA:242,0
DA:243,0
DA:244,0
DA:245,0
DA:246,0
DA:250,0
DA:252,0
DA:253,0
DA:255,1
DA:256,0
DA:257,0
DA:258,0
DA:259,0
DA:260,0
DA:261,0
DA:262,0
DA:263,0
DA:264,0
DA:266,0
DA:267,0
DA:268,0
DA:269,0
DA:270,0
DA:272,0
DA:274,1
DA:275,0
DA:276,0
DA:277,0
DA:278,0
DA:279,0
DA:282,0
DA:283,0
DA:284,0
DA:285,0
DA:286,0
DA:289,0
DA:291,1
DA:292,0
DA:293,0
DA:294,0
DA:295,0
DA:296,0
DA:298,0
DA:299,0
DA:302,1
DA:304,1
DA:308,1
LF:221
LH:40
BRDA:2,1,0,1
BRDA:2,1,1,1
BRDA:2,1,2,1
BRDA:3,2,0,1
BRDA:3,2,1,0
BRDA:3,2,2,0
BRDA:3,2,3,0
BRDA:5,3,0,0
BRDA:5,3,1,0
BRDA:9,4,0,0
BRDA:9,4,1,1
BRDA:12,5,0,1
BRDA:12,5,1,1
BRDA:12,5,2,1
BRDA:13,6,0,1
BRDA:13,6,1,0
BRDA:13,7,0,0
BRDA:13,7,1,0
BRDA:14,8,0,1
BRDA:14,8,1,0
BRDA:14,9,0,1
BRDA:14,9,1,1
BRDA:15,10,0,0
BRDA:15,10,1,0
BRDA:15,11,0,0
BRDA:15,11,1,0
BRDA:15,12,0,0
BRDA:15,12,1,0
BRDA:15,13,0,0
BRDA:15,13,1,0
BRDA:16,14,0,1
BRDA:16,14,1,0
BRDA:16,14,2,0
BRDA:18,15,0,1
BRDA:18,15,1,1
BRDA:18,15,2,1
BRDA:19,16,0,1
BRDA:19,16,1,0
BRDA:19,17,0,1
BRDA:19,17,1,1
BRDA:33,18,0,0
BRDA:33,18,1,0
BRDA:65,19,0,0
BRDA:65,19,1,0
BRDA:79,20,0,0
BRDA:79,20,1,0
BRDA:88,21,0,0
BRDA:88,21,1,0
BRDA:90,22,0,0
BRDA:90,22,1,0
BRDA:97,23,0,0
BRDA:97,23,1,0
BRDA:98,24,0,0
BRDA:98,24,1,0
BRDA:104,25,0,0
BRDA:104,25,1,0
BRDA:128,26,0,0
BRDA:128,26,1,0
BRDA:132,27,0,0
BRDA:132,27,1,0
BRDA:135,28,0,0
BRDA:135,28,1,0
BRDA:153,29,0,0
BRDA:153,29,1,0
BRDA:155,30,0,0
BRDA:155,30,1,0
BRDA:155,31,0,0
BRDA:155,31,1,0
BRDA:159,32,0,0
BRDA:159,32,1,0
BRDA:170,33,0,0
BRDA:170,33,1,0
BRDA:172,34,0,0
BRDA:172,34,1,0
BRDA:184,35,0,0
BRDA:184,35,1,0
BRDA:187,36,0,0
BRDA:187,36,1,0
BRDA:190,37,0,0
BRDA:190,37,1,0
BRDA:190,38,0,0
BRDA:190,38,1,0
BRDA:194,39,0,0
BRDA:194,39,1,0
BRDA:205,40,0,0
BRDA:205,40,1,0
BRDA:208,41,0,0
BRDA:208,41,1,0
BRDA:220,42,0,0
BRDA:220,42,1,0
BRDA:223,43,0,0
BRDA:223,43,1,0
BRDA:226,44,0,0
BRDA:226,44,1,0
BRDA:230,45,0,0
BRDA:230,45,1,0
BRDA:238,46,0,0
BRDA:238,46,1,0
BRDA:241,47,0,0
BRDA:241,47,1,0
BRDA:245,48,0,0
BRDA:245,48,1,0
BRDA:258,49,0,0
BRDA:258,49,1,0
BRDA:266,50,0,0
BRDA:266,50,1,0
BRDA:275,51,0,0
BRDA:275,51,1,0
BRDA:278,52,0,0
BRDA:278,52,1,0
BRDA:278,53,0,0
BRDA:278,53,1,0
BRDA:282,54,0,0
BRDA:282,54,1,0
BRDA:285,55,0,0
BRDA:285,55,1,0
BRDA:295,56,0,0
BRDA:295,56,1,0
BRDA:298,57,0,0
BRDA:298,57,1,0
BRF:120
BRH:19
end_of_record
TN:
SF:/Users/sineideferreira/Virtualenvs/instabuyModules/dist/shared/services/request.service.js
FN:2,(anonymous_1)
FN:8,(anonymous_2)
FN:16,(anonymous_3)
FN:17,IBRequestService
FN:36,(anonymous_5)
FN:49,(anonymous_6)
FN:56,(anonymous_7)
FN:88,(anonymous_8)
FN:92,(anonymous_9)
FN:94,(anonymous_10)
FN:98,(anonymous_11)
FN:100,(anonymous_12)
FN:106,(anonymous_13)
FN:108,(anonymous_14)
FN:112,(anonymous_15)
FN:114,(anonymous_16)
FN:118,(anonymous_17)
FN:121,(anonymous_18)
FN:129,(anonymous_19)
FNF:19
FNH:3
FNDA:1,(anonymous_1)
FNDA:1,(anonymous_2)
FNDA:1,(anonymous_3)
FNDA:0,IBRequestService
FNDA:0,(anonymous_5)
FNDA:0,(anonymous_6)
FNDA:0,(anonymous_7)
FNDA:0,(anonymous_8)
FNDA:0,(anonymous_9)
FNDA:0,(anonymous_10)
FNDA:0,(anonymous_11)
FNDA:0,(anonymous_12)
FNDA:0,(anonymous_13)
FNDA:0,(anonymous_14)
FNDA:0,(anonymous_15)
FNDA:0,(anonymous_16)
FNDA:0,(anonymous_17)
FNDA:0,(anonymous_18)
FNDA:0,(anonymous_19)
DA:2,1
DA:3,1
DA:4,1
DA:5,0
DA:6,1
DA:8,1
DA:9,1
DA:11,1
DA:12,1
DA:13,1
DA:14,1
DA:15,1
DA:16,1
DA:17,1
DA:18,0
DA:27,0
DA:28,0
DA:29,0
DA:30,0
DA:33,0
DA:36,1
DA:37,0
DA:38,0
DA:39,0
DA:40,0
DA:41,0
DA:42,0
DA:43,0
DA:46,0
DA:49,1
DA:50,0
DA:51,0
DA:52,0
DA:56,1
DA:57,0
DA:58,0
DA:59,0
DA:60,0
DA:61,0
DA:62,0
DA:63,0
DA:64,0
DA:65,0
DA:66,0
DA:67,0
DA:68,0
DA:69,0
DA:70,0
DA:71,0
DA:72,0
DA:73,0
DA:74,0
DA:75,0
DA:76,0
DA:77,0
DA:78,0
DA:79,0
DA:80,0
DA:82,0
DA:83,0
DA:84,0
DA:85,0
DA:88,1
DA:89,0
DA:90,0
DA:91,0
DA:92,0
DA:94,1
DA:95,0
DA:96,0
DA:97,0
DA:98,0
DA:100,1
DA:101,0
DA:102,0
DA:103,0
DA:104,0
DA:105,0
DA:106,0
DA:108,1
DA:109,0
DA:110,0
DA:111,0
DA:112,0
DA:114,1
DA:115,0
DA:116,0
DA:117,0
DA:118,0
DA:121,1
DA:122,0
DA:123,0
DA:124,0
DA:127,0
DA:128,0
DA:129,0
DA:131,1
DA:133,1
DA:137,1
LF:99
LH:25
BRDA:2,1,0,1
BRDA:2,1,1,1
BRDA:2,1,2,1
BRDA:3,2,0,1
BRDA:3,2,1,0
BRDA:3,3,0,0
BRDA:3,3,1,0
BRDA:4,4,0,1
BRDA:4,4,1,0
BRDA:4,5,0,1
BRDA:4,5,1,1
BRDA:5,6,0,0
BRDA:5,6,1,0
BRDA:5,7,0,0
BRDA:5,7,1,0
BRDA:5,8,0,0
BRDA:5,8,1,0
BRDA:5,9,0,0
BRDA:5,9,1,0
BRDA:6,10,0,1
BRDA:6,10,1,0
BRDA:6,10,2,0
BRDA:8,11,0,1
BRDA:8,11,1,1
BRDA:8,11,2,1
BRDA:9,12,0,1
BRDA:9,12,1,0
BRDA:9,13,0,1
BRDA:9,13,1,1
BRDA:29,14,0,0
BRDA:29,14,1,0
BRDA:41,15,0,0
BRDA:41,15,1,0
BRDA:50,16,0,0
BRDA:50,16,1,0
BRDA:57,17,0,0
BRDA:57,17,1,0
BRDA:58,18,0,0
BRDA:58,18,1,0
BRDA:59,19,0,0
BRDA:59,19,1,0
BRDA:64,20,0,0
BRDA:64,20,1,0
BRDA:66,21,0,0
BRDA:66,21,1,0
BRDA:68,22,0,0
BRDA:68,22,1,0
BRDA:70,23,0,0
BRDA:70,23,1,0
BRDA:72,24,0,0
BRDA:72,24,1,0
BRDA:72,25,0,0
BRDA:72,25,1,0
BRDA:73,26,0,0
BRDA:73,26,1,0
BRDA:73,27,0,0
BRDA:73,27,1,0
BRDA:75,28,0,0
BRDA:75,28,1,0
BRDA:77,29,0,0
BRDA:77,29,1,0
BRDA:79,30,0,0
BRDA:79,30,1,0
BRDA:82,31,0,0
BRDA:82,31,1,0
BRDA:82,32,0,0
BRDA:82,32,1,0
BRF:67
BRH:14
end_of_record
TN:
SF:/Users/sineideferreira/Virtualenvs/instabuyModules/dist/shared/models/response.model.js
FN:3,(anonymous_1)
FN:7,(anonymous_2)
FN:8,IBResponse
FNF:3
FNH:2
FNDA:1,(anonymous_1)
FNDA:1,(anonymous_2)
FNDA:0,IBResponse
DA:2,1
DA:3,1
DA:4,1
DA:5,1
DA:7,1
DA:8,1
DA:9,0
DA:10,0
DA:12,0
DA:13,0
DA:14,0
DA:16,1
DA:18,1
LF:13
LH:8
BRDA:6,1,0,1
BRDA:6,1,1,1
BRDA:9,2,0,0
BRDA:9,2,1,0
BRF:4
BRH:2
end_of_record
TN:
SF:/Users/sineideferreira/Virtualenvs/instabuyModules/dist/shared/services/store.service.js
FN:2,(anonymous_1)
FN:4,(anonymous_2)
FN:5,(anonymous_3)
FN:6,(anonymous_4)
FN:8,__
FN:12,(anonymous_6)
FN:18,(anonymous_7)
FN:35,(anonymous_8)
FN:42,(anonymous_9)
FN:43,IBItemsCallOptionsModel
FN:45,(anonymous_11)
FN:54,(anonymous_12)
FN:76,(anonymous_13)
FN:78,IBStoreService
FN:88,(anonymous_15)
FN:91,(anonymous_16)
FN:96,(anonymous_17)
FN:101,(anonymous_18)
FN:119,(anonymous_19)
FN:123,(anonymous_20)
FN:138,(anonymous_21)
FN:143,(anonymous_22)
FN:145,(anonymous_23)
FN:156,(anonymous_24)
FN:159,(anonymous_25)
FN:166,(anonymous_26)
FN:169,(anonymous_27)
FN:176,(anonymous_28)
FN:182,(anonymous_29)
FN:190,(anonymous_30)
FN:195,(anonymous_31)
FN:197,(anonymous_32)
FN:212,(anonymous_33)
FN:217,(anonymous_34)
FN:219,(anonymous_35)
FN:228,(anonymous_36)
FN:232,(anonymous_37)
FN:233,(anonymous_38)
FN:238,(anonymous_39)
FN:243,(anonymous_40)
FN:244,(anonymous_41)
FN:249,(anonymous_42)
FN:254,(anonymous_43)
FN:255,(anonymous_44)
FN:271,(anonymous_45)
FN:292,(anonymous_46)
FN:297,(anonymous_47)
FN:299,(anonymous_48)
FN:304,(anonymous_49)
FN:307,(anonymous_50)
FN:313,(anonymous_51)
FN:319,(anonymous_52)
FN:321,(anonymous_53)
FN:326,(anonymous_54)
FN:329,(anonymous_55)
FN:337,(anonymous_56)
FN:338,(anonymous_57)
FNF:57
FNH:8
FNDA:1,(anonymous_1)
FNDA:0,(anonymous_2)
FNDA:0,(anonymous_3)
FNDA:1,(anonymous_4)
FNDA:1,__
FNDA:1,(anonymous_6)
FNDA:1,(anonymous_7)
FNDA:1,(anonymous_8)
FNDA:1,(anonymous_9)
FNDA:0,IBItemsCallOptionsModel
FNDA:0,(anonymous_11)
FNDA:0,(anonymous_12)
FNDA:1,(anonymous_13)
FNDA:0,IBStoreService
FNDA:0,(anonymous_15)
FNDA:0,(anonymous_16)
FNDA:0,(anonymous_17)
FNDA:0,(anonymous_18)
FNDA:0,(anonymous_19)
FNDA:0,(anonymous_20)
FNDA:0,(anonymous_21)
FNDA:0,(anonymous_22)
FNDA:0,(anonymous_23)
FNDA:0,(anonymous_24)
FNDA:0,(anonymous_25)
FNDA:0,(anonymous_26)
FNDA:0,(anonymous_27)
FNDA:0,(anonymous_28)
FNDA:0,(anonymous_29)
FNDA:0,(anonymous_30)
FNDA:0,(anonymous_31)
FNDA:0,(anonymous_32)
FNDA:0,(anonymous_33)
FNDA:0,(anonymous_34)
FNDA:0,(anonymous_35)
FNDA:0,(anonymous_36)
FNDA:0,(anonymous_37)
FNDA:0,(anonymous_38)
FNDA:0,(anonymous_39)
FNDA:0,(anonymous_40)
FNDA:0,(anonymous_41)
FNDA:0,(anonymous_42)
FNDA:0,(anonymous_43)
FNDA:0,(anonymous_44)
FNDA:0,(anonymous_45)
FNDA:0,(anonymous_46)
FNDA:0,(anonymous_47)
FNDA:0,(anonymous_48)
FNDA:0,(anonymous_49)
FNDA:0,(anonymous_50)
FNDA:0,(anonymous_51)
FNDA:0,(anonymous_52)
FNDA:0,(anonymous_53)
FNDA:0,(anonymous_54)
FNDA:0,(anonymous_55)
FNDA:0,(anonymous_56)
FNDA:0,(anonymous_57)
DA:2,1
DA:3,1
DA:4,0
DA:5,0
DA:6,1
DA:7,1
DA:8,1
DA:9,1
DA:12,1
DA:13,1
DA:14,1
DA:15,0
DA:16,1
DA:18,1
DA:19,1
DA:21,1
DA:22,1
DA:23,1
DA:24,1
DA:25,1
DA:26,1
DA:27,1
DA:28,1
DA:29,1
DA:30,1
DA:31,1
DA:32,1
DA:33,1
DA:34,1
DA:35,1
DA:36,1
DA:37,1
DA:38,1
DA:39,1
DA:40,1
DA:42,1
DA:43,1
DA:45,1
DA:46,0
DA:47,0
DA:48,0
DA:49,0
DA:50,0
DA:51,0
DA:54,1
DA:55,0
DA:56,0
DA:57,0
DA:58,0
DA:59,0
DA:60,0
DA:61,0
DA:62,0
DA:63,0
DA:64,0
DA:65,0
DA:66,0
DA:67,0
DA:68,0
DA:69,0
DA:70,0
DA:71,0
DA:73,1
DA:75,1
DA:76,1
DA:77,1
DA:78,1
DA:79,0
DA:80,0
DA:81,0
DA:82,0
DA:83,0
DA:84,0
DA:85,0
DA:88,1
DA:89,0
DA:91,1
DA:92,0
DA:93,0
DA:94,0
DA:96,1
DA:97,0
DA:98,0
DA:101,1
DA:102,0
DA:103,0
DA:104,0
DA:105,0
DA:106,0
DA:107,0
DA:108,0
DA:109,0
DA:110,0
DA:111,0
DA:112,0
DA:113,0
DA:116,0
DA:119,1
DA:120,0
DA:121,0
DA:123,1
DA:124,0
DA:125,0
DA:126,0
DA:127,0
DA:128,0
DA:129,0
DA:130,0
DA:131,0
DA:132,0
DA:133,0
DA:138,1
DA:139,0
DA:140,0
DA:141,0
DA:143,1
DA:144,0
DA:145,0
DA:146,0
DA:147,0
DA:148,0
DA:149,0
DA:150,0
DA:152,0
DA:153,0
DA:156,1
DA:157,0
DA:158,0
DA:159,0
DA:160,0
DA:161,0
DA:162,0
DA:163,0
DA:166,1
DA:167,0
DA:168,0
DA:169,0
DA:170,0
DA:171,0
DA:172,0
DA:173,0
DA:176,1
DA:177,0
DA:178,0
DA:179,0
DA:180,0
DA:181,0
DA:182,0
DA:183,0
DA:184,0
DA:185,0
DA:186,0
DA:190,1
DA:191,0
DA:192,0
DA:195,1
DA:196,0
DA:197,0
DA:198,0
DA:199,0
DA:200,0
DA:201,0
DA:202,0
DA:203,0
DA:205,0
DA:206,0
DA:208,0
DA:209,0
DA:212,1
DA:213,0
DA:214,0
DA:215,0
DA:217,1
DA:218,0
DA:219,0
DA:220,0
DA:221,0
DA:222,0
DA:224,0
DA:225,0
DA:228,1
DA:229,0
DA:230,0
DA:232,1
DA:233,0
DA:234,0
DA:235,0
DA:238,1
DA:239,0
DA:240,0
DA:241,0
DA:243,1
DA:244,0
DA:245,0
DA:246,0
DA:249,1
DA:250,0
DA:251,0
DA:252,0
DA:254,1
DA:255,0
DA:256,0
DA:257,0
DA:258,0
DA:259,0
DA:260,0
DA:261,0
DA:264,0
DA:267,0
DA:268,0
DA:271,1
DA:272,0
DA:273,0
DA:274,0
DA:275,0
DA:276,0
DA:277,0
DA:278,0
DA:279,0
DA:280,0
DA:281,0
DA:282,0
DA:283,0
DA:284,0
DA:286,0
DA:288,0
DA:292,0
DA:293,0
DA:297,1
DA:298,0
DA:299,0
DA:300,0
DA:301,0
DA:304,1
DA:305,0
DA:306,0
DA:307,0
DA:308,0
DA:309,0
DA:313,0
DA:314,0
DA:315,0
DA:319,1
DA:320,0
DA:321,0
DA:322,0
DA:323,0
DA:326,1
DA:327,0
DA:329,1
DA:330,0
DA:331,0
DA:332,0
DA:333,0
DA:335,0
DA:337,1
DA:338,0
DA:339,0
DA:340,0
DA:341,0
DA:342,0
DA:345,0
DA:346,0
DA:349,1
DA:351,1
DA:355,1
LF:266
LH:72
BRDA:2,1,0,1
BRDA:2,1,1,1
BRDA:2,1,2,1
BRDA:3,2,0,1
BRDA:3,2,1,0
BRDA:3,2,2,0
BRDA:3,2,3,0
BRDA:5,3,0,0
BRDA:5,3,1,0
BRDA:9,4,0,0
BRDA:9,4,1,1
BRDA:12,5,0,1
BRDA:12,5,1,1
BRDA:12,5,2,1
BRDA:13,6,0,1
BRDA:13,6,1,0
BRDA:13,7,0,0
BRDA:13,7,1,0
BRDA:14,8,0,1
BRDA:14,8,1,0
BRDA:14,9,0,1
BRDA:14,9,1,1
BRDA:15,10,0,0
BRDA:15,10,1,0
BRDA:15,11,0,0
BRDA:15,11,1,0
BRDA:15,12,0,0
BRDA:15,12,1,0
BRDA:15,13,0,0
BRDA:15,13,1,0
BRDA:16,14,0,1
BRDA:16,14,1,0
BRDA:16,14,2,0
BRDA:18,15,0,1
BRDA:18,15,1,1
BRDA:18,15,2,1
BRDA:19,16,0,1
BRDA:19,16,1,0
BRDA:19,17,0,1
BRDA:19,17,1,1
BRDA:41,18,0,1
BRDA:41,18,1,1
BRDA:46,19,0,0
BRDA:46,19,1,0
BRDA:46,19,2,0
BRDA:46,19,3,0
BRDA:46,19,4,0
BRDA:55,20,0,0
BRDA:55,20,1,0
BRDA:57,21,0,0
BRDA:57,21,1,0
BRDA:60,22,0,0
BRDA:60,22,1,0
BRDA:62,23,0,0
BRDA:62,23,1,0
BRDA:64,24,0,0
BRDA:64,24,1,0
BRDA:66,25,0,0
BRDA:66,25,1,0
BRDA:69,26,0,0
BRDA:69,26,1,0
BRDA:79,27,0,0
BRDA:79,27,1,0
BRDA:93,28,0,0
BRDA:93,28,1,0
BRDA:110,29,0,0
BRDA:110,29,1,0
BRDA:148,30,0,0
BRDA:148,30,1,0
BRDA:152,31,0,0
BRDA:152,31,1,0
BRDA:160,32,0,0
BRDA:160,32,1,0
BRDA:162,33,0,0
BRDA:162,33,1,0
BRDA:170,34,0,0
BRDA:170,34,1,0
BRDA:172,35,0,0
BRDA:172,35,1,0
BRDA:178,36,0,0
BRDA:178,36,1,0
BRDA:179,37,0,0
BRDA:179,37,1,0
BRDA:198,38,0,0
BRDA:198,38,1,0
BRDA:205,39,0,0
BRDA:205,39,1,0
BRDA:208,40,0,0
BRDA:208,40,1,0
BRDA:220,41,0,0
BRDA:220,41,1,0
BRDA:224,42,0,0
BRDA:224,42,1,0
BRDA:234,43,0,0
BRDA:234,43,1,0
BRDA:245,44,0,0
BRDA:245,44,1,0
BRDA:257,45,0,0
BRDA:257,45,1,0
BRDA:260,46,0,0
BRDA:260,46,1,0
BRDA:267,47,0,0
BRDA:267,47,1,0
BRDA:286,48,0,0
BRDA:286,48,1,0
BRDA:300,49,0,0
BRDA:300,49,1,0
BRDA:306,50,0,0
BRDA:306,50,1,0
BRDA:306,51,0,0
BRDA:306,51,1,0
BRDA:308,52,0,0
BRDA:308,52,1,0
BRDA:314,53,0,0
BRDA:314,53,1,0
BRDA:322,54,0,0
BRDA:322,54,1,0
BRDA:332,55,0,0
BRDA:332,55,1,0
BRDA:340,56,0,0
BRDA:340,56,1,0
BRDA:345,57,0,0
BRDA:345,57,1,0
BRF:123
BRH:21
end_of_record
TN:
SF:/Users/sineideferreira/Virtualenvs/instabuyModules/dist/shared/models/store.model.js
FN:2,(anonymous_1)
FN:4,(anonymous_2)
FN:5,(anonymous_3)
FN:6,(anonymous_4)
FN:8,__
FN:16,(anonymous_6)
FN:18,IBStoreHours
FN:21,(anonymous_8)
FN:39,(anonymous_9)
FN:48,(anonymous_10)
FN:50,IBScheduleBand
FN:53,(anonymous_12)
FN:61,(anonymous_13)
FN:63,IBScheduleDay
FN:66,(anonymous_15)
FN:76,(anonymous_16)
FN:78,IBStoreLocality
FN:84,(anonymous_18)
FN:86,IBStoreCard
FN:92,(anonymous_20)
FN:94,IBInstallment
FN:97,(anonymous_22)
FN:103,(anonymous_23)
FN:106,(anonymous_24)
FN:109,(anonymous_25)
FN:122,(anonymous_26)
FN:124,IBPage
FN:130,(anonymous_28)
FN:132,IBStore
FN:148,(anonymous_30)
FN:201,(anonymous_31)
FN:223,(anonymous_32)
FN:230,(anonymous_33)
FN:237,(anonymous_34)
FNF:34
FNH:12
FNDA:1,(anonymous_1)
FNDA:0,(anonymous_2)
FNDA:0,(anonymous_3)
FNDA:8,(anonymous_4)
FNDA:8,__
FNDA:1,(anonymous_6)
FNDA:0,IBStoreHours
FNDA:0,(anonymous_8)
FNDA:1,(anonymous_9)
FNDA:1,(anonymous_10)
FNDA:0,IBScheduleBand
FNDA:0,(anonymous_12)
FNDA:1,(anonymous_13)
FNDA:0,IBScheduleDay
FNDA:0,(anonymous_15)
FNDA:1,(anonymous_16)
FNDA:0,IBStoreLocality
FNDA:1,(anonymous_18)
FNDA:0,IBStoreCard
FNDA:1,(anonymous_20)
FNDA:0,IBInstallment
FNDA:0,(anonymous_22)
FNDA:0,(anonymous_23)
FNDA:0,(anonymous_24)
FNDA:0,(anonymous_25)
FNDA:1,(anonymous_26)
FNDA:0,IBPage
FNDA:1,(anonymous_28)
FNDA:0,IBStore
FNDA:0,(anonymous_30)
FNDA:0,(anonymous_31)
FNDA:0,(anonymous_32)
FNDA:0,(anonymous_33)
FNDA:0,(anonymous_34)
DA:2,1
DA:3,1
DA:4,0
DA:5,0
DA:6,1
DA:7,8
DA:8,8
DA:9,8
DA:12,1
DA:13,1
DA:14,1
DA:15,1
DA:16,1
DA:17,1
DA:18,1
DA:19,0
DA:21,1
DA:22,0
DA:26,0
DA:27,0
DA:28,0
DA:29,0
DA:30,0
DA:32,0
DA:35,1
DA:37,1
DA:38,1
DA:39,1
DA:40,1
DA:41,1
DA:42,1
DA:43,1
DA:44,1
DA:45,1
DA:46,1
DA:48,1
DA:49,1
DA:50,1
DA:51,0
DA:53,1
DA:54,0
DA:55,0
DA:56,0
DA:58,1
DA:60,1
DA:61,1
DA:62,1
DA:63,1
DA:64,0
DA:66,1
DA:67,0
DA:68,0
DA:69,0
DA:70,0
DA:73,1
DA:75,1
DA:76,1
DA:77,1
DA:78,1
DA:79,0
DA:81,1
DA:83,1
DA:84,1
DA:85,1
DA:86,1
DA:87,0
DA:89,1
DA:91,1
DA:92,1
DA:93,1
DA:94,1
DA:95,0
DA:97,1
DA:98,0
DA:99,0
DA:101,0
DA:103,1
DA:104,0
DA:106,1
DA:107,0
DA:109,1
DA:110,0
DA:111,0
DA:112,0
DA:113,0
DA:115,0
DA:116,0
DA:117,0
DA:119,1
DA:121,1
DA:122,1
DA:123,1
DA:124,1
DA:125,0
DA:127,1
DA:129,1
DA:130,1
DA:131,1
DA:132,1
DA:133,0
DA:134,0
DA:135,0
DA:136,0
DA:137,0
DA:138,0
DA:139,0
DA:140,0
DA:141,0
DA:142,0
DA:143,0
DA:144,0
DA:145,0
DA:146,0
DA:148,1
DA:149,0
DA:150,0
DA:151,0
DA:152,0
DA:153,0
DA:156,0
DA:157,0
DA:158,0
DA:159,0
DA:162,0
DA:163,0
DA:164,0
DA:165,0
DA:167,0
DA:168,0
DA:169,0
DA:170,0
DA:171,0
DA:172,0
DA:173,0
DA:174,0
DA:176,0
DA:177,0
DA:179,0
DA:180,0
DA:184,0
DA:185,0
DA:186,0
DA:188,0
DA:189,0
DA:190,0
DA:191,0
DA:194,0
DA:195,0
DA:196,0
DA:197,0
DA:201,1
DA:202,0
DA:203,0
DA:204,0
DA:205,0
DA:206,0
DA:207,0
DA:212,0
DA:213,0
DA:214,0
DA:218,0
DA:220,0
DA:223,1
DA:224,0
DA:225,0
DA:226,0
DA:230,1
DA:231,0
DA:232,0
DA:233,0
DA:237,1
DA:238,0
DA:239,0
DA:240,0
DA:242,0
DA:243,0
DA:245,0
DA:246,0
DA:248,0
DA:249,0
DA:251,0
DA:252,0
DA:253,0
DA:256,0
DA:258,1
DA:260,1
LF:186
LH:71
BRDA:2,1,0,1
BRDA:2,1,1,1
BRDA:2,1,2,1
BRDA:3,2,0,1
BRDA:3,2,1,0
BRDA:3,2,2,0
BRDA:3,2,3,0
BRDA:5,3,0,0
BRDA:5,3,1,0
BRDA:9,4,0,0
BRDA:9,4,1,8
BRDA:19,5,0,0
BRDA:19,5,1,0
BRDA:19,5,2,0
BRDA:28,6,0,0
BRDA:28,6,1,0
BRDA:47,7,0,1
BRDA:47,7,1,1
BRDA:51,8,0,0
BRDA:51,8,1,0
BRDA:51,8,2,0
BRDA:55,9,0,0
BRDA:55,9,1,0
BRDA:64,10,0,0
BRDA:64,10,1,0
BRDA:64,10,2,0
BRDA:79,11,0,0
BRDA:79,11,1,0
BRDA:79,11,2,0
BRDA:87,12,0,0
BRDA:87,12,1,0
BRDA:87,12,2,0
BRDA:95,13,0,0
BRDA:95,13,1,0
BRDA:95,13,2,0
BRDA:98,14,0,0
BRDA:98,14,1,0
BRDA:112,15,0,0
BRDA:112,15,1,0
BRDA:125,16,0,0
BRDA:125,16,1,0
BRDA:125,16,2,0
BRDA:133,17,0,0
BRDA:133,17,1,0
BRDA:144,18,0,0
BRDA:144,18,1,0
BRDA:150,19,0,0
BRDA:150,19,1,0
BRDA:156,20,0,0
BRDA:156,20,1,0
BRDA:162,21,0,0
BRDA:162,21,1,0
BRDA:173,22,0,0
BRDA:173,22,1,0
BRDA:176,23,0,0
BRDA:176,23,1,0
BRDA:179,24,0,0
BRDA:179,24,1,0
BRDA:185,25,0,0
BRDA:185,25,1,0
BRDA:185,26,0,0
BRDA:185,26,1,0
BRDA:188,27,0,0
BRDA:188,27,1,0
BRDA:194,28,0,0
BRDA:194,28,1,0
BRDA:225,29,0,0
BRDA:225,29,1,0
BRDA:232,30,0,0
BRDA:232,30,1,0
BRDA:239,31,0,0
BRDA:239,31,1,0
BRDA:242,32,0,0
BRDA:242,32,1,0
BRDA:245,33,0,0
BRDA:245,33,1,0
BRDA:248,34,0,0
BRDA:248,34,1,0
BRDA:252,35,0,0
BRDA:252,35,1,0
BRF:80
BRH:7
end_of_record
TN:
SF:/Users/sineideferreira/Virtualenvs/instabuyModules/dist/shared/services/user.service.js
FN:2,(anonymous_1)
FN:4,(anonymous_2)
FN:5,(anonymous_3)
FN:6,(anonymous_4)
FN:8,__
FN:12,(anonymous_6)
FN:18,(anonymous_7)
FN:28,(anonymous_8)
FN:30,IBUserService
FN:41,(anonymous_10)
FN:44,(anonymous_11)
FN:49,(anonymous_12)
FN:56,(anonymous_13)
FN:60,(anonymous_14)
FN:64,(anonymous_15)
FN:68,(anonymous_16)
FN:72,(anonymous_17)
FN:79,(anonymous_18)
FN:87,(anonymous_19)
FN:94,(anonymous_20)
FN:102,(anonymous_21)
FN:109,(anonymous_22)
FN:123,(anonymous_23)
FN:128,(anonymous_24)
FN:135,(anonymous_25)
FN:143,(anonymous_26)
FN:145,(anonymous_27)
FN:166,(anonymous_28)
FN:170,(anonymous_29)
FN:178,(anonymous_30)
FN:181,(anonymous_31)
FN:193,(anonymous_32)
FN:197,(anonymous_33)
FN:202,(anonymous_34)
FN:205,(anonymous_35)
FN:210,(anonymous_36)
FN:213,(anonymous_37)
FN:218,(anonymous_38)
FN:221,(anonymous_39)
FN:227,(anonymous_40)
FN:231,(anonymous_41)
FN:243,(anonymous_42)
FN:247,(anonymous_43)
FN:255,(anonymous_44)
FN:259,(anonymous_45)
FN:269,(anonymous_46)
FN:273,(anonymous_47)
FN:282,(anonymous_48)
FN:286,(anonymous_49)
FN:296,(anonymous_50)
FN:300,(anonymous_51)
FN:307,(anonymous_52)
FN:309,(anonymous_53)
FN:318,(anonymous_54)
FNF:54
FNH:6
FNDA:1,(anonymous_1)
FNDA:0,(anonymous_2)
FNDA:0,(anonymous_3)
FNDA:1,(anonymous_4)
FNDA:1,__
FNDA:1,(anonymous_6)
FNDA:1,(anonymous_7)
FNDA:1,(anonymous_8)
FNDA:0,IBUserService
FNDA:0,(anonymous_10)
FNDA:0,(anonymous_11)
FNDA:0,(anonymous_12)
FNDA:0,(anonymous_13)
FNDA:0,(anonymous_14)
FNDA:0,(anonymous_15)
FNDA:0,(anonymous_16)
FNDA:0,(anonymous_17)
FNDA:0,(anonymous_18)
FNDA:0,(anonymous_19)
FNDA:0,(anonymous_20)
FNDA:0,(anonymous_21)
FNDA:0,(anonymous_22)
FNDA:0,(anonymous_23)
FNDA:0,(anonymous_24)
FNDA:0,(anonymous_25)
FNDA:0,(anonymous_26)
FNDA:0,(anonymous_27)
FNDA:0,(anonymous_28)
FNDA:0,(anonymous_29)
FNDA:0,(anonymous_30)
FNDA:0,(anonymous_31)
FNDA:0,(anonymous_32)
FNDA:0,(anonymous_33)
FNDA:0,(anonymous_34)
FNDA:0,(anonymous_35)
FNDA:0,(anonymous_36)
FNDA:0,(anonymous_37)
FNDA:0,(anonymous_38)
FNDA:0,(anonymous_39)
FNDA:0,(anonymous_40)
FNDA:0,(anonymous_41)
FNDA:0,(anonymous_42)
FNDA:0,(anonymous_43)
FNDA:0,(anonymous_44)
FNDA:0,(anonymous_45)
FNDA:0,(anonymous_46)
FNDA:0,(anonymous_47)
FNDA:0,(anonymous_48)
FNDA:0,(anonymous_49)
FNDA:0,(anonymous_50)
FNDA:0,(anonymous_51)
FNDA:0,(anonymous_52)
FNDA:0,(anonymous_53)
FNDA:0,(anonymous_54)
DA:2,1
DA:3,1
DA:4,0
DA:5,0
DA:6,1
DA:7,1
DA:8,1
DA:9,1
DA:12,1
DA:13,1
DA:14,1
DA:15,0
DA:16,1
DA:18,1
DA:19,1
DA:21,1
DA:22,1
DA:23,1
DA:24,1
DA:25,1
DA:26,1
DA:27,1
DA:28,1
DA:29,1
DA:30,1
DA:31,0
DA:32,0
DA:33,0
DA:34,0
DA:35,0
DA:36,0
DA:37,0
DA:38,0
DA:41,1
DA:42,0
DA:44,1
DA:45,0
DA:46,0
DA:47,0
DA:49,1
DA:50,0
DA:51,0
DA:56,1
DA:57,0
DA:58,0
DA:60,1
DA:61,0
DA:62,0
DA:64,1
DA:65,0
DA:66,0
DA:68,1
DA:69,0
DA:70,0
DA:72,1
DA:73,0
DA:74,0
DA:75,0
DA:76,0
DA:77,0
DA:79,0
DA:80,0
DA:81,0
DA:83,0
DA:84,0
DA:87,1
DA:88,0
DA:89,0
DA:90,0
DA:91,0
DA:92,0
DA:94,0
DA:95,0
DA:96,0
DA:98,0
DA:99,0
DA:102,1
DA:103,0
DA:104,0
DA:105,0
DA:106,0
DA:107,0
DA:109,0
DA:110,0
DA:111,0
DA:113,0
DA:116,0
DA:119,0
DA:120,0
DA:123,1
DA:124,0
DA:125,0
DA:126,0
DA:128,1
DA:129,0
DA:130,0
DA:131,0
DA:132,0
DA:133,0
DA:135,0
DA:136,0
DA:137,0
DA:139,0
DA:140,0
DA:143,1
DA:144,0
DA:145,0
DA:146,0
DA:147,0
DA:148,0
DA:150,0
DA:151,0
DA:152,0
DA:153,0
DA:154,0
DA:155,0
DA:156,0
DA:157,0
DA:158,0
DA:159,0
DA:161,0
DA:162,0
DA:166,1
DA:167,0
DA:168,0
DA:169,0
DA:170,0
DA:171,0
DA:172,0
DA:173,0
DA:174,0
DA:178,1
DA:179,0
DA:180,0
DA:181,0
DA:182,0
DA:183,0
DA:184,0
DA:185,0
DA:186,0
DA:188,0
DA:189,0
DA:193,1
DA:194,0
DA:195,0
DA:196,0
DA:197,0
DA:198,0
DA:199,0
DA:202,1
DA:203,0
DA:204,0
DA:205,0
DA:206,0
DA:207,0
DA:210,1
DA:211,0
DA:212,0
DA:213,0
DA:214,0
DA:215,0
DA:218,1
DA:219,0
DA:220,0
DA:221,0
DA:222,0
DA:223,0
DA:227,1
DA:228,0
DA:229,0
DA:230,0
DA:231,0
DA:232,0
DA:233,0
DA:234,0
DA:235,0
DA:236,0
DA:238,0
DA:239,0
DA:243,1
DA:244,0
DA:245,0
DA:246,0
DA:247,0
DA:248,0
DA:249,0
DA:251,0
DA:252,0
DA:255,1
DA:256,0
DA:257,0
DA:258,0
DA:259,0
DA:260,0
DA:261,0
DA:262,0
DA:263,0
DA:265,0
DA:266,0
DA:269,1
DA:270,0
DA:271,0
DA:272,0
DA:273,0
DA:274,0
DA:275,0
DA:276,0
DA:278,0
DA:279,0
DA:282,1
DA:283,0
DA:284,0
DA:285,0
DA:286,0
DA:287,0
DA:288,0
DA:289,0
DA:291,0
DA:292,0
DA:296,1
DA:297,0
DA:298,0
DA:299,0
DA:300,0
DA:301,0
DA:302,0
DA:303,0
DA:304,0
DA:307,1
DA:308,0
DA:309,0
DA:310,0
DA:311,0
DA:312,0
DA:315,0
DA:317,0
DA:319,0
DA:322,1
DA:324,1
DA:328,1
LF:240
LH:51
BRDA:2,1,0,1
BRDA:2,1,1,1
BRDA:2,1,2,1
BRDA:3,2,0,1
BRDA:3,2,1,0
BRDA:3,2,2,0
BRDA:3,2,3,0
BRDA:5,3,0,0
BRDA:5,3,1,0
BRDA:9,4,0,0
BRDA:9,4,1,1
BRDA:12,5,0,1
BRDA:12,5,1,1
BRDA:12,5,2,1
BRDA:13,6,0,1
BRDA:13,6,1,0
BRDA:13,7,0,0
BRDA:13,7,1,0
BRDA:14,8,0,1
BRDA:14,8,1,0
BRDA:14,9,0,1
BRDA:14,9,1,1
BRDA:15,10,0,0
BRDA:15,10,1,0
BRDA:15,11,0,0
BRDA:15,11,1,0
BRDA:15,12,0,0
BRDA:15,12,1,0
BRDA:15,13,0,0
BRDA:15,13,1,0
BRDA:16,14,0,1
BRDA:16,14,1,0
BRDA:16,14,2,0
BRDA:18,15,0,1
BRDA:18,15,1,1
BRDA:18,15,2,1
BRDA:19,16,0,1
BRDA:19,16,1,0
BRDA:19,17,0,1
BRDA:19,17,1,1
BRDA:31,18,0,0
BRDA:31,18,1,0
BRDA:46,19,0,0
BRDA:46,19,1,0
BRDA:74,20,0,0
BRDA:74,20,1,0
BRDA:75,21,0,0
BRDA:75,21,1,0
BRDA:80,22,0,0
BRDA:80,22,1,0
BRDA:83,23,0,0
BRDA:83,23,1,0
BRDA:89,24,0,0
BRDA:89,24,1,0
BRDA:90,25,0,0
BRDA:90,25,1,0
BRDA:95,26,0,0
BRDA:95,26,1,0
BRDA:98,27,0,0
BRDA:98,27,1,0
BRDA:104,28,0,0
BRDA:104,28,1,0
BRDA:105,29,0,0
BRDA:105,29,1,0
BRDA:110,30,0,0
BRDA:110,30,1,0
BRDA:111,31,0,0
BRDA:111,31,1,0
BRDA:119,32,0,0
BRDA:119,32,1,0
BRDA:130,33,0,0
BRDA:130,33,1,0
BRDA:131,34,0,0
BRDA:131,34,1,0
BRDA:136,35,0,0
BRDA:136,35,1,0
BRDA:139,36,0,0
BRDA:139,36,1,0
BRDA:146,37,0,0
BRDA:146,37,1,0
BRDA:150,38,0,0
BRDA:150,38,1,0
BRDA:153,39,0,0
BRDA:153,39,1,0
BRDA:155,40,0,0
BRDA:155,40,1,0
BRDA:157,41,0,0
BRDA:157,41,1,0
BRDA:161,42,0,0
BRDA:161,42,1,0
BRDA:172,43,0,0
BRDA:172,43,1,0
BRDA:182,44,0,0
BRDA:182,44,1,0
BRDA:188,45,0,0
BRDA:188,45,1,0
BRDA:198,46,0,0
BRDA:198,46,1,0
BRDA:206,47,0,0
BRDA:206,47,1,0
BRDA:214,48,0,0
BRDA:214,48,1,0
BRDA:222,49,0,0
BRDA:222,49,1,0
BRDA:232,50,0,0
BRDA:232,50,1,0
BRDA:238,51,0,0
BRDA:238,51,1,0
BRDA:248,52,0,0
BRDA:248,52,1,0
BRDA:251,53,0,0
BRDA:251,53,1,0
BRDA:260,54,0,0
BRDA:260,54,1,0
BRDA:265,55,0,0
BRDA:265,55,1,0
BRDA:274,56,0,0
BRDA:274,56,1,0
BRDA:278,57,0,0
BRDA:278,57,1,0
BRDA:287,58,0,0
BRDA:287,58,1,0
BRDA:291,59,0,0
BRDA:291,59,1,0
BRDA:303,60,0,0
BRDA:303,60,1,0
BRDA:311,61,0,0
BRDA:311,61,1,0
BRF:128
BRH:19
end_of_record
TN:
SF:/Users/sineideferreira/Virtualenvs/instabuyModules/dist/shared/models/user.model.js
FN:2,(anonymous_1)
FN:4,(anonymous_2)
FN:5,(anonymous_3)
FN:6,(anonymous_4)
FN:8,__
FN:19,(anonymous_6)
FN:21,IBUser
FN:33,(anonymous_8)
FN:36,(anonymous_9)
FN:50,(anonymous_10)
FN:56,(anonymous_11)
FN:62,(anonymous_12)
FN:70,(anonymous_13)
FN:80,(anonymous_14)
FN:97,(anonymous_15)
FN:107,(anonymous_16)
FN:110,(anonymous_17)
FN:115,(anonymous_18)
FN:118,(anonymous_19)
FN:123,(anonymous_20)
FN:129,(anonymous_21)
FN:135,(anonymous_22)
FN:141,(anonymous_23)
FNF:23
FNH:4
FNDA:1,(anonymous_1)
FNDA:0,(anonymous_2)
FNDA:0,(anonymous_3)
FNDA:1,(anonymous_4)
FNDA:1,__
FNDA:1,(anonymous_6)
FNDA:0,IBUser
FNDA:0,(anonymous_8)
FNDA:0,(anonymous_9)
FNDA:0,(anonymous_10)
FNDA:0,(anonymous_11)
FNDA:0,(anonymous_12)
FNDA:0,(anonymous_13)
FNDA:0,(anonymous_14)
FNDA:0,(anonymous_15)
FNDA:0,(anonymous_16)
FNDA:0,(anonymous_17)
FNDA:0,(anonymous_18)
FNDA:0,(anonymous_19)
FNDA:0,(anonymous_20)
FNDA:0,(anonymous_21)
FNDA:0,(anonymous_22)
FNDA:0,(anonymous_23)
DA:2,1
DA:3,1
DA:4,0
DA:5,0
DA:6,1
DA:7,1
DA:8,1
DA:9,1
DA:12,1
DA:13,1
DA:14,1
DA:15,1
DA:16,1
DA:17,1
DA:18,1
DA:19,1
DA:20,1
DA:21,1
DA:22,0
DA:23,0
DA:24,0
DA:25,0
DA:26,0
DA:27,0
DA:28,0
DA:29,0
DA:30,0
DA:31,0
DA:33,1
DA:34,0
DA:36,1
DA:37,0
DA:38,0
DA:39,0
DA:41,0
DA:42,0
DA:43,0
DA:44,0
DA:45,0
DA:46,0
DA:50,1
DA:51,0
DA:52,0
DA:53,0
DA:56,1
DA:57,0
DA:58,0
DA:59,0
DA:62,1
DA:63,0
DA:64,0
DA:65,0
DA:66,0
DA:67,0
DA:70,1
DA:71,0
DA:72,0
DA:73,0
DA:74,0
DA:77,0
DA:80,1
DA:81,0
DA:82,0
DA:83,0
DA:84,0
DA:85,0
DA:86,0
DA:87,0
DA:88,0
DA:89,0
DA:90,0
DA:93,0
DA:95,0
DA:97,1
DA:98,0
DA:99,0
DA:100,0
DA:101,0
DA:102,0
DA:103,0
DA:104,0
DA:105,0
DA:107,1
DA:108,0
DA:110,1
DA:111,0
DA:112,0
DA:113,0
DA:115,1
DA:116,0
DA:118,1
DA:119,0
DA:120,0
DA:121,0
DA:123,1
DA:124,0
DA:125,0
DA:126,0
DA:129,1
DA:130,0
DA:131,0
DA:132,0
DA:135,1
DA:136,0
DA:137,0
DA:138,0
DA:141,1
DA:142,0
DA:143,0
DA:144,0
DA:147,1
DA:149,1
LF:112
LH:34
BRDA:2,1,0,1
BRDA:2,1,1,1
BRDA:2,1,2,1
BRDA:3,2,0,1
BRDA:3,2,1,0
BRDA:3,2,2,0
BRDA:3,2,3,0
BRDA:5,3,0,0
BRDA:5,3,1,0
BRDA:9,4,0,0
BRDA:9,4,1,1
BRDA:22,5,0,0
BRDA:22,5,1,0
BRDA:45,6,0,0
BRDA:45,6,1,0
BRDA:65,7,0,0
BRDA:65,7,1,0
BRDA:65,8,0,0
BRDA:65,8,1,0
BRDA:65,8,2,0
BRDA:71,9,0,0
BRDA:71,9,1,0
BRDA:73,10,0,0
BRDA:73,10,1,0
BRDA:89,11,0,0
BRDA:89,11,1,0
BRDA:112,12,0,0
BRDA:112,12,1,0
BRDA:120,13,0,0
BRDA:120,13,1,0
BRDA:125,14,0,0
BRDA:125,14,1,0
BRDA:131,15,0,0
BRDA:131,15,1,0
BRDA:137,16,0,0
BRDA:137,16,1,0
BRDA:143,17,0,0
BRDA:143,17,1,0
BRF:38
BRH:5
end_of_record
TN:
SF:/Users/sineideferreira/Virtualenvs/instabuyModules/dist/shared/models/order.model.js
FN:2,(anonymous_1)
FN:4,(anonymous_2)
FN:5,(anonymous_3)
FN:6,(anonymous_4)
FN:8,__
FN:14,(anonymous_6)
FN:15,IBStatus
FN:81,(anonymous_8)
FN:93,(anonymous_9)
FN:95,IBProductOrder
FN:98,(anonymous_11)
FN:104,(anonymous_12)
FN:106,IBCombinationOrder
FN:111,(anonymous_14)
FN:114,(anonymous_15)
FN:117,(anonymous_16)
FN:119,(anonymous_17)
FN:121,(anonymous_18)
FN:140,(anonymous_19)
FN:142,IBProductsKitOrder
FN:147,(anonymous_21)
FN:150,(anonymous_22)
FN:153,(anonymous_23)
FN:155,(anonymous_24)
FN:157,(anonymous_25)
FN:176,(anonymous_26)
FN:178,IBProductsKitBundleOrder
FN:183,(anonymous_28)
FN:193,(anonymous_29)
FN:195,IBProductsKitBundleProductsOrder
FN:200,(anonymous_31)
FN:206,(anonymous_32)
FN:208,IBOrder
FN:213,(anonymous_34)
FN:241,(anonymous_35)
FN:255,(anonymous_36)
FN:264,(anonymous_37)
FN:270,(anonymous_38)
FN:282,(anonymous_39)
FN:285,(anonymous_40)
FN:292,(anonymous_41)
FNF:41
FNH:10
FNDA:1,(anonymous_1)
FNDA:0,(anonymous_2)
FNDA:0,(anonymous_3)
FNDA:6,(anonymous_4)
FNDA:6,__
FNDA:1,(anonymous_6)
FNDA:0,IBStatus
FNDA:0,(anonymous_8)
FNDA:1,(anonymous_9)
FNDA:0,IBProductOrder
FNDA:0,(anonymous_11)
FNDA:1,(anonymous_12)
FNDA:0,IBCombinationOrder
FNDA:0,(anonymous_14)
FNDA:0,(anonymous_15)
FNDA:0,(anonymous_16)
FNDA:0,(anonymous_17)
FNDA:0,(anonymous_18)
FNDA:1,(anonymous_19)
FNDA:0,IBProductsKitOrder
FNDA:0,(anonymous_21)
FNDA:0,(anonymous_22)
FNDA:0,(anonymous_23)
FNDA:0,(anonymous_24)
FNDA:0,(anonymous_25)
FNDA:1,(anonymous_26)
FNDA:0,IBProductsKitBundleOrder
FNDA:0,(anonymous_28)
FNDA:1,(anonymous_29)
FNDA:0,IBProductsKitBundleProductsOrder
FNDA:0,(anonymous_31)
FNDA:1,(anonymous_32)
FNDA:0,IBOrder
FNDA:0,(anonymous_34)
FNDA:0,(anonymous_35)
FNDA:0,(anonymous_36)
FNDA:0,(anonymous_37)
FNDA:0,(anonymous_38)
FNDA:0,(anonymous_39)
FNDA:0,(anonymous_40)
FNDA:0,(anonymous_41)
DA:2,1
DA:3,1
DA:4,0
DA:5,0
DA:6,1
DA:7,6
DA:8,6
DA:9,6
DA:12,1
DA:13,1
DA:14,1
DA:15,1
DA:16,0
DA:78,0
DA:79,0
DA:81,1
DA:82,0
DA:83,0
DA:84,0
DA:85,0
DA:86,0
DA:90,1
DA:92,1
DA:93,1
DA:94,1
DA:95,1
DA:96,0
DA:98,1
DA:99,0
DA:101,1
DA:103,1
DA:104,1
DA:105,1
DA:106,1
DA:107,0
DA:108,0
DA:109,0
DA:111,1
DA:112,0
DA:114,1
DA:115,0
DA:117,1
DA:118,0
DA:119,0
DA:120,0
DA:121,0
DA:122,0
DA:123,0
DA:124,0
DA:125,0
DA:126,0
DA:128,0
DA:131,0
DA:132,0
DA:133,0
DA:135,0
DA:137,1
DA:139,1
DA:140,1
DA:141,1
DA:142,1
DA:143,0
DA:144,0
DA:145,0
DA:147,1
DA:148,0
DA:150,1
DA:151,0
DA:153,1
DA:154,0
DA:155,0
DA:156,0
DA:157,0
DA:158,0
DA:159,0
DA:160,0
DA:161,0
DA:162,0
DA:164,0
DA:167,0
DA:168,0
DA:169,0
DA:171,0
DA:173,1
DA:175,1
DA:176,1
DA:177,1
DA:178,1
DA:179,0
DA:180,0
DA:181,0
DA:183,1
DA:184,0
DA:185,0
DA:186,0
DA:187,0
DA:190,1
DA:192,1
DA:193,1
DA:194,1
DA:195,1
DA:196,0
DA:197,0
DA:198,0
DA:200,1
DA:201,0
DA:203,1
DA:205,1
DA:206,1
DA:207,1
DA:208,1
DA:209,0
DA:210,0
DA:211,0
DA:213,1
DA:214,0
DA:215,0
DA:216,0
DA:217,0
DA:218,0
DA:221,0
DA:222,0
DA:223,0
DA:224,0
DA:227,0
DA:228,0
DA:229,0
DA:230,0
DA:233,0
DA:234,0
DA:235,0
DA:237,0
DA:238,0
DA:241,1
DA:242,0
DA:243,0
DA:244,0
DA:245,0
DA:247,0
DA:248,0
DA:250,0
DA:251,0
DA:253,0
DA:255,1
DA:256,0
DA:257,0
DA:258,0
DA:259,0
DA:262,0
DA:264,1
DA:265,0
DA:266,0
DA:268,0
DA:270,1
DA:271,0
DA:272,0
DA:274,0
DA:275,0
DA:276,0
DA:277,0
DA:279,0
DA:282,1
DA:283,0
DA:285,1
DA:286,0
DA:287,0
DA:288,0
DA:289,0
DA:290,0
DA:292,1
DA:293,0
DA:294,0
DA:295,0
DA:296,0
DA:297,0
DA:298,0
DA:299,0
DA:300,0
DA:301,0
DA:302,0
DA:303,0
DA:304,0
DA:305,0
DA:306,0
DA:307,0
DA:309,1
DA:311,1
LF:187
LH:60
BRDA:2,1,0,1
BRDA:2,1,1,1
BRDA:2,1,2,1
BRDA:3,2,0,1
BRDA:3,2,1,0
BRDA:3,2,2,0
BRDA:3,2,3,0
BRDA:5,3,0,0
BRDA:5,3,1,0
BRDA:9,4,0,0
BRDA:9,4,1,6
BRDA:78,5,0,0
BRDA:78,5,1,0
BRDA:83,6,0,0
BRDA:83,6,1,0
BRDA:96,7,0,0
BRDA:96,7,1,0
BRDA:96,7,2,0
BRDA:107,8,0,0
BRDA:107,8,1,0
BRDA:122,9,0,0
BRDA:122,9,1,0
BRDA:123,10,0,0
BRDA:123,10,1,0
BRDA:125,11,0,0
BRDA:125,11,1,0
BRDA:131,12,0,0
BRDA:131,12,1,0
BRDA:143,13,0,0
BRDA:143,13,1,0
BRDA:158,14,0,0
BRDA:158,14,1,0
BRDA:159,15,0,0
BRDA:159,15,1,0
BRDA:161,16,0,0
BRDA:161,16,1,0
BRDA:167,17,0,0
BRDA:167,17,1,0
BRDA:179,18,0,0
BRDA:179,18,1,0
BRDA:196,19,0,0
BRDA:196,19,1,0
BRDA:209,20,0,0
BRDA:209,20,1,0
BRDA:216,21,0,0
BRDA:216,21,1,0
BRDA:222,22,0,0
BRDA:222,22,1,0
BRDA:228,23,0,0
BRDA:228,23,1,0
BRDA:234,24,0,0
BRDA:234,24,1,0
BRDA:237,25,0,0
BRDA:237,25,1,0
BRDA:256,26,0,0
BRDA:256,26,1,0
BRDA:256,27,0,0
BRDA:256,27,1,0
BRDA:265,28,0,0
BRDA:265,28,1,0
BRDA:265,29,0,0
BRDA:265,29,1,0
BRDA:271,30,0,0
BRDA:271,30,1,0
BRDA:274,31,0,0
BRDA:274,31,1,0
BRDA:276,32,0,0
BRDA:276,32,1,0
BRDA:286,33,0,0
BRDA:286,33,1,0
BRDA:288,34,0,0
BRDA:288,34,1,0
BRDA:293,35,0,0
BRDA:293,35,1,0
BRDA:295,36,0,0
BRDA:295,36,1,0
BRDA:297,37,0,0
BRDA:297,37,1,0
BRDA:299,38,0,0
BRDA:299,38,1,0
BRDA:301,39,0,0
BRDA:301,39,1,0
BRDA:303,40,0,0
BRDA:303,40,1,0
BRDA:305,41,0,0
BRDA:305,41,1,0
BRF:86
BRH:5
end_of_record
